This is pdfTeX, Version 3.141592653-2.6-1.40.26 (TeX Live 2024/nixos.org) (preloaded format=pdflatex 1980.1.1)  31 OCT 2025 21:59
entering extended mode
 restricted \write18 enabled.
 %&-line parsing enabled.
**ai_ml_governance_enhanced_simple.tex
(./ai_ml_governance_enhanced_simple.tex
LaTeX2e <2024-11-01> patch level 2
L3 programming layer <2025-01-18>

(/nix/store/q4gbqp2pph3mw2jp5kwg0zlhwwwh3hx8-texlive-combined-full-2024-final-t
exmfdist/tex/latex/ieeetran/IEEEtran.cls
Document Class: IEEEtran 2015/08/26 V1.8b by Michael Shell
-- See the "IEEEtran_HOWTO" manual for usage information.
-- http://www.michaelshell.org/tex/ieeetran/
\@IEEEtrantmpdimenA=\dimen141
\@IEEEtrantmpdimenB=\dimen142
\@IEEEtrantmpdimenC=\dimen143
\@IEEEtrantmpcountA=\count196
\@IEEEtrantmpcountB=\count197
\@IEEEtrantmpcountC=\count198
\@IEEEtrantmptoksA=\toks17
LaTeX Font Info:    Trying to load font information for OT1+ptm on input line 5
03.

(/nix/store/q4gbqp2pph3mw2jp5kwg0zlhwwwh3hx8-texlive-combined-full-2024-final-t
exmfdist/tex/latex/psnfss/ot1ptm.fd
File: ot1ptm.fd 2001/06/04 font definitions for OT1/ptm.
)
-- Using 8.5in x 11in (letter) paper.
-- Using PDF output.
\@IEEEnormalsizeunitybaselineskip=\dimen144
-- This is a 10 point document.
\CLASSINFOnormalsizebaselineskip=\dimen145
\CLASSINFOnormalsizeunitybaselineskip=\dimen146
\IEEEnormaljot=\dimen147
LaTeX Font Info:    Font shape `OT1/ptm/bx/n' in size <5> not available
(Font)              Font shape `OT1/ptm/b/n' tried instead on input line 1090.
LaTeX Font Info:    Font shape `OT1/ptm/bx/it' in size <5> not available
(Font)              Font shape `OT1/ptm/b/it' tried instead on input line 1090.

LaTeX Font Info:    Font shape `OT1/ptm/bx/n' in size <7> not available
(Font)              Font shape `OT1/ptm/b/n' tried instead on input line 1090.
LaTeX Font Info:    Font shape `OT1/ptm/bx/it' in size <7> not available
(Font)              Font shape `OT1/ptm/b/it' tried instead on input line 1090.

LaTeX Font Info:    Font shape `OT1/ptm/bx/n' in size <8> not available
(Font)              Font shape `OT1/ptm/b/n' tried instead on input line 1090.
LaTeX Font Info:    Font shape `OT1/ptm/bx/it' in size <8> not available
(Font)              Font shape `OT1/ptm/b/it' tried instead on input line 1090.

LaTeX Font Info:    Font shape `OT1/ptm/bx/n' in size <9> not available
(Font)              Font shape `OT1/ptm/b/n' tried instead on input line 1090.
LaTeX Font Info:    Font shape `OT1/ptm/bx/it' in size <9> not available
(Font)              Font shape `OT1/ptm/b/it' tried instead on input line 1090.

LaTeX Font Info:    Font shape `OT1/ptm/bx/n' in size <10> not available
(Font)              Font shape `OT1/ptm/b/n' tried instead on input line 1090.
LaTeX Font Info:    Font shape `OT1/ptm/bx/it' in size <10> not available
(Font)              Font shape `OT1/ptm/b/it' tried instead on input line 1090.

LaTeX Font Info:    Font shape `OT1/ptm/bx/n' in size <11> not available
(Font)              Font shape `OT1/ptm/b/n' tried instead on input line 1090.
LaTeX Font Info:    Font shape `OT1/ptm/bx/it' in size <11> not available
(Font)              Font shape `OT1/ptm/b/it' tried instead on input line 1090.

LaTeX Font Info:    Font shape `OT1/ptm/bx/n' in size <12> not available
(Font)              Font shape `OT1/ptm/b/n' tried instead on input line 1090.
LaTeX Font Info:    Font shape `OT1/ptm/bx/it' in size <12> not available
(Font)              Font shape `OT1/ptm/b/it' tried instead on input line 1090.

LaTeX Font Info:    Font shape `OT1/ptm/bx/n' in size <17> not available
(Font)              Font shape `OT1/ptm/b/n' tried instead on input line 1090.
LaTeX Font Info:    Font shape `OT1/ptm/bx/it' in size <17> not available
(Font)              Font shape `OT1/ptm/b/it' tried instead on input line 1090.

LaTeX Font Info:    Font shape `OT1/ptm/bx/n' in size <20> not available
(Font)              Font shape `OT1/ptm/b/n' tried instead on input line 1090.
LaTeX Font Info:    Font shape `OT1/ptm/bx/it' in size <20> not available
(Font)              Font shape `OT1/ptm/b/it' tried instead on input line 1090.

LaTeX Font Info:    Font shape `OT1/ptm/bx/n' in size <24> not available
(Font)              Font shape `OT1/ptm/b/n' tried instead on input line 1090.
LaTeX Font Info:    Font shape `OT1/ptm/bx/it' in size <24> not available
(Font)              Font shape `OT1/ptm/b/it' tried instead on input line 1090.

\IEEEquantizedlength=\dimen148
\IEEEquantizedlengthdiff=\dimen149
\IEEEquantizedtextheightdiff=\dimen150
\IEEEilabelindentA=\dimen151
\IEEEilabelindentB=\dimen152
\IEEEilabelindent=\dimen153
\IEEEelabelindent=\dimen154
\IEEEdlabelindent=\dimen155
\IEEElabelindent=\dimen156
\IEEEiednormlabelsep=\dimen157
\IEEEiedmathlabelsep=\dimen158
\IEEEiedtopsep=\skip49
\c@section=\count199
\c@subsection=\count266
\c@subsubsection=\count267
\c@paragraph=\count268
\c@IEEEsubequation=\count269
\abovecaptionskip=\skip50
\belowcaptionskip=\skip51
\c@figure=\count270
\c@table=\count271
\@IEEEeqnnumcols=\count272
\@IEEEeqncolcnt=\count273
\@IEEEsubeqnnumrollback=\count274
\@IEEEquantizeheightA=\dimen159
\@IEEEquantizeheightB=\dimen160
\@IEEEquantizeheightC=\dimen161
\@IEEEquantizeprevdepth=\dimen162
\@IEEEquantizemultiple=\count275
\@IEEEquantizeboxA=\box52
\@IEEEtmpitemindent=\dimen163
\IEEEPARstartletwidth=\dimen164
\c@IEEEbiography=\count276
\@IEEEtranrubishbin=\box53
)
(/nix/store/q4gbqp2pph3mw2jp5kwg0zlhwwwh3hx8-texlive-combined-full-2024-final-t
exmfdist/tex/latex/base/inputenc.sty
Package: inputenc 2024/02/08 v1.3d Input encoding file
\inpenc@prehook=\toks18
\inpenc@posthook=\toks19
)
(/nix/store/q4gbqp2pph3mw2jp5kwg0zlhwwwh3hx8-texlive-combined-full-2024-final-t
exmfdist/tex/latex/amsmath/amsmath.sty
Package: amsmath 2024/11/05 v2.17t AMS math features
\@mathmargin=\skip52

For additional information on amsmath, use the `?' option.

(/nix/store/q4gbqp2pph3mw2jp5kwg0zlhwwwh3hx8-texlive-combined-full-2024-final-t
exmfdist/tex/latex/amsmath/amstext.sty
Package: amstext 2021/08/26 v2.01 AMS text

(/nix/store/q4gbqp2pph3mw2jp5kwg0zlhwwwh3hx8-texlive-combined-full-2024-final-t
exmfdist/tex/latex/amsmath/amsgen.sty
File: amsgen.sty 1999/11/30 v2.0 generic functions
\@emptytoks=\toks20
\ex@=\dimen165
))
(/nix/store/q4gbqp2pph3mw2jp5kwg0zlhwwwh3hx8-texlive-combined-full-2024-final-t
exmfdist/tex/latex/amsmath/amsbsy.sty
Package: amsbsy 1999/11/29 v1.2d Bold Symbols
\pmbraise@=\dimen166
)
(/nix/store/q4gbqp2pph3mw2jp5kwg0zlhwwwh3hx8-texlive-combined-full-2024-final-t
exmfdist/tex/latex/amsmath/amsopn.sty
Package: amsopn 2022/04/08 v2.04 operator names
)
\inf@bad=\count277
LaTeX Info: Redefining \frac on input line 233.
\uproot@=\count278
\leftroot@=\count279
LaTeX Info: Redefining \overline on input line 398.
LaTeX Info: Redefining \colon on input line 409.
\classnum@=\count280
\DOTSCASE@=\count281
LaTeX Info: Redefining \ldots on input line 495.
LaTeX Info: Redefining \dots on input line 498.
LaTeX Info: Redefining \cdots on input line 619.
\Mathstrutbox@=\box54
\strutbox@=\box55
LaTeX Info: Redefining \big on input line 721.
LaTeX Info: Redefining \Big on input line 722.
LaTeX Info: Redefining \bigg on input line 723.
LaTeX Info: Redefining \Bigg on input line 724.
\big@size=\dimen167
LaTeX Font Info:    Redeclaring font encoding OML on input line 742.
LaTeX Font Info:    Redeclaring font encoding OMS on input line 743.
\macc@depth=\count282
LaTeX Info: Redefining \bmod on input line 904.
LaTeX Info: Redefining \pmod on input line 909.
LaTeX Info: Redefining \smash on input line 939.
LaTeX Info: Redefining \relbar on input line 969.
LaTeX Info: Redefining \Relbar on input line 970.
\c@MaxMatrixCols=\count283
\dotsspace@=\muskip17
\c@parentequation=\count284
\dspbrk@lvl=\count285
\tag@help=\toks21
\row@=\count286
\column@=\count287
\maxfields@=\count288
\andhelp@=\toks22
\eqnshift@=\dimen168
\alignsep@=\dimen169
\tagshift@=\dimen170
\tagwidth@=\dimen171
\totwidth@=\dimen172
\lineht@=\dimen173
\@envbody=\toks23
\multlinegap=\skip53
\multlinetaggap=\skip54
\mathdisplay@stack=\toks24
LaTeX Info: Redefining \[ on input line 2953.
LaTeX Info: Redefining \] on input line 2954.
)
(/nix/store/q4gbqp2pph3mw2jp5kwg0zlhwwwh3hx8-texlive-combined-full-2024-final-t
exmfdist/tex/latex/amsfonts/amssymb.sty
Package: amssymb 2013/01/14 v3.01 AMS font symbols

(/nix/store/q4gbqp2pph3mw2jp5kwg0zlhwwwh3hx8-texlive-combined-full-2024-final-t
exmfdist/tex/latex/amsfonts/amsfonts.sty
Package: amsfonts 2013/01/14 v3.01 Basic AMSFonts support
\symAMSa=\mathgroup4
\symAMSb=\mathgroup5
LaTeX Font Info:    Redeclaring math symbol \hbar on input line 98.
LaTeX Font Info:    Overwriting math alphabet `\mathfrak' in version `bold'
(Font)                  U/euf/m/n --> U/euf/b/n on input line 106.
))
(/nix/store/q4gbqp2pph3mw2jp5kwg0zlhwwwh3hx8-texlive-combined-full-2024-final-t
exmfdist/tex/latex/algorithms/algorithmic.sty
Package: algorithmic 2009/08/24 v0.1 Document Style `algorithmic'

(/nix/store/q4gbqp2pph3mw2jp5kwg0zlhwwwh3hx8-texlive-combined-full-2024-final-t
exmfdist/tex/latex/base/ifthen.sty
Package: ifthen 2024/03/16 v1.1e Standard LaTeX ifthen package (DPC)
)
(/nix/store/q4gbqp2pph3mw2jp5kwg0zlhwwwh3hx8-texlive-combined-full-2024-final-t
exmfdist/tex/latex/graphics/keyval.sty
Package: keyval 2022/05/29 v1.15 key=value parser (DPC)
\KV@toks@=\toks25
)
\c@ALC@unique=\count289
\c@ALC@line=\count290
\c@ALC@rem=\count291
\c@ALC@depth=\count292
\ALC@tlm=\skip55
\algorithmicindent=\skip56
)
(/nix/store/q4gbqp2pph3mw2jp5kwg0zlhwwwh3hx8-texlive-combined-full-2024-final-t
exmfdist/tex/latex/graphics/graphicx.sty
Package: graphicx 2021/09/16 v1.2d Enhanced LaTeX Graphics (DPC,SPQR)

(/nix/store/q4gbqp2pph3mw2jp5kwg0zlhwwwh3hx8-texlive-combined-full-2024-final-t
exmfdist/tex/latex/graphics/graphics.sty
Package: graphics 2024/08/06 v1.4g Standard LaTeX Graphics (DPC,SPQR)

(/nix/store/q4gbqp2pph3mw2jp5kwg0zlhwwwh3hx8-texlive-combined-full-2024-final-t
exmfdist/tex/latex/graphics/trig.sty
Package: trig 2023/12/02 v1.11 sin cos tan (DPC)
)
(/nix/store/q4gbqp2pph3mw2jp5kwg0zlhwwwh3hx8-texlive-combined-full-2024-final-t
exmfdist/tex/latex/graphics-cfg/graphics.cfg
File: graphics.cfg 2016/06/04 v1.11 sample graphics configuration
)
Package graphics Info: Driver file: pdftex.def on input line 106.

(/nix/store/q4gbqp2pph3mw2jp5kwg0zlhwwwh3hx8-texlive-combined-full-2024-final-t
exmfdist/tex/latex/graphics-def/pdftex.def
File: pdftex.def 2024/04/13 v1.2c Graphics/color driver for pdftex
))
\Gin@req@height=\dimen174
\Gin@req@width=\dimen175
)
(/nix/store/q4gbqp2pph3mw2jp5kwg0zlhwwwh3hx8-texlive-combined-full-2024-final-t
exmfdist/tex/latex/base/textcomp.sty
Package: textcomp 2024/04/24 v2.1b Standard LaTeX package
)
(/nix/store/q4gbqp2pph3mw2jp5kwg0zlhwwwh3hx8-texlive-combined-full-2024-final-t
exmfdist/tex/latex/xcolor/xcolor.sty
Package: xcolor 2024/09/29 v3.02 LaTeX color extensions (UK)

(/nix/store/q4gbqp2pph3mw2jp5kwg0zlhwwwh3hx8-texlive-combined-full-2024-final-t
exmfdist/tex/latex/graphics-cfg/color.cfg
File: color.cfg 2016/01/02 v1.6 sample color configuration
)
Package xcolor Info: Driver file: pdftex.def on input line 274.

(/nix/store/q4gbqp2pph3mw2jp5kwg0zlhwwwh3hx8-texlive-combined-full-2024-final-t
exmfdist/tex/latex/graphics/mathcolor.ltx)
Package xcolor Info: Model `cmy' substituted by `cmy0' on input line 1349.
Package xcolor Info: Model `hsb' substituted by `rgb' on input line 1353.
Package xcolor Info: Model `RGB' extended on input line 1365.
Package xcolor Info: Model `HTML' substituted by `rgb' on input line 1367.
Package xcolor Info: Model `Hsb' substituted by `hsb' on input line 1368.
Package xcolor Info: Model `tHsb' substituted by `hsb' on input line 1369.
Package xcolor Info: Model `HSB' substituted by `hsb' on input line 1370.
Package xcolor Info: Model `Gray' substituted by `gray' on input line 1371.
Package xcolor Info: Model `wave' substituted by `hsb' on input line 1372.
)
(/nix/store/q4gbqp2pph3mw2jp5kwg0zlhwwwh3hx8-texlive-combined-full-2024-final-t
exmfdist/tex/latex/cite/cite.sty
LaTeX Info: Redefining \cite on input line 302.
LaTeX Info: Redefining \nocite on input line 332.
Package: cite 2015/02/27  v 5.5
)
(/nix/store/q4gbqp2pph3mw2jp5kwg0zlhwwwh3hx8-texlive-combined-full-2024-final-t
exmfdist/tex/latex/url/url.sty
\Urlmuskip=\muskip18
Package: url 2013/09/16  ver 3.4  Verb mode for urls, etc.
)
(/nix/store/q4gbqp2pph3mw2jp5kwg0zlhwwwh3hx8-texlive-combined-full-2024-final-t
exmfdist/tex/latex/hyperref/hyperref.sty
Package: hyperref 2024-11-05 v7.01l Hypertext links for LaTeX

(/nix/store/q4gbqp2pph3mw2jp5kwg0zlhwwwh3hx8-texlive-combined-full-2024-final-t
exmfdist/tex/generic/iftex/iftex.sty
Package: iftex 2024/12/12 v1.0g TeX engine tests
)
(/nix/store/q4gbqp2pph3mw2jp5kwg0zlhwwwh3hx8-texlive-combined-full-2024-final-t
exmfdist/tex/latex/kvsetkeys/kvsetkeys.sty
Package: kvsetkeys 2022-10-05 v1.19 Key value parser (HO)
)
(/nix/store/q4gbqp2pph3mw2jp5kwg0zlhwwwh3hx8-texlive-combined-full-2024-final-t
exmfdist/tex/generic/kvdefinekeys/kvdefinekeys.sty
Package: kvdefinekeys 2019-12-19 v1.6 Define keys (HO)
)
(/nix/store/q4gbqp2pph3mw2jp5kwg0zlhwwwh3hx8-texlive-combined-full-2024-final-t
exmfdist/tex/generic/pdfescape/pdfescape.sty
Package: pdfescape 2019/12/09 v1.15 Implements pdfTeX's escape features (HO)

(/nix/store/q4gbqp2pph3mw2jp5kwg0zlhwwwh3hx8-texlive-combined-full-2024-final-t
exmfdist/tex/generic/ltxcmds/ltxcmds.sty
Package: ltxcmds 2023-12-04 v1.26 LaTeX kernel commands for general use (HO)
)
(/nix/store/q4gbqp2pph3mw2jp5kwg0zlhwwwh3hx8-texlive-combined-full-2024-final-t
exmfdist/tex/generic/pdftexcmds/pdftexcmds.sty
Package: pdftexcmds 2020-06-27 v0.33 Utility functions of pdfTeX for LuaTeX (HO
)

(/nix/store/q4gbqp2pph3mw2jp5kwg0zlhwwwh3hx8-texlive-combined-full-2024-final-t
exmfdist/tex/generic/infwarerr/infwarerr.sty
Package: infwarerr 2019/12/03 v1.5 Providing info/warning/error messages (HO)
)
Package pdftexcmds Info: \pdf@primitive is available.
Package pdftexcmds Info: \pdf@ifprimitive is available.
Package pdftexcmds Info: \pdfdraftmode found.
))
(/nix/store/q4gbqp2pph3mw2jp5kwg0zlhwwwh3hx8-texlive-combined-full-2024-final-t
exmfdist/tex/latex/hycolor/hycolor.sty
Package: hycolor 2020-01-27 v1.10 Color options for hyperref/bookmark (HO)
)
(/nix/store/q4gbqp2pph3mw2jp5kwg0zlhwwwh3hx8-texlive-combined-full-2024-final-t
exmfdist/tex/latex/hyperref/nameref.sty
Package: nameref 2023-11-26 v2.56 Cross-referencing by name of section

(/nix/store/q4gbqp2pph3mw2jp5kwg0zlhwwwh3hx8-texlive-combined-full-2024-final-t
exmfdist/tex/latex/refcount/refcount.sty
Package: refcount 2019/12/15 v3.6 Data extraction from label references (HO)
)
(/nix/store/q4gbqp2pph3mw2jp5kwg0zlhwwwh3hx8-texlive-combined-full-2024-final-t
exmfdist/tex/generic/gettitlestring/gettitlestring.sty
Package: gettitlestring 2019/12/15 v1.6 Cleanup title references (HO)

(/nix/store/q4gbqp2pph3mw2jp5kwg0zlhwwwh3hx8-texlive-combined-full-2024-final-t
exmfdist/tex/latex/kvoptions/kvoptions.sty
Package: kvoptions 2022-06-15 v3.15 Key value format for package options (HO)
))
\c@section@level=\count293
)
(/nix/store/q4gbqp2pph3mw2jp5kwg0zlhwwwh3hx8-texlive-combined-full-2024-final-t
exmfdist/tex/latex/etoolbox/etoolbox.sty
Package: etoolbox 2025/02/11 v2.5l e-TeX tools for LaTeX (JAW)
\etb@tempcnta=\count294
)
(/nix/store/q4gbqp2pph3mw2jp5kwg0zlhwwwh3hx8-texlive-combined-full-2024-final-t
exmfdist/tex/generic/stringenc/stringenc.sty
Package: stringenc 2019/11/29 v1.12 Convert strings between diff. encodings (HO
)
)
\@linkdim=\dimen176
\Hy@linkcounter=\count295
\Hy@pagecounter=\count296

(/nix/store/q4gbqp2pph3mw2jp5kwg0zlhwwwh3hx8-texlive-combined-full-2024-final-t
exmfdist/tex/latex/hyperref/pd1enc.def
File: pd1enc.def 2024-11-05 v7.01l Hyperref: PDFDocEncoding definition (HO)
Now handling font encoding PD1 ...
... no UTF-8 mapping file for font encoding PD1
)
(/nix/store/q4gbqp2pph3mw2jp5kwg0zlhwwwh3hx8-texlive-combined-full-2024-final-t
exmfdist/tex/generic/intcalc/intcalc.sty
Package: intcalc 2019/12/15 v1.3 Expandable calculations with integers (HO)
)
\Hy@SavedSpaceFactor=\count297

(/nix/store/q4gbqp2pph3mw2jp5kwg0zlhwwwh3hx8-texlive-combined-full-2024-final-t
exmfdist/tex/latex/hyperref/puenc.def
File: puenc.def 2024-11-05 v7.01l Hyperref: PDF Unicode definition (HO)
Now handling font encoding PU ...
... no UTF-8 mapping file for font encoding PU
)
Package hyperref Info: Hyper figures OFF on input line 4157.
Package hyperref Info: Link nesting OFF on input line 4162.
Package hyperref Info: Hyper index ON on input line 4165.
Package hyperref Info: Plain pages OFF on input line 4172.
Package hyperref Info: Backreferencing OFF on input line 4177.
Package hyperref Info: Implicit mode ON; LaTeX internals redefined.
Package hyperref Info: Bookmarks ON on input line 4424.
\c@Hy@tempcnt=\count298
LaTeX Info: Redefining \url on input line 4763.
\XeTeXLinkMargin=\dimen177

(/nix/store/q4gbqp2pph3mw2jp5kwg0zlhwwwh3hx8-texlive-combined-full-2024-final-t
exmfdist/tex/generic/bitset/bitset.sty
Package: bitset 2019/12/09 v1.3 Handle bit-vector datatype (HO)

(/nix/store/q4gbqp2pph3mw2jp5kwg0zlhwwwh3hx8-texlive-combined-full-2024-final-t
exmfdist/tex/generic/bigintcalc/bigintcalc.sty
Package: bigintcalc 2019/12/15 v1.5 Expandable calculations on big integers (HO
)
))
\Fld@menulength=\count299
\Field@Width=\dimen178
\Fld@charsize=\dimen179
Package hyperref Info: Hyper figures OFF on input line 6042.
Package hyperref Info: Link nesting OFF on input line 6047.
Package hyperref Info: Hyper index ON on input line 6050.
Package hyperref Info: backreferencing OFF on input line 6057.
Package hyperref Info: Link coloring OFF on input line 6062.
Package hyperref Info: Link coloring with OCG OFF on input line 6067.
Package hyperref Info: PDF/A mode OFF on input line 6072.

(/nix/store/q4gbqp2pph3mw2jp5kwg0zlhwwwh3hx8-texlive-combined-full-2024-final-t
exmfdist/tex/latex/base/atbegshi-ltx.sty
Package: atbegshi-ltx 2021/01/10 v1.0c Emulation of the original atbegshi
package with kernel methods
)
\Hy@abspage=\count300
\c@Item=\count301
\c@Hfootnote=\count302
)
Package hyperref Info: Driver (autodetected): hpdftex.

(/nix/store/q4gbqp2pph3mw2jp5kwg0zlhwwwh3hx8-texlive-combined-full-2024-final-t
exmfdist/tex/latex/hyperref/hpdftex.def
File: hpdftex.def 2024-11-05 v7.01l Hyperref driver for pdfTeX

(/nix/store/q4gbqp2pph3mw2jp5kwg0zlhwwwh3hx8-texlive-combined-full-2024-final-t
exmfdist/tex/latex/base/atveryend-ltx.sty
Package: atveryend-ltx 2020/08/19 v1.0a Emulation of the original atveryend pac
kage
with kernel methods
)
\Fld@listcount=\count303
\c@bookmark@seq@number=\count304

(/nix/store/q4gbqp2pph3mw2jp5kwg0zlhwwwh3hx8-texlive-combined-full-2024-final-t
exmfdist/tex/latex/rerunfilecheck/rerunfilecheck.sty
Package: rerunfilecheck 2022-07-10 v1.10 Rerun checks for auxiliary files (HO)

(/nix/store/q4gbqp2pph3mw2jp5kwg0zlhwwwh3hx8-texlive-combined-full-2024-final-t
exmfdist/tex/generic/uniquecounter/uniquecounter.sty
Package: uniquecounter 2019/12/15 v1.4 Provide unlimited unique counter (HO)
)
Package uniquecounter Info: New unique counter `rerunfilecheck' on input line 2
85.
)
\Hy@SectionHShift=\skip57
)
(/nix/store/q4gbqp2pph3mw2jp5kwg0zlhwwwh3hx8-texlive-combined-full-2024-final-t
exmfdist/tex/latex/algorithms/algorithm.sty
Package: algorithm 2009/08/24 v0.1 Document Style `algorithm' - floating enviro
nment

(/nix/store/q4gbqp2pph3mw2jp5kwg0zlhwwwh3hx8-texlive-combined-full-2024-final-t
exmfdist/tex/latex/float/float.sty
Package: float 2001/11/08 v1.3d Float enhancements (AL)
\c@float@type=\count305
\float@exts=\toks26
\float@box=\box56
\@float@everytoks=\toks27
\@floatcapt=\box57
)
\@float@every@algorithm=\toks28
\c@algorithm=\count306
)
(/nix/store/q4gbqp2pph3mw2jp5kwg0zlhwwwh3hx8-texlive-combined-full-2024-final-t
exmfdist/tex/latex/multirow/multirow.sty
Package: multirow 2024/11/12 v2.9 Span multiple rows of a table
\multirow@colwidth=\skip58
\multirow@cntb=\count307
\multirow@dima=\skip59
\bigstrutjot=\dimen180
)
(/nix/store/q4gbqp2pph3mw2jp5kwg0zlhwwwh3hx8-texlive-combined-full-2024-final-t
exmfdist/tex/latex/booktabs/booktabs.sty
Package: booktabs 2020/01/12 v1.61803398 Publication quality tables
\heavyrulewidth=\dimen181
\lightrulewidth=\dimen182
\cmidrulewidth=\dimen183
\belowrulesep=\dimen184
\belowbottomsep=\dimen185
\aboverulesep=\dimen186
\abovetopsep=\dimen187
\cmidrulesep=\dimen188
\cmidrulekern=\dimen189
\defaultaddspace=\dimen190
\@cmidla=\count308
\@cmidlb=\count309
\@aboverulesep=\dimen191
\@belowrulesep=\dimen192
\@thisruleclass=\count310
\@lastruleclass=\count311
\@thisrulewidth=\dimen193
)
(/nix/store/q4gbqp2pph3mw2jp5kwg0zlhwwwh3hx8-texlive-combined-full-2024-final-t
exmfdist/tex/latex/pgfplots/pgfplots.sty
(/nix/store/q4gbqp2pph3mw2jp5kwg0zlhwwwh3hx8-texlive-combined-full-2024-final-t
exmfdist/tex/generic/pgfplots/pgfplots.revision.tex)
Package: pgfplots 2021/05/15 v1.18.1 Data Visualization (1.18.1)

(/nix/store/q4gbqp2pph3mw2jp5kwg0zlhwwwh3hx8-texlive-combined-full-2024-final-t
exmfdist/tex/latex/pgf/frontendlayer/tikz.sty
(/nix/store/q4gbqp2pph3mw2jp5kwg0zlhwwwh3hx8-texlive-combined-full-2024-final-t
exmfdist/tex/latex/pgf/basiclayer/pgf.sty
(/nix/store/q4gbqp2pph3mw2jp5kwg0zlhwwwh3hx8-texlive-combined-full-2024-final-t
exmfdist/tex/latex/pgf/utilities/pgfrcs.sty
(/nix/store/q4gbqp2pph3mw2jp5kwg0zlhwwwh3hx8-texlive-combined-full-2024-final-t
exmfdist/tex/generic/pgf/utilities/pgfutil-common.tex
\pgfutil@everybye=\toks29
\pgfutil@tempdima=\dimen194
\pgfutil@tempdimb=\dimen195
)
(/nix/store/q4gbqp2pph3mw2jp5kwg0zlhwwwh3hx8-texlive-combined-full-2024-final-t
exmfdist/tex/generic/pgf/utilities/pgfutil-latex.def
\pgfutil@abb=\box58
)
(/nix/store/q4gbqp2pph3mw2jp5kwg0zlhwwwh3hx8-texlive-combined-full-2024-final-t
exmfdist/tex/generic/pgf/utilities/pgfrcs.code.tex
(/nix/store/q4gbqp2pph3mw2jp5kwg0zlhwwwh3hx8-texlive-combined-full-2024-final-t
exmfdist/tex/generic/pgf/pgf.revision.tex)
Package: pgfrcs 2023-01-15 v3.1.10 (3.1.10)
))
Package: pgf 2023-01-15 v3.1.10 (3.1.10)

(/nix/store/q4gbqp2pph3mw2jp5kwg0zlhwwwh3hx8-texlive-combined-full-2024-final-t
exmfdist/tex/latex/pgf/basiclayer/pgfcore.sty
(/nix/store/q4gbqp2pph3mw2jp5kwg0zlhwwwh3hx8-texlive-combined-full-2024-final-t
exmfdist/tex/latex/pgf/systemlayer/pgfsys.sty
(/nix/store/q4gbqp2pph3mw2jp5kwg0zlhwwwh3hx8-texlive-combined-full-2024-final-t
exmfdist/tex/generic/pgf/systemlayer/pgfsys.code.tex
Package: pgfsys 2023-01-15 v3.1.10 (3.1.10)

(/nix/store/q4gbqp2pph3mw2jp5kwg0zlhwwwh3hx8-texlive-combined-full-2024-final-t
exmfdist/tex/generic/pgf/utilities/pgfkeys.code.tex
\pgfkeys@pathtoks=\toks30
\pgfkeys@temptoks=\toks31

(/nix/store/q4gbqp2pph3mw2jp5kwg0zlhwwwh3hx8-texlive-combined-full-2024-final-t
exmfdist/tex/generic/pgf/utilities/pgfkeyslibraryfiltered.code.tex
\pgfkeys@tmptoks=\toks32
))
\pgf@x=\dimen196
\pgf@y=\dimen197
\pgf@xa=\dimen198
\pgf@ya=\dimen199
\pgf@xb=\dimen256
\pgf@yb=\dimen257
\pgf@xc=\dimen258
\pgf@yc=\dimen259
\pgf@xd=\dimen260
\pgf@yd=\dimen261
\w@pgf@writea=\write3
\r@pgf@reada=\read2
\c@pgf@counta=\count312
\c@pgf@countb=\count313
\c@pgf@countc=\count314
\c@pgf@countd=\count315
\t@pgf@toka=\toks33
\t@pgf@tokb=\toks34
\t@pgf@tokc=\toks35
\pgf@sys@id@count=\count316

(/nix/store/q4gbqp2pph3mw2jp5kwg0zlhwwwh3hx8-texlive-combined-full-2024-final-t
exmfdist/tex/generic/pgf/systemlayer/pgf.cfg
File: pgf.cfg 2023-01-15 v3.1.10 (3.1.10)
)
Driver file for pgf: pgfsys-pdftex.def

(/nix/store/q4gbqp2pph3mw2jp5kwg0zlhwwwh3hx8-texlive-combined-full-2024-final-t
exmfdist/tex/generic/pgf/systemlayer/pgfsys-pdftex.def
File: pgfsys-pdftex.def 2023-01-15 v3.1.10 (3.1.10)

(/nix/store/q4gbqp2pph3mw2jp5kwg0zlhwwwh3hx8-texlive-combined-full-2024-final-t
exmfdist/tex/generic/pgf/systemlayer/pgfsys-common-pdf.def
File: pgfsys-common-pdf.def 2023-01-15 v3.1.10 (3.1.10)
)))
(/nix/store/q4gbqp2pph3mw2jp5kwg0zlhwwwh3hx8-texlive-combined-full-2024-final-t
exmfdist/tex/generic/pgf/systemlayer/pgfsyssoftpath.code.tex
File: pgfsyssoftpath.code.tex 2023-01-15 v3.1.10 (3.1.10)
\pgfsyssoftpath@smallbuffer@items=\count317
\pgfsyssoftpath@bigbuffer@items=\count318
)
(/nix/store/q4gbqp2pph3mw2jp5kwg0zlhwwwh3hx8-texlive-combined-full-2024-final-t
exmfdist/tex/generic/pgf/systemlayer/pgfsysprotocol.code.tex
File: pgfsysprotocol.code.tex 2023-01-15 v3.1.10 (3.1.10)
))
(/nix/store/q4gbqp2pph3mw2jp5kwg0zlhwwwh3hx8-texlive-combined-full-2024-final-t
exmfdist/tex/generic/pgf/basiclayer/pgfcore.code.tex
Package: pgfcore 2023-01-15 v3.1.10 (3.1.10)

(/nix/store/q4gbqp2pph3mw2jp5kwg0zlhwwwh3hx8-texlive-combined-full-2024-final-t
exmfdist/tex/generic/pgf/math/pgfmath.code.tex
(/nix/store/q4gbqp2pph3mw2jp5kwg0zlhwwwh3hx8-texlive-combined-full-2024-final-t
exmfdist/tex/generic/pgf/math/pgfmathutil.code.tex)
(/nix/store/q4gbqp2pph3mw2jp5kwg0zlhwwwh3hx8-texlive-combined-full-2024-final-t
exmfdist/tex/generic/pgf/math/pgfmathparser.code.tex
\pgfmath@dimen=\dimen262
\pgfmath@count=\count319
\pgfmath@box=\box59
\pgfmath@toks=\toks36
\pgfmath@stack@operand=\toks37
\pgfmath@stack@operation=\toks38
)
(/nix/store/q4gbqp2pph3mw2jp5kwg0zlhwwwh3hx8-texlive-combined-full-2024-final-t
exmfdist/tex/generic/pgf/math/pgfmathfunctions.code.tex)
(/nix/store/q4gbqp2pph3mw2jp5kwg0zlhwwwh3hx8-texlive-combined-full-2024-final-t
exmfdist/tex/generic/pgf/math/pgfmathfunctions.basic.code.tex)
(/nix/store/q4gbqp2pph3mw2jp5kwg0zlhwwwh3hx8-texlive-combined-full-2024-final-t
exmfdist/tex/generic/pgf/math/pgfmathfunctions.trigonometric.code.tex)
(/nix/store/q4gbqp2pph3mw2jp5kwg0zlhwwwh3hx8-texlive-combined-full-2024-final-t
exmfdist/tex/generic/pgf/math/pgfmathfunctions.random.code.tex)
(/nix/store/q4gbqp2pph3mw2jp5kwg0zlhwwwh3hx8-texlive-combined-full-2024-final-t
exmfdist/tex/generic/pgf/math/pgfmathfunctions.comparison.code.tex)
(/nix/store/q4gbqp2pph3mw2jp5kwg0zlhwwwh3hx8-texlive-combined-full-2024-final-t
exmfdist/tex/generic/pgf/math/pgfmathfunctions.base.code.tex)
(/nix/store/q4gbqp2pph3mw2jp5kwg0zlhwwwh3hx8-texlive-combined-full-2024-final-t
exmfdist/tex/generic/pgf/math/pgfmathfunctions.round.code.tex)
(/nix/store/q4gbqp2pph3mw2jp5kwg0zlhwwwh3hx8-texlive-combined-full-2024-final-t
exmfdist/tex/generic/pgf/math/pgfmathfunctions.misc.code.tex)
(/nix/store/q4gbqp2pph3mw2jp5kwg0zlhwwwh3hx8-texlive-combined-full-2024-final-t
exmfdist/tex/generic/pgf/math/pgfmathfunctions.integerarithmetics.code.tex)
(/nix/store/q4gbqp2pph3mw2jp5kwg0zlhwwwh3hx8-texlive-combined-full-2024-final-t
exmfdist/tex/generic/pgf/math/pgfmathcalc.code.tex)
(/nix/store/q4gbqp2pph3mw2jp5kwg0zlhwwwh3hx8-texlive-combined-full-2024-final-t
exmfdist/tex/generic/pgf/math/pgfmathfloat.code.tex
\c@pgfmathroundto@lastzeros=\count320
))
(/nix/store/q4gbqp2pph3mw2jp5kwg0zlhwwwh3hx8-texlive-combined-full-2024-final-t
exmfdist/tex/generic/pgf/math/pgfint.code.tex)
(/nix/store/q4gbqp2pph3mw2jp5kwg0zlhwwwh3hx8-texlive-combined-full-2024-final-t
exmfdist/tex/generic/pgf/basiclayer/pgfcorepoints.code.tex
File: pgfcorepoints.code.tex 2023-01-15 v3.1.10 (3.1.10)
\pgf@picminx=\dimen263
\pgf@picmaxx=\dimen264
\pgf@picminy=\dimen265
\pgf@picmaxy=\dimen266
\pgf@pathminx=\dimen267
\pgf@pathmaxx=\dimen268
\pgf@pathminy=\dimen269
\pgf@pathmaxy=\dimen270
\pgf@xx=\dimen271
\pgf@xy=\dimen272
\pgf@yx=\dimen273
\pgf@yy=\dimen274
\pgf@zx=\dimen275
\pgf@zy=\dimen276
)
(/nix/store/q4gbqp2pph3mw2jp5kwg0zlhwwwh3hx8-texlive-combined-full-2024-final-t
exmfdist/tex/generic/pgf/basiclayer/pgfcorepathconstruct.code.tex
File: pgfcorepathconstruct.code.tex 2023-01-15 v3.1.10 (3.1.10)
\pgf@path@lastx=\dimen277
\pgf@path@lasty=\dimen278
)
(/nix/store/q4gbqp2pph3mw2jp5kwg0zlhwwwh3hx8-texlive-combined-full-2024-final-t
exmfdist/tex/generic/pgf/basiclayer/pgfcorepathusage.code.tex
File: pgfcorepathusage.code.tex 2023-01-15 v3.1.10 (3.1.10)
\pgf@shorten@end@additional=\dimen279
\pgf@shorten@start@additional=\dimen280
)
(/nix/store/q4gbqp2pph3mw2jp5kwg0zlhwwwh3hx8-texlive-combined-full-2024-final-t
exmfdist/tex/generic/pgf/basiclayer/pgfcorescopes.code.tex
File: pgfcorescopes.code.tex 2023-01-15 v3.1.10 (3.1.10)
\pgfpic=\box60
\pgf@hbox=\box61
\pgf@layerbox@main=\box62
\pgf@picture@serial@count=\count321
)
(/nix/store/q4gbqp2pph3mw2jp5kwg0zlhwwwh3hx8-texlive-combined-full-2024-final-t
exmfdist/tex/generic/pgf/basiclayer/pgfcoregraphicstate.code.tex
File: pgfcoregraphicstate.code.tex 2023-01-15 v3.1.10 (3.1.10)
\pgflinewidth=\dimen281
)
(/nix/store/q4gbqp2pph3mw2jp5kwg0zlhwwwh3hx8-texlive-combined-full-2024-final-t
exmfdist/tex/generic/pgf/basiclayer/pgfcoretransformations.code.tex
File: pgfcoretransformations.code.tex 2023-01-15 v3.1.10 (3.1.10)
\pgf@pt@x=\dimen282
\pgf@pt@y=\dimen283
\pgf@pt@temp=\dimen284
)
(/nix/store/q4gbqp2pph3mw2jp5kwg0zlhwwwh3hx8-texlive-combined-full-2024-final-t
exmfdist/tex/generic/pgf/basiclayer/pgfcorequick.code.tex
File: pgfcorequick.code.tex 2023-01-15 v3.1.10 (3.1.10)
)
(/nix/store/q4gbqp2pph3mw2jp5kwg0zlhwwwh3hx8-texlive-combined-full-2024-final-t
exmfdist/tex/generic/pgf/basiclayer/pgfcoreobjects.code.tex
File: pgfcoreobjects.code.tex 2023-01-15 v3.1.10 (3.1.10)
)
(/nix/store/q4gbqp2pph3mw2jp5kwg0zlhwwwh3hx8-texlive-combined-full-2024-final-t
exmfdist/tex/generic/pgf/basiclayer/pgfcorepathprocessing.code.tex
File: pgfcorepathprocessing.code.tex 2023-01-15 v3.1.10 (3.1.10)
)
(/nix/store/q4gbqp2pph3mw2jp5kwg0zlhwwwh3hx8-texlive-combined-full-2024-final-t
exmfdist/tex/generic/pgf/basiclayer/pgfcorearrows.code.tex
File: pgfcorearrows.code.tex 2023-01-15 v3.1.10 (3.1.10)
\pgfarrowsep=\dimen285
)
(/nix/store/q4gbqp2pph3mw2jp5kwg0zlhwwwh3hx8-texlive-combined-full-2024-final-t
exmfdist/tex/generic/pgf/basiclayer/pgfcoreshade.code.tex
File: pgfcoreshade.code.tex 2023-01-15 v3.1.10 (3.1.10)
\pgf@max=\dimen286
\pgf@sys@shading@range@num=\count322
\pgf@shadingcount=\count323
)
(/nix/store/q4gbqp2pph3mw2jp5kwg0zlhwwwh3hx8-texlive-combined-full-2024-final-t
exmfdist/tex/generic/pgf/basiclayer/pgfcoreimage.code.tex
File: pgfcoreimage.code.tex 2023-01-15 v3.1.10 (3.1.10)
)
(/nix/store/q4gbqp2pph3mw2jp5kwg0zlhwwwh3hx8-texlive-combined-full-2024-final-t
exmfdist/tex/generic/pgf/basiclayer/pgfcoreexternal.code.tex
File: pgfcoreexternal.code.tex 2023-01-15 v3.1.10 (3.1.10)
\pgfexternal@startupbox=\box63
)
(/nix/store/q4gbqp2pph3mw2jp5kwg0zlhwwwh3hx8-texlive-combined-full-2024-final-t
exmfdist/tex/generic/pgf/basiclayer/pgfcorelayers.code.tex
File: pgfcorelayers.code.tex 2023-01-15 v3.1.10 (3.1.10)
)
(/nix/store/q4gbqp2pph3mw2jp5kwg0zlhwwwh3hx8-texlive-combined-full-2024-final-t
exmfdist/tex/generic/pgf/basiclayer/pgfcoretransparency.code.tex
File: pgfcoretransparency.code.tex 2023-01-15 v3.1.10 (3.1.10)
)
(/nix/store/q4gbqp2pph3mw2jp5kwg0zlhwwwh3hx8-texlive-combined-full-2024-final-t
exmfdist/tex/generic/pgf/basiclayer/pgfcorepatterns.code.tex
File: pgfcorepatterns.code.tex 2023-01-15 v3.1.10 (3.1.10)
)
(/nix/store/q4gbqp2pph3mw2jp5kwg0zlhwwwh3hx8-texlive-combined-full-2024-final-t
exmfdist/tex/generic/pgf/basiclayer/pgfcorerdf.code.tex
File: pgfcorerdf.code.tex 2023-01-15 v3.1.10 (3.1.10)
)))
(/nix/store/q4gbqp2pph3mw2jp5kwg0zlhwwwh3hx8-texlive-combined-full-2024-final-t
exmfdist/tex/generic/pgf/modules/pgfmoduleshapes.code.tex
File: pgfmoduleshapes.code.tex 2023-01-15 v3.1.10 (3.1.10)
\pgfnodeparttextbox=\box64
)
(/nix/store/q4gbqp2pph3mw2jp5kwg0zlhwwwh3hx8-texlive-combined-full-2024-final-t
exmfdist/tex/generic/pgf/modules/pgfmoduleplot.code.tex
File: pgfmoduleplot.code.tex 2023-01-15 v3.1.10 (3.1.10)
)
(/nix/store/q4gbqp2pph3mw2jp5kwg0zlhwwwh3hx8-texlive-combined-full-2024-final-t
exmfdist/tex/latex/pgf/compatibility/pgfcomp-version-0-65.sty
Package: pgfcomp-version-0-65 2023-01-15 v3.1.10 (3.1.10)
\pgf@nodesepstart=\dimen287
\pgf@nodesepend=\dimen288
)
(/nix/store/q4gbqp2pph3mw2jp5kwg0zlhwwwh3hx8-texlive-combined-full-2024-final-t
exmfdist/tex/latex/pgf/compatibility/pgfcomp-version-1-18.sty
Package: pgfcomp-version-1-18 2023-01-15 v3.1.10 (3.1.10)
))
(/nix/store/q4gbqp2pph3mw2jp5kwg0zlhwwwh3hx8-texlive-combined-full-2024-final-t
exmfdist/tex/latex/pgf/utilities/pgffor.sty
(/nix/store/q4gbqp2pph3mw2jp5kwg0zlhwwwh3hx8-texlive-combined-full-2024-final-t
exmfdist/tex/latex/pgf/utilities/pgfkeys.sty
(/nix/store/q4gbqp2pph3mw2jp5kwg0zlhwwwh3hx8-texlive-combined-full-2024-final-t
exmfdist/tex/generic/pgf/utilities/pgfkeys.code.tex))
(/nix/store/q4gbqp2pph3mw2jp5kwg0zlhwwwh3hx8-texlive-combined-full-2024-final-t
exmfdist/tex/latex/pgf/math/pgfmath.sty
(/nix/store/q4gbqp2pph3mw2jp5kwg0zlhwwwh3hx8-texlive-combined-full-2024-final-t
exmfdist/tex/generic/pgf/math/pgfmath.code.tex))
(/nix/store/q4gbqp2pph3mw2jp5kwg0zlhwwwh3hx8-texlive-combined-full-2024-final-t
exmfdist/tex/generic/pgf/utilities/pgffor.code.tex
Package: pgffor 2023-01-15 v3.1.10 (3.1.10)
\pgffor@iter=\dimen289
\pgffor@skip=\dimen290
\pgffor@stack=\toks39
\pgffor@toks=\toks40
))
(/nix/store/q4gbqp2pph3mw2jp5kwg0zlhwwwh3hx8-texlive-combined-full-2024-final-t
exmfdist/tex/generic/pgf/frontendlayer/tikz/tikz.code.tex
Package: tikz 2023-01-15 v3.1.10 (3.1.10)

(/nix/store/q4gbqp2pph3mw2jp5kwg0zlhwwwh3hx8-texlive-combined-full-2024-final-t
exmfdist/tex/generic/pgf/libraries/pgflibraryplothandlers.code.tex
File: pgflibraryplothandlers.code.tex 2023-01-15 v3.1.10 (3.1.10)
\pgf@plot@mark@count=\count324
\pgfplotmarksize=\dimen291
)
\tikz@lastx=\dimen292
\tikz@lasty=\dimen293
\tikz@lastxsaved=\dimen294
\tikz@lastysaved=\dimen295
\tikz@lastmovetox=\dimen296
\tikz@lastmovetoy=\dimen297
\tikzleveldistance=\dimen298
\tikzsiblingdistance=\dimen299
\tikz@figbox=\box65
\tikz@figbox@bg=\box66
\tikz@tempbox=\box67
\tikz@tempbox@bg=\box68
\tikztreelevel=\count325
\tikznumberofchildren=\count326
\tikznumberofcurrentchild=\count327
\tikz@fig@count=\count328

(/nix/store/q4gbqp2pph3mw2jp5kwg0zlhwwwh3hx8-texlive-combined-full-2024-final-t
exmfdist/tex/generic/pgf/modules/pgfmodulematrix.code.tex
File: pgfmodulematrix.code.tex 2023-01-15 v3.1.10 (3.1.10)
\pgfmatrixcurrentrow=\count329
\pgfmatrixcurrentcolumn=\count330
\pgf@matrix@numberofcolumns=\count331
)
\tikz@expandcount=\count332

(/nix/store/q4gbqp2pph3mw2jp5kwg0zlhwwwh3hx8-texlive-combined-full-2024-final-t
exmfdist/tex/generic/pgf/frontendlayer/tikz/libraries/tikzlibrarytopaths.code.t
ex
File: tikzlibrarytopaths.code.tex 2023-01-15 v3.1.10 (3.1.10)
)))
(/nix/store/q4gbqp2pph3mw2jp5kwg0zlhwwwh3hx8-texlive-combined-full-2024-final-t
exmfdist/tex/generic/pgfplots/pgfplots.code.tex
(/nix/store/q4gbqp2pph3mw2jp5kwg0zlhwwwh3hx8-texlive-combined-full-2024-final-t
exmfdist/tex/generic/pgfplots/pgfplotscore.code.tex
\t@pgfplots@toka=\toks41
\t@pgfplots@tokb=\toks42
\t@pgfplots@tokc=\toks43
\pgfplots@tmpa=\dimen300
\c@pgfplots@coordindex=\count333
\c@pgfplots@scanlineindex=\count334

(/nix/store/q4gbqp2pph3mw2jp5kwg0zlhwwwh3hx8-texlive-combined-full-2024-final-t
exmfdist/tex/generic/pgfplots/sys/pgfplotssysgeneric.code.tex))
(/nix/store/q4gbqp2pph3mw2jp5kwg0zlhwwwh3hx8-texlive-combined-full-2024-final-t
exmfdist/tex/generic/pgfplots/libs/pgfplotslibrary.code.tex)
(/nix/store/q4gbqp2pph3mw2jp5kwg0zlhwwwh3hx8-texlive-combined-full-2024-final-t
exmfdist/tex/generic/pgfplots/oldpgfcompatib/pgfplotsoldpgfsupp_loader.code.tex

(/nix/store/q4gbqp2pph3mw2jp5kwg0zlhwwwh3hx8-texlive-combined-full-2024-final-t
exmfdist/tex/generic/pgf/libraries/pgflibraryfpu.code.tex)
Package pgfplots: loading complementary utilities for your pgf version...
\t@pgf@toka=\toks44
\t@pgf@tokb=\toks45
\t@pgf@tokc=\toks46

(/nix/store/q4gbqp2pph3mw2jp5kwg0zlhwwwh3hx8-texlive-combined-full-2024-final-t
exmfdist/tex/generic/pgfplots/oldpgfcompatib/pgfplotsoldpgfsupp_pgfutil-common-
lists.tex))
(/nix/store/q4gbqp2pph3mw2jp5kwg0zlhwwwh3hx8-texlive-combined-full-2024-final-t
exmfdist/tex/generic/pgfplots/util/pgfplotsutil.code.tex
(/nix/store/q4gbqp2pph3mw2jp5kwg0zlhwwwh3hx8-texlive-combined-full-2024-final-t
exmfdist/tex/generic/pgfplots/liststructure/pgfplotsliststructure.code.tex)
(/nix/store/q4gbqp2pph3mw2jp5kwg0zlhwwwh3hx8-texlive-combined-full-2024-final-t
exmfdist/tex/generic/pgfplots/liststructure/pgfplotsliststructureext.code.tex)
(/nix/store/q4gbqp2pph3mw2jp5kwg0zlhwwwh3hx8-texlive-combined-full-2024-final-t
exmfdist/tex/generic/pgfplots/liststructure/pgfplotsarray.code.tex
\c@pgfplotsarray@tmp=\count335
)
(/nix/store/q4gbqp2pph3mw2jp5kwg0zlhwwwh3hx8-texlive-combined-full-2024-final-t
exmfdist/tex/generic/pgfplots/liststructure/pgfplotsmatrix.code.tex)
(/nix/store/q4gbqp2pph3mw2jp5kwg0zlhwwwh3hx8-texlive-combined-full-2024-final-t
exmfdist/tex/generic/pgfplots/numtable/pgfplotstableshared.code.tex
\c@pgfplotstable@counta=\count336
\t@pgfplotstable@a=\toks47
)
(/nix/store/q4gbqp2pph3mw2jp5kwg0zlhwwwh3hx8-texlive-combined-full-2024-final-t
exmfdist/tex/generic/pgfplots/liststructure/pgfplotsdeque.code.tex)
(/nix/store/q4gbqp2pph3mw2jp5kwg0zlhwwwh3hx8-texlive-combined-full-2024-final-t
exmfdist/tex/generic/pgfplots/util/pgfplotsbinary.code.tex
(/nix/store/q4gbqp2pph3mw2jp5kwg0zlhwwwh3hx8-texlive-combined-full-2024-final-t
exmfdist/tex/generic/pgfplots/util/pgfplotsbinary.data.code.tex))
(/nix/store/q4gbqp2pph3mw2jp5kwg0zlhwwwh3hx8-texlive-combined-full-2024-final-t
exmfdist/tex/generic/pgfplots/util/pgfplotsutil.verb.code.tex)
(/nix/store/q4gbqp2pph3mw2jp5kwg0zlhwwwh3hx8-texlive-combined-full-2024-final-t
exmfdist/tex/generic/pgfplots/libs/pgflibrarypgfplots.surfshading.code.tex
\c@pgfplotslibrarysurf@no=\count337

(/nix/store/q4gbqp2pph3mw2jp5kwg0zlhwwwh3hx8-texlive-combined-full-2024-final-t
exmfdist/tex/generic/pgfplots/sys/pgflibrarypgfplots.surfshading.pgfsys-pdftex.
def)))
(/nix/store/q4gbqp2pph3mw2jp5kwg0zlhwwwh3hx8-texlive-combined-full-2024-final-t
exmfdist/tex/generic/pgfplots/util/pgfplotscolormap.code.tex
(/nix/store/q4gbqp2pph3mw2jp5kwg0zlhwwwh3hx8-texlive-combined-full-2024-final-t
exmfdist/tex/generic/pgfplots/util/pgfplotscolor.code.tex))
(/nix/store/q4gbqp2pph3mw2jp5kwg0zlhwwwh3hx8-texlive-combined-full-2024-final-t
exmfdist/tex/generic/pgfplots/pgfplotsstackedplots.code.tex)
(/nix/store/q4gbqp2pph3mw2jp5kwg0zlhwwwh3hx8-texlive-combined-full-2024-final-t
exmfdist/tex/generic/pgfplots/pgfplotsplothandlers.code.tex
(/nix/store/q4gbqp2pph3mw2jp5kwg0zlhwwwh3hx8-texlive-combined-full-2024-final-t
exmfdist/tex/generic/pgfplots/pgfplotsmeshplothandler.code.tex
(/nix/store/q4gbqp2pph3mw2jp5kwg0zlhwwwh3hx8-texlive-combined-full-2024-final-t
exmfdist/tex/generic/pgfplots/pgfplotsmeshplotimage.code.tex)))
(/nix/store/q4gbqp2pph3mw2jp5kwg0zlhwwwh3hx8-texlive-combined-full-2024-final-t
exmfdist/tex/generic/pgfplots/pgfplots.scaling.code.tex)
(/nix/store/q4gbqp2pph3mw2jp5kwg0zlhwwwh3hx8-texlive-combined-full-2024-final-t
exmfdist/tex/generic/pgfplots/pgfplotscoordprocessing.code.tex)
(/nix/store/q4gbqp2pph3mw2jp5kwg0zlhwwwh3hx8-texlive-combined-full-2024-final-t
exmfdist/tex/generic/pgfplots/pgfplots.errorbars.code.tex)
(/nix/store/q4gbqp2pph3mw2jp5kwg0zlhwwwh3hx8-texlive-combined-full-2024-final-t
exmfdist/tex/generic/pgfplots/pgfplots.markers.code.tex)
(/nix/store/q4gbqp2pph3mw2jp5kwg0zlhwwwh3hx8-texlive-combined-full-2024-final-t
exmfdist/tex/generic/pgfplots/pgfplotsticks.code.tex)
(/nix/store/q4gbqp2pph3mw2jp5kwg0zlhwwwh3hx8-texlive-combined-full-2024-final-t
exmfdist/tex/generic/pgfplots/pgfplots.paths.code.tex)
(/nix/store/q4gbqp2pph3mw2jp5kwg0zlhwwwh3hx8-texlive-combined-full-2024-final-t
exmfdist/tex/generic/pgf/frontendlayer/tikz/libraries/tikzlibrarydecorations.co
de.tex
(/nix/store/q4gbqp2pph3mw2jp5kwg0zlhwwwh3hx8-texlive-combined-full-2024-final-t
exmfdist/tex/generic/pgf/modules/pgfmoduledecorations.code.tex
\pgfdecoratedcompleteddistance=\dimen301
\pgfdecoratedremainingdistance=\dimen302
\pgfdecoratedinputsegmentcompleteddistance=\dimen303
\pgfdecoratedinputsegmentremainingdistance=\dimen304
\pgf@decorate@distancetomove=\dimen305
\pgf@decorate@repeatstate=\count338
\pgfdecorationsegmentamplitude=\dimen306
\pgfdecorationsegmentlength=\dimen307
)
\tikz@lib@dec@box=\box69
)
(/nix/store/q4gbqp2pph3mw2jp5kwg0zlhwwwh3hx8-texlive-combined-full-2024-final-t
exmfdist/tex/generic/pgf/frontendlayer/tikz/libraries/tikzlibrarydecorations.pa
thmorphing.code.tex
(/nix/store/q4gbqp2pph3mw2jp5kwg0zlhwwwh3hx8-texlive-combined-full-2024-final-t
exmfdist/tex/generic/pgf/libraries/decorations/pgflibrarydecorations.pathmorphi
ng.code.tex))
(/nix/store/q4gbqp2pph3mw2jp5kwg0zlhwwwh3hx8-texlive-combined-full-2024-final-t
exmfdist/tex/generic/pgf/frontendlayer/tikz/libraries/tikzlibrarydecorations.pa
threplacing.code.tex
(/nix/store/q4gbqp2pph3mw2jp5kwg0zlhwwwh3hx8-texlive-combined-full-2024-final-t
exmfdist/tex/generic/pgf/libraries/decorations/pgflibrarydecorations.pathreplac
ing.code.tex))
(/nix/store/q4gbqp2pph3mw2jp5kwg0zlhwwwh3hx8-texlive-combined-full-2024-final-t
exmfdist/tex/generic/pgfplots/libs/tikzlibrarypgfplots.contourlua.code.tex)
\pgfplots@numplots=\count339
\pgfplots@xmin@reg=\dimen308
\pgfplots@xmax@reg=\dimen309
\pgfplots@ymin@reg=\dimen310
\pgfplots@ymax@reg=\dimen311
\pgfplots@zmin@reg=\dimen312
\pgfplots@zmax@reg=\dimen313
)
(/nix/store/q4gbqp2pph3mw2jp5kwg0zlhwwwh3hx8-texlive-combined-full-2024-final-t
exmfdist/tex/generic/pgf/frontendlayer/tikz/libraries/tikzlibraryplotmarks.code
.tex
File: tikzlibraryplotmarks.code.tex 2023-01-15 v3.1.10 (3.1.10)

(/nix/store/q4gbqp2pph3mw2jp5kwg0zlhwwwh3hx8-texlive-combined-full-2024-final-t
exmfdist/tex/generic/pgf/libraries/pgflibraryplotmarks.code.tex
File: pgflibraryplotmarks.code.tex 2023-01-15 v3.1.10 (3.1.10)
)))
(/nix/store/q4gbqp2pph3mw2jp5kwg0zlhwwwh3hx8-texlive-combined-full-2024-final-t
exmfdist/tex/latex/caption/caption.sty
Package: caption 2023/08/05 v3.6o Customizing captions (AR)

(/nix/store/q4gbqp2pph3mw2jp5kwg0zlhwwwh3hx8-texlive-combined-full-2024-final-t
exmfdist/tex/latex/caption/caption3.sty
Package: caption3 2023/07/31 v2.4d caption3 kernel (AR)
\caption@tempdima=\dimen314
\captionmargin=\dimen315
\caption@leftmargin=\dimen316
\caption@rightmargin=\dimen317
\caption@width=\dimen318
\caption@indent=\dimen319
\caption@parindent=\dimen320
\caption@hangindent=\dimen321
Package caption Info: Unknown document class (or package),
(caption)             standard defaults will be used.
Package caption Info: \@makecaption = \long macro:#1#2->\ifx \@captype \@IEEEta
blestring \footnotesize \bgroup \par \centering \@IEEEtabletopskipstrut {\norma
lfont \footnotesize #1}\\{\normalfont \footnotesize \scshape #2}\par \addvspace
 {0.5\baselineskip }\egroup \@IEEEtablecaptionsepspace \else \@IEEEfigurecaptio
nsepspace \setbox \@tempboxa \hbox {\normalfont \footnotesize {#1.}\nobreakspac
e \nobreakspace #2}\ifdim \wd \@tempboxa >\hsize \setbox \@tempboxa \hbox {\nor
malfont \footnotesize {#1.}\nobreakspace \nobreakspace }\parbox [t]{\hsize }{\n
ormalfont \footnotesize \noindent \unhbox \@tempboxa #2}\else \ifCLASSOPTIONcon
ference \hbox to\hsize {\normalfont \footnotesize \hfil \box \@tempboxa \hfil }
\else \hbox to\hsize {\normalfont \footnotesize \box \@tempboxa \hfil }\fi \fi 
\fi  on input line 1175.
)

Package caption Warning: Unknown document class (or package),
(caption)                standard defaults will be used.
See the caption package documentation for explanation.

\c@caption@flags=\count340
\c@continuedfloat=\count341
Package caption Info: float package is loaded.
Package caption Info: hyperref package is loaded.
)
(/nix/store/q4gbqp2pph3mw2jp5kwg0zlhwwwh3hx8-texlive-combined-full-2024-final-t
exmfdist/tex/latex/l3backend/l3backend-pdftex.def
File: l3backend-pdftex.def 2024-05-08 L3 backend support: PDF output (pdfTeX)
\l__color_backend_stack_int=\count342
\l__pdf_internal_box=\box70
)
(./ai_ml_governance_enhanced_simple.aux)
\openout1 = `ai_ml_governance_enhanced_simple.aux'.

LaTeX Font Info:    Checking defaults for OML/cmm/m/it on input line 32.
LaTeX Font Info:    ... okay on input line 32.
LaTeX Font Info:    Checking defaults for OMS/cmsy/m/n on input line 32.
LaTeX Font Info:    ... okay on input line 32.
LaTeX Font Info:    Checking defaults for OT1/cmr/m/n on input line 32.
LaTeX Font Info:    ... okay on input line 32.
LaTeX Font Info:    Checking defaults for T1/cmr/m/n on input line 32.
LaTeX Font Info:    ... okay on input line 32.
LaTeX Font Info:    Checking defaults for TS1/cmr/m/n on input line 32.
LaTeX Font Info:    ... okay on input line 32.
LaTeX Font Info:    Checking defaults for OMX/cmex/m/n on input line 32.
LaTeX Font Info:    ... okay on input line 32.
LaTeX Font Info:    Checking defaults for U/cmr/m/n on input line 32.
LaTeX Font Info:    ... okay on input line 32.
LaTeX Font Info:    Checking defaults for PD1/pdf/m/n on input line 32.
LaTeX Font Info:    ... okay on input line 32.
LaTeX Font Info:    Checking defaults for PU/pdf/m/n on input line 32.
LaTeX Font Info:    ... okay on input line 32.

-- Lines per column: 56 (exact).

(/nix/store/q4gbqp2pph3mw2jp5kwg0zlhwwwh3hx8-texlive-combined-full-2024-final-t
exmfdist/tex/context/base/mkii/supp-pdf.mkii
[Loading MPS to PDF converter (version 2006.09.02).]
\scratchcounter=\count343
\scratchdimen=\dimen322
\scratchbox=\box71
\nofMPsegments=\count344
\nofMParguments=\count345
\everyMPshowfont=\toks48
\MPscratchCnt=\count346
\MPscratchDim=\dimen323
\MPnumerator=\count347
\makeMPintoPDFobject=\count348
\everyMPtoPDFconversion=\toks49
)
(/nix/store/q4gbqp2pph3mw2jp5kwg0zlhwwwh3hx8-texlive-combined-full-2024-final-t
exmfdist/tex/latex/epstopdf-pkg/epstopdf-base.sty
Package: epstopdf-base 2020-01-24 v2.11 Base part for package epstopdf
Package epstopdf-base Info: Redefining graphics rule for `.eps' on input line 4
85.

(/nix/store/q4gbqp2pph3mw2jp5kwg0zlhwwwh3hx8-texlive-combined-full-2024-final-t
exmfdist/tex/latex/latexconfig/epstopdf-sys.cfg
File: epstopdf-sys.cfg 2010/07/13 v1.3 Configuration of (r)epstopdf for TeX Liv
e
))
Package hyperref Info: Link coloring OFF on input line 32.

(./ai_ml_governance_enhanced_simple.out)
(./ai_ml_governance_enhanced_simple.out)
\@outlinefile=\write4
\openout4 = `ai_ml_governance_enhanced_simple.out'.



Package pgfplots Warning: running in backwards compatibility mode (unsuitable t
ick labels; missing features). Consider writing \pgfplotsset{compat=1.18} into 
your preamble.
 on input line 32.

Package caption Info: Begin \AtBeginDocument code.
Package caption Info: End \AtBeginDocument code.

LaTeX Warning: Citation `russell2019human' on page 1 undefined on input line 46
.


LaTeX Warning: Citation `dafoe2020ai' on page 1 undefined on input line 46.


LaTeX Warning: Citation `christiano2017deep' on page 1 undefined on input line 
46.


LaTeX Warning: Citation `binns2018fairness' on page 1 undefined on input line 4
6.


LaTeX Warning: Citation `barocas2016big' on page 1 undefined on input line 48.


LaTeX Warning: Citation `algorithmic_decision_making_2018' on page 1 undefined 
on input line 48.


LaTeX Warning: Citation `collaborative_intelligence_2018' on page 1 undefined o
n input line 48.


LaTeX Warning: Citation `human_ai_collaboration_2019' on page 1 undefined on in
put line 48.

LaTeX Font Info:    Trying to load font information for U+msa on input line 52.


(/nix/store/q4gbqp2pph3mw2jp5kwg0zlhwwwh3hx8-texlive-combined-full-2024-final-t
exmfdist/tex/latex/amsfonts/umsa.fd
File: umsa.fd 2013/01/14 v3.01 AMS symbols A
)
LaTeX Font Info:    Trying to load font information for U+msb on input line 52.


(/nix/store/q4gbqp2pph3mw2jp5kwg0zlhwwwh3hx8-texlive-combined-full-2024-final-t
exmfdist/tex/latex/amsfonts/umsb.fd
File: umsb.fd 2013/01/14 v3.01 AMS symbols B
)

LaTeX Warning: Citation `hadfield2019cooperative' on page 1 undefined on input 
line 52.


LaTeX Warning: Citation `value_alignment_2020' on page 1 undefined on input lin
e 53.


LaTeX Warning: Citation `explainable_ai_2019' on page 1 undefined on input line
 54.


Underfull \hbox (badness 2671) in paragraph at lines 54--55
[]\OT1/ptm/m/n/10 Explainable AI mech-a-nisms main-tain-ing demo-cratic
 []


LaTeX Warning: Citation `democratic_ai_2021' on page 1 undefined on input line 
55.




LaTeX Warning: Citation `trustworthy_ai_2019' on page 1 undefined on input line
 56.


LaTeX Warning: Citation `brandt2016handbook' on page 1 undefined on input line 
63.


LaTeX Warning: Citation `nisan2007algorithmic' on page 1 undefined on input lin
e 63.


LaTeX Warning: Citation `algorithmic_governance_2020' on page 1 undefined on in
put line 65.


LaTeX Warning: Citation `ai_governance_framework_2022' on page 1 undefined on i
nput line 65.


LaTeX Warning: Citation `trustworthy_ai_2019' on page 1 undefined on input line
 65.


LaTeX Warning: Citation `stone2000multiagent' on page 1 undefined on input line
 69.


LaTeX Warning: Citation `shoham2008multiagent' on page 1 undefined on input lin
e 69.


LaTeX Warning: Citation `collaborative_intelligence_2018' on page 1 undefined o
n input line 69.


LaTeX Warning: Citation `russell2019human' on page 1 undefined on input line 71
.


LaTeX Warning: Citation `value_alignment_2020' on page 1 undefined on input lin
e 71.


LaTeX Warning: Citation `christiano2017deep' on page 1 undefined on input line 
71.


LaTeX Warning: Citation `explainable_ai_2019' on page 1 undefined on input line
 75.


LaTeX Warning: Citation `hofstede2010cultures' on page 1 undefined on input lin
e 79.


LaTeX Warning: Citation `kumar2020cultural' on page 1 undefined on input line 7
9.



[1{/nix/store/w5jd5nxqccmd8wx3dfna0b41lsy0fkzg-texlive-combined-full-2024-final
/share/texmf-var/fonts/map/pdftex/updmap/pdftex.map}{/nix/store/q4gbqp2pph3mw2j
p5kwg0zlhwwwh3hx8-texlive-combined-full-2024-final-texmfdist/fonts/enc/dvips/ba
se/8r.enc}


]
Package hyperref Info: bookmark level for unknown algorithm defaults to 0 on in
put line 122.



Overfull \hbox (146.34818pt too wide) in paragraph at lines 219--220
 [][] 
 []



[2]

LaTeX Warning: Citation `hofstede2010cultures' on page 3 undefined on input lin
e 237.

LaTeX Font Info:    Trying to load font information for TS1+ptm on input line 2
72.

(/nix/store/q4gbqp2pph3mw2jp5kwg0zlhwwwh3hx8-texlive-combined-full-2024-final-t
exmfdist/tex/latex/psnfss/ts1ptm.fd
File: ts1ptm.fd 2001/06/04 font definitions for TS1/ptm.
)

LaTeX Warning: File `cultural_preservation.pdf' not found on input line 284.


! Package pdftex.def Error: File `cultural_preservation.pdf' not found: using d
raft setting.

See the pdftex.def package documentation for explanation.
Type  H <return>  for immediate help.
 ...                                              
                                                  
l.284 ....48\textwidth]{cultural_preservation.pdf}
                                                  
Try typing  <return>  to proceed.
If that doesn't work, type  X <return>  to quit.

LaTeX Font Info:    Trying to load font information for OT1+pcr on input line 2
84.

(/nix/store/q4gbqp2pph3mw2jp5kwg0zlhwwwh3hx8-texlive-combined-full-2024-final-t
exmfdist/tex/latex/psnfss/ot1pcr.fd
File: ot1pcr.fd 2001/06/04 font definitions for OT1/pcr.
)



[3]
Overfull \hbox (137.21945pt too wide) in paragraph at lines 348--349
 [][] 
 []


Underfull \vbox (badness 4981) has occurred while \output is active []




Underfull \hbox (badness 1735) in paragraph at lines 433--434
\OT1/ptm/m/n/10 while en-hanc-ing demo-cratic decision-making ca-pa-bil-i-ties.

 []



[4]
Underfull \hbox (badness 4366) in paragraph at lines 439--440
[]\OT1/ptm/m/n/10 The scal-a-bil-ity anal-y-sis and multi-country val-i-da-tion

 []


** Conference Paper **
Before submitting the final camera ready copy, remember to:

 1. Manually equalize the lengths of two columns on the last page
 of your paper;

 2. Ensure that any PostScript and/or PDF output post-processing
 uses only Type 1 fonts and that every step in the generation
 process uses the appropriate paper size.





[5

] (./ai_ml_governance_enhanced_simple.aux)
 ***********
LaTeX2e <2024-11-01> patch level 2
L3 programming layer <2025-01-18>
 ***********


LaTeX Warning: There were undefined references.


Package rerunfilecheck Warning: File `ai_ml_governance_enhanced_simple.out' has
 changed.
(rerunfilecheck)                Rerun to get outlines right
(rerunfilecheck)                or use package `bookmark'.

Package rerunfilecheck Info: Checksums for `ai_ml_governance_enhanced_simple.ou
t':
(rerunfilecheck)             Before: 878CC646BAC9CAB854DE49D8E733413D;3528
(rerunfilecheck)             After:  AF05B140FFD17250201351DD485C422E;6198.
 ) 
Here is how much of TeX's memory you used:
 33279 strings out of 473201
 793698 string characters out of 5689025
 1284728 words of memory out of 5000000
 55950 multiletter control sequences out of 15000+600000
 596331 words of font info for 110 fonts, out of 8000000 for 9000
 1141 hyphenation exceptions out of 8191
 99i,8n,101p,1090b,823s stack positions out of 10000i,1000n,20000p,200000b,200000s
</nix/store/q4gbqp2pph3mw2jp5kwg0zlhwwwh3hx8-texlive-combined-full-2024-final
-texmfdist/fonts/type1/public/amsfonts/cm/cmex10.pfb></nix/store/q4gbqp2pph3mw2
jp5kwg0zlhwwwh3hx8-texlive-combined-full-2024-final-texmfdist/fonts/type1/publi
c/amsfonts/cm/cmmi10.pfb></nix/store/q4gbqp2pph3mw2jp5kwg0zlhwwwh3hx8-texlive-c
ombined-full-2024-final-texmfdist/fonts/type1/public/amsfonts/cm/cmmi7.pfb></ni
x/store/q4gbqp2pph3mw2jp5kwg0zlhwwwh3hx8-texlive-combined-full-2024-final-texmf
dist/fonts/type1/public/amsfonts/cm/cmr10.pfb></nix/store/q4gbqp2pph3mw2jp5kwg0
zlhwwwh3hx8-texlive-combined-full-2024-final-texmfdist/fonts/type1/public/amsfo
nts/cm/cmr7.pfb></nix/store/q4gbqp2pph3mw2jp5kwg0zlhwwwh3hx8-texlive-combined-f
ull-2024-final-texmfdist/fonts/type1/public/amsfonts/cm/cmsy10.pfb></nix/store/
q4gbqp2pph3mw2jp5kwg0zlhwwwh3hx8-texlive-combined-full-2024-final-texmfdist/fon
ts/type1/public/amsfonts/cm/cmsy5.pfb></nix/store/q4gbqp2pph3mw2jp5kwg0zlhwwwh3
hx8-texlive-combined-full-2024-final-texmfdist/fonts/type1/public/amsfonts/cm/c
msy7.pfb></nix/store/q4gbqp2pph3mw2jp5kwg0zlhwwwh3hx8-texlive-combined-full-202
4-final-texmfdist/fonts/type1/public/amsfonts/symbols/msbm10.pfb></nix/store/q4
gbqp2pph3mw2jp5kwg0zlhwwwh3hx8-texlive-combined-full-2024-final-texmfdist/fonts
/type1/urw/courier/ucrr8a.pfb></nix/store/q4gbqp2pph3mw2jp5kwg0zlhwwwh3hx8-texl
ive-combined-full-2024-final-texmfdist/fonts/type1/urw/times/utmb8a.pfb></nix/s
tore/q4gbqp2pph3mw2jp5kwg0zlhwwwh3hx8-texlive-combined-full-2024-final-texmfdis
t/fonts/type1/urw/times/utmbi8a.pfb></nix/store/q4gbqp2pph3mw2jp5kwg0zlhwwwh3hx
8-texlive-combined-full-2024-final-texmfdist/fonts/type1/urw/times/utmr8a.pfb><
/nix/store/q4gbqp2pph3mw2jp5kwg0zlhwwwh3hx8-texlive-combined-full-2024-final-te
xmfdist/fonts/type1/urw/times/utmri8a.pfb>
Output written on ai_ml_governance_enhanced_simple.pdf (5 pages, 193406 bytes).

PDF statistics:
 229 PDF objects out of 1000 (max. 8388607)
 192 compressed objects within 2 object streams
 71 named destinations out of 1000 (max. 500000)
 133 words of extra memory for PDF output out of 10000 (max. 10000000)

