\BOOKMARK [1][-]{section.1}{\376\377\000I\000n\000t\000r\000o\000d\000u\000c\000t\000i\000o\000n}{}% 1
\BOOKMARK [1][-]{section.2}{\376\377\000T\000h\000e\000o\000r\000e\000t\000i\000c\000a\000l\000\040\000F\000r\000a\000m\000e\000w\000o\000r\000k}{}% 2
\BOOKMARK [2][-]{subsection.2.1}{\376\377\000Q\000u\000a\000n\000t\000u\000m\000\040\000M\000o\000d\000e\000l\000s\000\040\000o\000f\000\040\000H\000u\000m\000a\000n\000\040\000C\000o\000g\000n\000i\000t\000i\000o\000n}{section.2}% 3
\BOOKMARK [2][-]{subsection.2.2}{\376\377\000C\000o\000l\000l\000e\000c\000t\000i\000v\000e\000\040\000Q\000u\000a\000n\000t\000u\000m\000\040\000C\000o\000n\000s\000c\000i\000o\000u\000s\000n\000e\000s\000s}{section.2}% 4
\BOOKMARK [2][-]{subsection.2.3}{\376\377\000C\000u\000l\000t\000u\000r\000a\000l\000\040\000A\000d\000a\000p\000t\000a\000t\000i\000o\000n\000\040\000M\000e\000c\000h\000a\000n\000i\000s\000m\000s}{section.2}% 5
\BOOKMARK [1][-]{section.3}{\376\377\000P\000s\000y\000c\000h\000o\000l\000o\000g\000i\000c\000a\000l\000\040\000B\000i\000a\000s\000\040\000M\000i\000t\000i\000g\000a\000t\000i\000o\000n}{}% 6
\BOOKMARK [2][-]{subsection.3.1}{\376\377\000C\000o\000n\000f\000i\000r\000m\000a\000t\000i\000o\000n\000\040\000B\000i\000a\000s\000\040\000R\000e\000d\000u\000c\000t\000i\000o\000n}{section.3}% 7
\BOOKMARK [2][-]{subsection.3.2}{\376\377\000A\000n\000c\000h\000o\000r\000i\000n\000g\000\040\000B\000i\000a\000s\000\040\000M\000i\000t\000i\000g\000a\000t\000i\000o\000n}{section.3}% 8
\BOOKMARK [2][-]{subsection.3.3}{\376\377\000G\000r\000o\000u\000p\000t\000h\000i\000n\000k\000\040\000P\000r\000e\000v\000e\000n\000t\000i\000o\000n}{section.3}% 9
\BOOKMARK [1][-]{section.4}{\376\377\000C\000r\000o\000s\000s\000-\000C\000u\000l\000t\000u\000r\000a\000l\000\040\000E\000x\000p\000e\000r\000i\000m\000e\000n\000t\000a\000l\000\040\000D\000e\000s\000i\000g\000n}{}% 10
\BOOKMARK [2][-]{subsection.4.1}{\376\377\000G\000l\000o\000b\000a\000l\000\040\000P\000a\000r\000t\000i\000c\000i\000p\000a\000n\000t\000\040\000D\000e\000m\000o\000g\000r\000a\000p\000h\000i\000c\000s}{section.4}% 11
\BOOKMARK [2][-]{subsection.4.2}{\376\377\000E\000x\000p\000e\000r\000i\000m\000e\000n\000t\000a\000l\000\040\000C\000o\000n\000d\000i\000t\000i\000o\000n\000s}{section.4}% 12
\BOOKMARK [1][-]{section.5}{\376\377\000P\000s\000y\000c\000h\000o\000l\000o\000g\000i\000c\000a\000l\000\040\000M\000e\000a\000s\000u\000r\000e\000m\000e\000n\000t\000\040\000I\000n\000s\000t\000r\000u\000m\000e\000n\000t\000s}{}% 13
\BOOKMARK [2][-]{subsection.5.1}{\376\377\000C\000o\000g\000n\000i\000t\000i\000v\000e\000\040\000B\000i\000a\000s\000\040\000A\000s\000s\000e\000s\000s\000m\000e\000n\000t\000s}{section.5}% 14
\BOOKMARK [2][-]{subsection.5.2}{\376\377\000C\000u\000l\000t\000u\000r\000a\000l\000\040\000V\000a\000l\000u\000e\000\040\000O\000r\000i\000e\000n\000t\000a\000t\000i\000o\000n\000s}{section.5}% 15
\BOOKMARK [2][-]{subsection.5.3}{\376\377\000W\000e\000l\000l\000-\000b\000e\000i\000n\000g\000\040\000a\000n\000d\000\040\000S\000a\000t\000i\000s\000f\000a\000c\000t\000i\000o\000n\000\040\000M\000e\000a\000s\000u\000r\000e\000s}{section.5}% 16
\BOOKMARK [1][-]{section.6}{\376\377\000E\000x\000p\000e\000r\000i\000m\000e\000n\000t\000a\000l\000\040\000R\000e\000s\000u\000l\000t\000s}{}% 17
\BOOKMARK [2][-]{subsection.6.1}{\376\377\000B\000i\000a\000s\000\040\000R\000e\000d\000u\000c\000t\000i\000o\000n\000\040\000O\000u\000t\000c\000o\000m\000e\000s}{section.6}% 18
\BOOKMARK [2][-]{subsection.6.2}{\376\377\000C\000r\000o\000s\000s\000-\000C\000u\000l\000t\000u\000r\000a\000l\000\040\000C\000o\000n\000s\000e\000n\000s\000u\000s\000\040\000B\000u\000i\000l\000d\000i\000n\000g}{section.6}% 19
\BOOKMARK [2][-]{subsection.6.3}{\376\377\000P\000s\000y\000c\000h\000o\000l\000o\000g\000i\000c\000a\000l\000\040\000W\000e\000l\000l\000-\000b\000e\000i\000n\000g\000\040\000O\000u\000t\000c\000o\000m\000e\000s}{section.6}% 20
\BOOKMARK [1][-]{section.7}{\376\377\000B\000e\000h\000a\000v\000i\000o\000r\000a\000l\000\040\000E\000c\000o\000n\000o\000m\000i\000c\000\040\000A\000n\000a\000l\000y\000s\000i\000s}{}% 21
\BOOKMARK [2][-]{subsection.7.1}{\376\377\000I\000n\000c\000e\000n\000t\000i\000v\000e\000\040\000S\000t\000r\000u\000c\000t\000u\000r\000e\000\040\000O\000p\000t\000i\000m\000i\000z\000a\000t\000i\000o\000n}{section.7}% 22
\BOOKMARK [3][-]{subsubsection.7.1.1}{\376\377\000P\000r\000o\000b\000a\000b\000i\000l\000i\000t\000y\000\040\000W\000e\000i\000g\000h\000t\000i\000n\000g\000\040\000F\000u\000n\000c\000t\000i\000o\000n\000s}{subsection.7.1}% 23
\BOOKMARK [3][-]{subsubsection.7.1.2}{\376\377\000T\000i\000m\000e\000\040\000P\000r\000e\000f\000e\000r\000e\000n\000c\000e\000\040\000M\000o\000d\000e\000l\000i\000n\000g}{subsection.7.1}% 24
\BOOKMARK [2][-]{subsection.7.2}{\376\377\000C\000o\000l\000l\000e\000c\000t\000i\000v\000e\000\040\000A\000c\000t\000i\000o\000n\000\040\000S\000o\000l\000u\000t\000i\000o\000n\000s}{section.7}% 25
\BOOKMARK [1][-]{section.8}{\376\377\000C\000u\000l\000t\000u\000r\000a\000l\000\040\000A\000d\000a\000p\000t\000a\000t\000i\000o\000n\000\040\000M\000e\000c\000h\000a\000n\000i\000s\000m\000s}{}% 26
\BOOKMARK [2][-]{subsection.8.1}{\376\377\000V\000a\000l\000u\000e\000\040\000S\000y\000s\000t\000e\000m\000\040\000I\000n\000t\000e\000g\000r\000a\000t\000i\000o\000n}{section.8}% 27
\BOOKMARK [2][-]{subsection.8.2}{\376\377\000C\000o\000m\000m\000u\000n\000i\000c\000a\000t\000i\000o\000n\000\040\000S\000t\000y\000l\000e\000\040\000A\000d\000a\000p\000t\000a\000t\000i\000o\000n}{section.8}% 28
\BOOKMARK [2][-]{subsection.8.3}{\376\377\000D\000e\000c\000i\000s\000i\000o\000n\000-\000M\000a\000k\000i\000n\000g\000\040\000T\000i\000m\000e\000l\000i\000n\000e\000\040\000P\000r\000e\000f\000e\000r\000e\000n\000c\000e\000s}{section.8}% 29
\BOOKMARK [1][-]{section.9}{\376\377\000L\000o\000n\000g\000i\000t\000u\000d\000i\000n\000a\000l\000\040\000A\000n\000a\000l\000y\000s\000i\000s}{}% 30
\BOOKMARK [2][-]{subsection.9.1}{\376\377\000L\000e\000a\000r\000n\000i\000n\000g\000\040\000a\000n\000d\000\040\000A\000d\000a\000p\000t\000a\000t\000i\000o\000n}{section.9}% 31
\BOOKMARK [2][-]{subsection.9.2}{\376\377\000C\000u\000l\000t\000u\000r\000a\000l\000\040\000C\000o\000n\000v\000e\000r\000g\000e\000n\000c\000e\000\040\000v\000s\000.\000\040\000D\000i\000v\000e\000r\000g\000e\000n\000c\000e}{section.9}% 32
\BOOKMARK [1][-]{section.10}{\376\377\000P\000s\000y\000c\000h\000o\000l\000o\000g\000i\000c\000a\000l\000\040\000M\000e\000c\000h\000a\000n\000i\000s\000m\000s}{}% 33
\BOOKMARK [2][-]{subsection.10.1}{\376\377\000C\000o\000g\000n\000i\000t\000i\000v\000e\000\040\000L\000o\000a\000d\000\040\000R\000e\000d\000u\000c\000t\000i\000o\000n}{section.10}% 34
\BOOKMARK [2][-]{subsection.10.2}{\376\377\000E\000m\000p\000a\000t\000h\000y\000\040\000E\000n\000h\000a\000n\000c\000e\000m\000e\000n\000t}{section.10}% 35
\BOOKMARK [2][-]{subsection.10.3}{\376\377\000U\000n\000c\000e\000r\000t\000a\000i\000n\000t\000y\000\040\000T\000o\000l\000e\000r\000a\000n\000c\000e}{section.10}% 36
\BOOKMARK [1][-]{section.11}{\376\377\000M\000e\000n\000t\000a\000l\000\040\000H\000e\000a\000l\000t\000h\000\040\000O\000u\000t\000c\000o\000m\000e\000s}{}% 37
\BOOKMARK [2][-]{subsection.11.1}{\376\377\000A\000n\000x\000i\000e\000t\000y\000\040\000a\000n\000d\000\040\000S\000t\000r\000e\000s\000s\000\040\000R\000e\000d\000u\000c\000t\000i\000o\000n}{section.11}% 38
\BOOKMARK [2][-]{subsection.11.2}{\376\377\000F\000l\000o\000w\000\040\000S\000t\000a\000t\000e\000\040\000I\000n\000d\000u\000c\000t\000i\000o\000n}{section.11}% 39
\BOOKMARK [1][-]{section.12}{\376\377\000I\000n\000d\000i\000v\000i\000d\000u\000a\000l\000\040\000D\000i\000f\000f\000e\000r\000e\000n\000c\000e\000s}{}% 40
\BOOKMARK [2][-]{subsection.12.1}{\376\377\000P\000e\000r\000s\000o\000n\000a\000l\000i\000t\000y\000\040\000F\000a\000c\000t\000o\000r\000\040\000I\000n\000t\000e\000r\000a\000c\000t\000i\000o\000n\000s}{section.12}% 41
\BOOKMARK [2][-]{subsection.12.2}{\376\377\000C\000o\000g\000n\000i\000t\000i\000v\000e\000\040\000S\000t\000y\000l\000e\000\040\000A\000d\000a\000p\000t\000a\000t\000i\000o\000n\000s}{section.12}% 42
\BOOKMARK [1][-]{section.13}{\376\377\000I\000m\000p\000l\000e\000m\000e\000n\000t\000a\000t\000i\000o\000n\000\040\000G\000u\000i\000d\000e\000l\000i\000n\000e\000s}{}% 43
\BOOKMARK [2][-]{subsection.13.1}{\376\377\000C\000u\000l\000t\000u\000r\000a\000l\000\040\000S\000e\000n\000s\000i\000t\000i\000v\000i\000t\000y\000\040\000P\000r\000o\000t\000o\000c\000o\000l\000s}{section.13}% 44
\BOOKMARK [2][-]{subsection.13.2}{\376\377\000P\000s\000y\000c\000h\000o\000l\000o\000g\000i\000c\000a\000l\000\040\000S\000u\000p\000p\000o\000r\000t\000\040\000S\000y\000s\000t\000e\000m\000s}{section.13}% 45
\BOOKMARK [1][-]{section.14}{\376\377\000E\000t\000h\000i\000c\000a\000l\000\040\000C\000o\000n\000s\000i\000d\000e\000r\000a\000t\000i\000o\000n\000s}{}% 46
\BOOKMARK [2][-]{subsection.14.1}{\376\377\000A\000u\000t\000o\000n\000o\000m\000y\000\040\000P\000r\000e\000s\000e\000r\000v\000a\000t\000i\000o\000n}{section.14}% 47
\BOOKMARK [2][-]{subsection.14.2}{\376\377\000M\000a\000n\000i\000p\000u\000l\000a\000t\000i\000o\000n\000\040\000P\000r\000e\000v\000e\000n\000t\000i\000o\000n}{section.14}% 48
\BOOKMARK [1][-]{section.15}{\376\377\000F\000u\000t\000u\000r\000e\000\040\000R\000e\000s\000e\000a\000r\000c\000h\000\040\000D\000i\000r\000e\000c\000t\000i\000o\000n\000s}{}% 49
\BOOKMARK [2][-]{subsection.15.1}{\376\377\000N\000e\000u\000r\000o\000s\000c\000i\000e\000n\000t\000i\000f\000i\000c\000\040\000V\000a\000l\000i\000d\000a\000t\000i\000o\000n}{section.15}% 50
\BOOKMARK [2][-]{subsection.15.2}{\376\377\000D\000e\000v\000e\000l\000o\000p\000m\000e\000n\000t\000a\000l\000\040\000P\000s\000y\000c\000h\000o\000l\000o\000g\000y}{section.15}% 51
\BOOKMARK [1][-]{section.16}{\376\377\000L\000i\000m\000i\000t\000a\000t\000i\000o\000n\000s\000\040\000a\000n\000d\000\040\000F\000u\000t\000u\000r\000e\000\040\000W\000o\000r\000k}{}% 52
\BOOKMARK [2][-]{subsection.16.1}{\376\377\000S\000t\000u\000d\000y\000\040\000L\000i\000m\000i\000t\000a\000t\000i\000o\000n\000s}{section.16}% 53
\BOOKMARK [2][-]{subsection.16.2}{\376\377\000F\000u\000t\000u\000r\000e\000\040\000I\000n\000v\000e\000s\000t\000i\000g\000a\000t\000i\000o\000n\000s}{section.16}% 54
\BOOKMARK [1][-]{section.17}{\376\377\000C\000o\000n\000c\000l\000u\000s\000i\000o\000n}{}% 55
