\BOOKMARK [1][-]{section.1}{\376\377\000I\000n\000t\000r\000o\000d\000u\000c\000t\000i\000o\000n}{}% 1
\BOOKMARK [1][-]{section.2}{\376\377\000S\000y\000s\000t\000e\000m\000\040\000A\000r\000c\000h\000i\000t\000e\000c\000t\000u\000r\000e}{}% 2
\BOOKMARK [2][-]{subsection.2.1}{\376\377\000Q\000u\000a\000n\000t\000u\000m\000-\000B\000l\000o\000c\000k\000c\000h\000a\000i\000n\000\040\000H\000y\000b\000r\000i\000d\000\040\000D\000e\000s\000i\000g\000n}{section.2}% 3
\BOOKMARK [2][-]{subsection.2.2}{\376\377\000N\000e\000t\000w\000o\000r\000k\000\040\000T\000o\000p\000o\000l\000o\000g\000y}{section.2}% 4
\BOOKMARK [1][-]{section.3}{\376\377\000Q\000u\000a\000n\000t\000u\000m\000\040\000C\000o\000n\000s\000e\000n\000s\000u\000s\000\040\000A\000l\000g\000o\000r\000i\000t\000h\000m}{}% 5
\BOOKMARK [2][-]{subsection.3.1}{\376\377\000E\000n\000t\000a\000n\000g\000l\000e\000d\000\040\000B\000y\000z\000a\000n\000t\000i\000n\000e\000\040\000F\000a\000u\000l\000t\000\040\000T\000o\000l\000e\000r\000a\000n\000c\000e\000\040\000\050\000E\000B\000F\000T\000\051}{section.3}% 6
\BOOKMARK [2][-]{subsection.3.2}{\376\377\000S\000e\000c\000u\000r\000i\000t\000y\000\040\000A\000n\000a\000l\000y\000s\000i\000s}{section.3}% 7
\BOOKMARK [2][-]{subsection.3.3}{\376\377\000F\000i\000n\000a\000l\000i\000t\000y\000\040\000G\000u\000a\000r\000a\000n\000t\000e\000e\000s}{section.3}% 8
\BOOKMARK [1][-]{section.4}{\376\377\000S\000c\000a\000l\000a\000b\000i\000l\000i\000t\000y\000\040\000S\000o\000l\000u\000t\000i\000o\000n\000s}{}% 9
\BOOKMARK [2][-]{subsection.4.1}{\376\377\000Q\000u\000a\000n\000t\000u\000m\000\040\000S\000h\000a\000r\000d\000i\000n\000g\000\040\000P\000r\000o\000t\000o\000c\000o\000l}{section.4}% 10
\BOOKMARK [3][-]{subsubsection.4.1.1}{\376\377\000C\000r\000o\000s\000s\000-\000S\000h\000a\000r\000d\000\040\000C\000o\000m\000m\000u\000n\000i\000c\000a\000t\000i\000o\000n}{subsection.4.1}% 11
\BOOKMARK [2][-]{subsection.4.2}{\376\377\000P\000e\000r\000f\000o\000r\000m\000a\000n\000c\000e\000\040\000A\000n\000a\000l\000y\000s\000i\000s}{section.4}% 12
\BOOKMARK [1][-]{section.5}{\376\377\000S\000m\000a\000r\000t\000\040\000C\000o\000n\000t\000r\000a\000c\000t\000\040\000F\000r\000a\000m\000e\000w\000o\000r\000k}{}% 13
\BOOKMARK [2][-]{subsection.5.1}{\376\377\000Q\000u\000a\000n\000t\000u\000m\000\040\000S\000m\000a\000r\000t\000\040\000C\000o\000n\000t\000r\000a\000c\000t\000s\000\040\000\050\000Q\000S\000C\000\051}{section.5}% 14
\BOOKMARK [2][-]{subsection.5.2}{\376\377\000D\000e\000m\000o\000c\000r\000a\000t\000i\000c\000\040\000V\000o\000t\000i\000n\000g\000\040\000C\000o\000n\000t\000r\000a\000c\000t}{section.5}% 15
\BOOKMARK [1][-]{section.6}{\376\377\000S\000e\000c\000u\000r\000i\000t\000y\000\040\000F\000r\000a\000m\000e\000w\000o\000r\000k}{}% 16
\BOOKMARK [2][-]{subsection.6.1}{\376\377\000Q\000u\000a\000n\000t\000u\000m\000\040\000C\000r\000y\000p\000t\000o\000g\000r\000a\000p\000h\000i\000c\000\040\000P\000r\000o\000t\000o\000c\000o\000l\000s}{section.6}% 17
\BOOKMARK [3][-]{subsubsection.6.1.1}{\376\377\000Q\000u\000a\000n\000t\000u\000m\000\040\000K\000e\000y\000\040\000D\000i\000s\000t\000r\000i\000b\000u\000t\000i\000o\000n\000\040\000\050\000Q\000K\000D\000\051}{subsection.6.1}% 18
\BOOKMARK [2][-]{subsection.6.2}{\376\377\000A\000t\000t\000a\000c\000k\000\040\000R\000e\000s\000i\000s\000t\000a\000n\000c\000e}{section.6}% 19
\BOOKMARK [3][-]{subsubsection.6.2.1}{\376\377\000Q\000u\000a\000n\000t\000u\000m\000\040\000A\000t\000t\000a\000c\000k\000\040\000M\000i\000t\000i\000g\000a\000t\000i\000o\000n}{subsection.6.2}% 20
\BOOKMARK [2][-]{subsection.6.3}{\376\377\000F\000o\000r\000m\000a\000l\000\040\000S\000e\000c\000u\000r\000i\000t\000y\000\040\000M\000o\000d\000e\000l}{section.6}% 21
\BOOKMARK [1][-]{section.7}{\376\377\000D\000i\000s\000t\000r\000i\000b\000u\000t\000e\000d\000\040\000G\000o\000v\000e\000r\000n\000a\000n\000c\000e\000\040\000P\000r\000o\000t\000o\000c\000o\000l\000s}{}% 22
\BOOKMARK [2][-]{subsection.7.1}{\376\377\000Q\000u\000a\000n\000t\000u\000m\000\040\000V\000o\000t\000i\000n\000g\000\040\000S\000y\000s\000t\000e\000m\000s}{section.7}% 23
\BOOKMARK [3][-]{subsubsection.7.1.1}{\376\377\000L\000i\000q\000u\000i\000d\000\040\000D\000e\000m\000o\000c\000r\000a\000c\000y\000\040\000w\000i\000t\000h\000\040\000Q\000u\000a\000n\000t\000u\000m\000\040\000D\000e\000l\000e\000g\000a\000t\000i\000o\000n}{subsection.7.1}% 24
\BOOKMARK [2][-]{subsection.7.2}{\376\377\000P\000r\000o\000p\000o\000s\000a\000l\000\040\000L\000i\000f\000e\000c\000y\000c\000l\000e\000\040\000M\000a\000n\000a\000g\000e\000m\000e\000n\000t}{section.7}% 25
\BOOKMARK [1][-]{section.8}{\376\377\000N\000e\000t\000w\000o\000r\000k\000\040\000E\000f\000f\000e\000c\000t\000s\000\040\000a\000n\000d\000\040\000S\000c\000a\000l\000a\000b\000i\000l\000i\000t\000y}{}% 26
\BOOKMARK [2][-]{subsection.8.1}{\376\377\000Q\000u\000a\000n\000t\000u\000m\000\040\000N\000e\000t\000w\000o\000r\000k\000\040\000G\000r\000o\000w\000t\000h}{section.8}% 27
\BOOKMARK [2][-]{subsection.8.2}{\376\377\000S\000t\000o\000r\000a\000g\000e\000\040\000E\000f\000f\000i\000c\000i\000e\000n\000c\000y}{section.8}% 28
\BOOKMARK [1][-]{section.9}{\376\377\000E\000x\000p\000e\000r\000i\000m\000e\000n\000t\000a\000l\000\040\000D\000e\000p\000l\000o\000y\000m\000e\000n\000t}{}% 29
\BOOKMARK [2][-]{subsection.9.1}{\376\377\000T\000e\000s\000t\000n\000e\000t\000\040\000I\000m\000p\000l\000e\000m\000e\000n\000t\000a\000t\000i\000o\000n}{section.9}% 30
\BOOKMARK [2][-]{subsection.9.2}{\376\377\000L\000o\000a\000d\000\040\000T\000e\000s\000t\000i\000n\000g\000\040\000R\000e\000s\000u\000l\000t\000s}{section.9}% 31
\BOOKMARK [1][-]{section.10}{\376\377\000R\000e\000a\000l\000-\000W\000o\000r\000l\000d\000\040\000A\000p\000p\000l\000i\000c\000a\000t\000i\000o\000n\000s}{}% 32
\BOOKMARK [2][-]{subsection.10.1}{\376\377\000N\000a\000t\000i\000o\000n\000-\000S\000c\000a\000l\000e\000\040\000D\000e\000p\000l\000o\000y\000m\000e\000n\000t}{section.10}% 33
\BOOKMARK [2][-]{subsection.10.2}{\376\377\000C\000o\000r\000p\000o\000r\000a\000t\000e\000\040\000G\000o\000v\000e\000r\000n\000a\000n\000c\000e}{section.10}% 34
\BOOKMARK [1][-]{section.11}{\376\377\000I\000n\000t\000e\000r\000o\000p\000e\000r\000a\000b\000i\000l\000i\000t\000y\000\040\000a\000n\000d\000\040\000S\000t\000a\000n\000d\000a\000r\000d\000s}{}% 35
\BOOKMARK [2][-]{subsection.11.1}{\376\377\000Q\000u\000a\000n\000t\000u\000m\000\040\000B\000l\000o\000c\000k\000c\000h\000a\000i\000n\000\040\000I\000n\000t\000e\000r\000o\000p\000e\000r\000a\000b\000i\000l\000i\000t\000y\000\040\000P\000r\000o\000t\000o\000c\000o\000l\000\040\000\050\000Q\000B\000I\000P\000\051}{section.11}% 36
\BOOKMARK [2][-]{subsection.11.2}{\376\377\000I\000n\000t\000e\000g\000r\000a\000t\000i\000o\000n\000\040\000w\000i\000t\000h\000\040\000E\000x\000i\000s\000t\000i\000n\000g\000\040\000S\000y\000s\000t\000e\000m\000s}{section.11}% 37
\BOOKMARK [1][-]{section.12}{\376\377\000E\000c\000o\000n\000o\000m\000i\000c\000\040\000M\000o\000d\000e\000l}{}% 38
\BOOKMARK [2][-]{subsection.12.1}{\376\377\000T\000o\000k\000e\000n\000o\000m\000i\000c\000s}{section.12}% 39
\BOOKMARK [2][-]{subsection.12.2}{\376\377\000I\000n\000c\000e\000n\000t\000i\000v\000e\000\040\000M\000e\000c\000h\000a\000n\000i\000s\000m\000s}{section.12}% 40
\BOOKMARK [1][-]{section.13}{\376\377\000P\000r\000i\000v\000a\000c\000y\000\040\000a\000n\000d\000\040\000T\000r\000a\000n\000s\000p\000a\000r\000e\000n\000c\000y}{}% 41
\BOOKMARK [2][-]{subsection.13.1}{\376\377\000Q\000u\000a\000n\000t\000u\000m\000\040\000P\000r\000i\000v\000a\000c\000y}{section.13}% 42
\BOOKMARK [2][-]{subsection.13.2}{\376\377\000R\000e\000g\000u\000l\000a\000t\000o\000r\000y\000\040\000C\000o\000m\000p\000l\000i\000a\000n\000c\000e}{section.13}% 43
\BOOKMARK [1][-]{section.14}{\376\377\000F\000u\000t\000u\000r\000e\000\040\000R\000e\000s\000e\000a\000r\000c\000h\000\040\000D\000i\000r\000e\000c\000t\000i\000o\000n\000s}{}% 44
\BOOKMARK [2][-]{subsection.14.1}{\376\377\000T\000e\000c\000h\000n\000i\000c\000a\000l\000\040\000I\000m\000p\000r\000o\000v\000e\000m\000e\000n\000t\000s}{section.14}% 45
\BOOKMARK [2][-]{subsection.14.2}{\376\377\000A\000p\000p\000l\000i\000c\000a\000t\000i\000o\000n\000\040\000E\000x\000t\000e\000n\000s\000i\000o\000n\000s}{section.14}% 46
\BOOKMARK [1][-]{section.15}{\376\377\000C\000o\000n\000c\000l\000u\000s\000i\000o\000n}{}% 47
\BOOKMARK [1][-]{section*.2}{\376\377\000R\000e\000f\000e\000r\000e\000n\000c\000e\000s}{}% 48
