This is pdfTeX, Version 3.141592653-2.6-1.40.26 (TeX Live 2024/nixos.org) (preloaded format=pdflatex 1980.1.1)  10 OCT 2025 14:50
entering extended mode
 restricted \write18 enabled.
 %&-line parsing enabled.
**QuantumGov_Quantum_Computing_Paper.tex
(./QuantumGov_Quantum_Computing_Paper.tex
LaTeX2e <2024-11-01> patch level 2
L3 programming layer <2025-01-18>

(/nix/store/8mcr3f08yjjh45c153xzqbm3pzny45mg-texlive-combined-full-2024-final-t
exmfdist/tex/latex/ieeetran/IEEEtran.cls
Document Class: IEEEtran 2015/08/26 V1.8b by Michael Shell
-- See the "IEEEtran_HOWTO" manual for usage information.
-- http://www.michaelshell.org/tex/ieeetran/
\@IEEEtrantmpdimenA=\dimen141
\@IEEEtrantmpdimenB=\dimen142
\@IEEEtrantmpdimenC=\dimen143
\@IEEEtrantmpcountA=\count196
\@IEEEtrantmpcountB=\count197
\@IEEEtrantmpcountC=\count198
\@IEEEtrantmptoksA=\toks17
LaTeX Font Info:    Trying to load font information for OT1+ptm on input line 5
03.

(/nix/store/8mcr3f08yjjh45c153xzqbm3pzny45mg-texlive-combined-full-2024-final-t
exmfdist/tex/latex/psnfss/ot1ptm.fd
File: ot1ptm.fd 2001/06/04 font definitions for OT1/ptm.
)
-- Using 8.5in x 11in (letter) paper.
-- Using PDF output.
\@IEEEnormalsizeunitybaselineskip=\dimen144
-- This is a 10 point document.
\CLASSINFOnormalsizebaselineskip=\dimen145
\CLASSINFOnormalsizeunitybaselineskip=\dimen146
\IEEEnormaljot=\dimen147
LaTeX Font Info:    Font shape `OT1/ptm/bx/n' in size <5> not available
(Font)              Font shape `OT1/ptm/b/n' tried instead on input line 1090.
LaTeX Font Info:    Font shape `OT1/ptm/bx/it' in size <5> not available
(Font)              Font shape `OT1/ptm/b/it' tried instead on input line 1090.

LaTeX Font Info:    Font shape `OT1/ptm/bx/n' in size <7> not available
(Font)              Font shape `OT1/ptm/b/n' tried instead on input line 1090.
LaTeX Font Info:    Font shape `OT1/ptm/bx/it' in size <7> not available
(Font)              Font shape `OT1/ptm/b/it' tried instead on input line 1090.

LaTeX Font Info:    Font shape `OT1/ptm/bx/n' in size <8> not available
(Font)              Font shape `OT1/ptm/b/n' tried instead on input line 1090.
LaTeX Font Info:    Font shape `OT1/ptm/bx/it' in size <8> not available
(Font)              Font shape `OT1/ptm/b/it' tried instead on input line 1090.

LaTeX Font Info:    Font shape `OT1/ptm/bx/n' in size <9> not available
(Font)              Font shape `OT1/ptm/b/n' tried instead on input line 1090.
LaTeX Font Info:    Font shape `OT1/ptm/bx/it' in size <9> not available
(Font)              Font shape `OT1/ptm/b/it' tried instead on input line 1090.

LaTeX Font Info:    Font shape `OT1/ptm/bx/n' in size <10> not available
(Font)              Font shape `OT1/ptm/b/n' tried instead on input line 1090.
LaTeX Font Info:    Font shape `OT1/ptm/bx/it' in size <10> not available
(Font)              Font shape `OT1/ptm/b/it' tried instead on input line 1090.

LaTeX Font Info:    Font shape `OT1/ptm/bx/n' in size <11> not available
(Font)              Font shape `OT1/ptm/b/n' tried instead on input line 1090.
LaTeX Font Info:    Font shape `OT1/ptm/bx/it' in size <11> not available
(Font)              Font shape `OT1/ptm/b/it' tried instead on input line 1090.

LaTeX Font Info:    Font shape `OT1/ptm/bx/n' in size <12> not available
(Font)              Font shape `OT1/ptm/b/n' tried instead on input line 1090.
LaTeX Font Info:    Font shape `OT1/ptm/bx/it' in size <12> not available
(Font)              Font shape `OT1/ptm/b/it' tried instead on input line 1090.

LaTeX Font Info:    Font shape `OT1/ptm/bx/n' in size <17> not available
(Font)              Font shape `OT1/ptm/b/n' tried instead on input line 1090.
LaTeX Font Info:    Font shape `OT1/ptm/bx/it' in size <17> not available
(Font)              Font shape `OT1/ptm/b/it' tried instead on input line 1090.

LaTeX Font Info:    Font shape `OT1/ptm/bx/n' in size <20> not available
(Font)              Font shape `OT1/ptm/b/n' tried instead on input line 1090.
LaTeX Font Info:    Font shape `OT1/ptm/bx/it' in size <20> not available
(Font)              Font shape `OT1/ptm/b/it' tried instead on input line 1090.

LaTeX Font Info:    Font shape `OT1/ptm/bx/n' in size <24> not available
(Font)              Font shape `OT1/ptm/b/n' tried instead on input line 1090.
LaTeX Font Info:    Font shape `OT1/ptm/bx/it' in size <24> not available
(Font)              Font shape `OT1/ptm/b/it' tried instead on input line 1090.

\IEEEquantizedlength=\dimen148
\IEEEquantizedlengthdiff=\dimen149
\IEEEquantizedtextheightdiff=\dimen150
\IEEEilabelindentA=\dimen151
\IEEEilabelindentB=\dimen152
\IEEEilabelindent=\dimen153
\IEEEelabelindent=\dimen154
\IEEEdlabelindent=\dimen155
\IEEElabelindent=\dimen156
\IEEEiednormlabelsep=\dimen157
\IEEEiedmathlabelsep=\dimen158
\IEEEiedtopsep=\skip49
\c@section=\count199
\c@subsection=\count266
\c@subsubsection=\count267
\c@paragraph=\count268
\c@IEEEsubequation=\count269
\abovecaptionskip=\skip50
\belowcaptionskip=\skip51
\c@figure=\count270
\c@table=\count271
\@IEEEeqnnumcols=\count272
\@IEEEeqncolcnt=\count273
\@IEEEsubeqnnumrollback=\count274
\@IEEEquantizeheightA=\dimen159
\@IEEEquantizeheightB=\dimen160
\@IEEEquantizeheightC=\dimen161
\@IEEEquantizeprevdepth=\dimen162
\@IEEEquantizemultiple=\count275
\@IEEEquantizeboxA=\box52
\@IEEEtmpitemindent=\dimen163
\IEEEPARstartletwidth=\dimen164
\c@IEEEbiography=\count276
\@IEEEtranrubishbin=\box53
)
(/nix/store/8mcr3f08yjjh45c153xzqbm3pzny45mg-texlive-combined-full-2024-final-t
exmfdist/tex/latex/base/inputenc.sty
Package: inputenc 2024/02/08 v1.3d Input encoding file
\inpenc@prehook=\toks18
\inpenc@posthook=\toks19
)
(/nix/store/8mcr3f08yjjh45c153xzqbm3pzny45mg-texlive-combined-full-2024-final-t
exmfdist/tex/latex/amsmath/amsmath.sty
Package: amsmath 2024/11/05 v2.17t AMS math features
\@mathmargin=\skip52

For additional information on amsmath, use the `?' option.

(/nix/store/8mcr3f08yjjh45c153xzqbm3pzny45mg-texlive-combined-full-2024-final-t
exmfdist/tex/latex/amsmath/amstext.sty
Package: amstext 2021/08/26 v2.01 AMS text

(/nix/store/8mcr3f08yjjh45c153xzqbm3pzny45mg-texlive-combined-full-2024-final-t
exmfdist/tex/latex/amsmath/amsgen.sty
File: amsgen.sty 1999/11/30 v2.0 generic functions
\@emptytoks=\toks20
\ex@=\dimen165
))
(/nix/store/8mcr3f08yjjh45c153xzqbm3pzny45mg-texlive-combined-full-2024-final-t
exmfdist/tex/latex/amsmath/amsbsy.sty
Package: amsbsy 1999/11/29 v1.2d Bold Symbols
\pmbraise@=\dimen166
)
(/nix/store/8mcr3f08yjjh45c153xzqbm3pzny45mg-texlive-combined-full-2024-final-t
exmfdist/tex/latex/amsmath/amsopn.sty
Package: amsopn 2022/04/08 v2.04 operator names
)
\inf@bad=\count277
LaTeX Info: Redefining \frac on input line 233.
\uproot@=\count278
\leftroot@=\count279
LaTeX Info: Redefining \overline on input line 398.
LaTeX Info: Redefining \colon on input line 409.
\classnum@=\count280
\DOTSCASE@=\count281
LaTeX Info: Redefining \ldots on input line 495.
LaTeX Info: Redefining \dots on input line 498.
LaTeX Info: Redefining \cdots on input line 619.
\Mathstrutbox@=\box54
\strutbox@=\box55
LaTeX Info: Redefining \big on input line 721.
LaTeX Info: Redefining \Big on input line 722.
LaTeX Info: Redefining \bigg on input line 723.
LaTeX Info: Redefining \Bigg on input line 724.
\big@size=\dimen167
LaTeX Font Info:    Redeclaring font encoding OML on input line 742.
LaTeX Font Info:    Redeclaring font encoding OMS on input line 743.
\macc@depth=\count282
LaTeX Info: Redefining \bmod on input line 904.
LaTeX Info: Redefining \pmod on input line 909.
LaTeX Info: Redefining \smash on input line 939.
LaTeX Info: Redefining \relbar on input line 969.
LaTeX Info: Redefining \Relbar on input line 970.
\c@MaxMatrixCols=\count283
\dotsspace@=\muskip17
\c@parentequation=\count284
\dspbrk@lvl=\count285
\tag@help=\toks21
\row@=\count286
\column@=\count287
\maxfields@=\count288
\andhelp@=\toks22
\eqnshift@=\dimen168
\alignsep@=\dimen169
\tagshift@=\dimen170
\tagwidth@=\dimen171
\totwidth@=\dimen172
\lineht@=\dimen173
\@envbody=\toks23
\multlinegap=\skip53
\multlinetaggap=\skip54
\mathdisplay@stack=\toks24
LaTeX Info: Redefining \[ on input line 2953.
LaTeX Info: Redefining \] on input line 2954.
)
(/nix/store/8mcr3f08yjjh45c153xzqbm3pzny45mg-texlive-combined-full-2024-final-t
exmfdist/tex/latex/amsfonts/amsfonts.sty
Package: amsfonts 2013/01/14 v3.01 Basic AMSFonts support
\symAMSa=\mathgroup4
\symAMSb=\mathgroup5
LaTeX Font Info:    Redeclaring math symbol \hbar on input line 98.
LaTeX Font Info:    Overwriting math alphabet `\mathfrak' in version `bold'
(Font)                  U/euf/m/n --> U/euf/b/n on input line 106.
)
(/nix/store/8mcr3f08yjjh45c153xzqbm3pzny45mg-texlive-combined-full-2024-final-t
exmfdist/tex/latex/amsfonts/amssymb.sty
Package: amssymb 2013/01/14 v3.01 AMS font symbols
)
(/nix/store/8mcr3f08yjjh45c153xzqbm3pzny45mg-texlive-combined-full-2024-final-t
exmfdist/tex/latex/jknapltx/mathrsfs.sty
Package: mathrsfs 1996/01/01 Math RSFS package v1.0 (jk)
\symrsfs=\mathgroup6
)
(/nix/store/8mcr3f08yjjh45c153xzqbm3pzny45mg-texlive-combined-full-2024-final-t
exmfdist/tex/latex/graphics/graphicx.sty
Package: graphicx 2021/09/16 v1.2d Enhanced LaTeX Graphics (DPC,SPQR)

(/nix/store/8mcr3f08yjjh45c153xzqbm3pzny45mg-texlive-combined-full-2024-final-t
exmfdist/tex/latex/graphics/keyval.sty
Package: keyval 2022/05/29 v1.15 key=value parser (DPC)
\KV@toks@=\toks25
)
(/nix/store/8mcr3f08yjjh45c153xzqbm3pzny45mg-texlive-combined-full-2024-final-t
exmfdist/tex/latex/graphics/graphics.sty
Package: graphics 2024/08/06 v1.4g Standard LaTeX Graphics (DPC,SPQR)

(/nix/store/8mcr3f08yjjh45c153xzqbm3pzny45mg-texlive-combined-full-2024-final-t
exmfdist/tex/latex/graphics/trig.sty
Package: trig 2023/12/02 v1.11 sin cos tan (DPC)
)
(/nix/store/8mcr3f08yjjh45c153xzqbm3pzny45mg-texlive-combined-full-2024-final-t
exmfdist/tex/latex/graphics-cfg/graphics.cfg
File: graphics.cfg 2016/06/04 v1.11 sample graphics configuration
)
Package graphics Info: Driver file: pdftex.def on input line 106.

(/nix/store/8mcr3f08yjjh45c153xzqbm3pzny45mg-texlive-combined-full-2024-final-t
exmfdist/tex/latex/graphics-def/pdftex.def
File: pdftex.def 2024/04/13 v1.2c Graphics/color driver for pdftex
))
\Gin@req@height=\dimen174
\Gin@req@width=\dimen175
)
(/nix/store/8mcr3f08yjjh45c153xzqbm3pzny45mg-texlive-combined-full-2024-final-t
exmfdist/tex/latex/cite/cite.sty
LaTeX Info: Redefining \cite on input line 302.
LaTeX Info: Redefining \nocite on input line 332.
Package: cite 2015/02/27  v 5.5
)
(/nix/store/8mcr3f08yjjh45c153xzqbm3pzny45mg-texlive-combined-full-2024-final-t
exmfdist/tex/latex/hyperref/hyperref.sty
Package: hyperref 2024-11-05 v7.01l Hypertext links for LaTeX

(/nix/store/8mcr3f08yjjh45c153xzqbm3pzny45mg-texlive-combined-full-2024-final-t
exmfdist/tex/generic/iftex/iftex.sty
Package: iftex 2024/12/12 v1.0g TeX engine tests
)
(/nix/store/8mcr3f08yjjh45c153xzqbm3pzny45mg-texlive-combined-full-2024-final-t
exmfdist/tex/latex/kvsetkeys/kvsetkeys.sty
Package: kvsetkeys 2022-10-05 v1.19 Key value parser (HO)
)
(/nix/store/8mcr3f08yjjh45c153xzqbm3pzny45mg-texlive-combined-full-2024-final-t
exmfdist/tex/generic/kvdefinekeys/kvdefinekeys.sty
Package: kvdefinekeys 2019-12-19 v1.6 Define keys (HO)
)
(/nix/store/8mcr3f08yjjh45c153xzqbm3pzny45mg-texlive-combined-full-2024-final-t
exmfdist/tex/generic/pdfescape/pdfescape.sty
Package: pdfescape 2019/12/09 v1.15 Implements pdfTeX's escape features (HO)

(/nix/store/8mcr3f08yjjh45c153xzqbm3pzny45mg-texlive-combined-full-2024-final-t
exmfdist/tex/generic/ltxcmds/ltxcmds.sty
Package: ltxcmds 2023-12-04 v1.26 LaTeX kernel commands for general use (HO)
)
(/nix/store/8mcr3f08yjjh45c153xzqbm3pzny45mg-texlive-combined-full-2024-final-t
exmfdist/tex/generic/pdftexcmds/pdftexcmds.sty
Package: pdftexcmds 2020-06-27 v0.33 Utility functions of pdfTeX for LuaTeX (HO
)

(/nix/store/8mcr3f08yjjh45c153xzqbm3pzny45mg-texlive-combined-full-2024-final-t
exmfdist/tex/generic/infwarerr/infwarerr.sty
Package: infwarerr 2019/12/03 v1.5 Providing info/warning/error messages (HO)
)
Package pdftexcmds Info: \pdf@primitive is available.
Package pdftexcmds Info: \pdf@ifprimitive is available.
Package pdftexcmds Info: \pdfdraftmode found.
))
(/nix/store/8mcr3f08yjjh45c153xzqbm3pzny45mg-texlive-combined-full-2024-final-t
exmfdist/tex/latex/hycolor/hycolor.sty
Package: hycolor 2020-01-27 v1.10 Color options for hyperref/bookmark (HO)
)
(/nix/store/8mcr3f08yjjh45c153xzqbm3pzny45mg-texlive-combined-full-2024-final-t
exmfdist/tex/latex/hyperref/nameref.sty
Package: nameref 2023-11-26 v2.56 Cross-referencing by name of section

(/nix/store/8mcr3f08yjjh45c153xzqbm3pzny45mg-texlive-combined-full-2024-final-t
exmfdist/tex/latex/refcount/refcount.sty
Package: refcount 2019/12/15 v3.6 Data extraction from label references (HO)
)
(/nix/store/8mcr3f08yjjh45c153xzqbm3pzny45mg-texlive-combined-full-2024-final-t
exmfdist/tex/generic/gettitlestring/gettitlestring.sty
Package: gettitlestring 2019/12/15 v1.6 Cleanup title references (HO)

(/nix/store/8mcr3f08yjjh45c153xzqbm3pzny45mg-texlive-combined-full-2024-final-t
exmfdist/tex/latex/kvoptions/kvoptions.sty
Package: kvoptions 2022-06-15 v3.15 Key value format for package options (HO)
))
\c@section@level=\count289
)
(/nix/store/8mcr3f08yjjh45c153xzqbm3pzny45mg-texlive-combined-full-2024-final-t
exmfdist/tex/latex/etoolbox/etoolbox.sty
Package: etoolbox 2025/02/11 v2.5l e-TeX tools for LaTeX (JAW)
\etb@tempcnta=\count290
)
(/nix/store/8mcr3f08yjjh45c153xzqbm3pzny45mg-texlive-combined-full-2024-final-t
exmfdist/tex/generic/stringenc/stringenc.sty
Package: stringenc 2019/11/29 v1.12 Convert strings between diff. encodings (HO
)
)
\@linkdim=\dimen176
\Hy@linkcounter=\count291
\Hy@pagecounter=\count292

(/nix/store/8mcr3f08yjjh45c153xzqbm3pzny45mg-texlive-combined-full-2024-final-t
exmfdist/tex/latex/hyperref/pd1enc.def
File: pd1enc.def 2024-11-05 v7.01l Hyperref: PDFDocEncoding definition (HO)
Now handling font encoding PD1 ...
... no UTF-8 mapping file for font encoding PD1
)
(/nix/store/8mcr3f08yjjh45c153xzqbm3pzny45mg-texlive-combined-full-2024-final-t
exmfdist/tex/generic/intcalc/intcalc.sty
Package: intcalc 2019/12/15 v1.3 Expandable calculations with integers (HO)
)
\Hy@SavedSpaceFactor=\count293

(/nix/store/8mcr3f08yjjh45c153xzqbm3pzny45mg-texlive-combined-full-2024-final-t
exmfdist/tex/latex/hyperref/puenc.def
File: puenc.def 2024-11-05 v7.01l Hyperref: PDF Unicode definition (HO)
Now handling font encoding PU ...
... no UTF-8 mapping file for font encoding PU
)
Package hyperref Info: Hyper figures OFF on input line 4157.
Package hyperref Info: Link nesting OFF on input line 4162.
Package hyperref Info: Hyper index ON on input line 4165.
Package hyperref Info: Plain pages OFF on input line 4172.
Package hyperref Info: Backreferencing OFF on input line 4177.
Package hyperref Info: Implicit mode ON; LaTeX internals redefined.
Package hyperref Info: Bookmarks ON on input line 4424.
\c@Hy@tempcnt=\count294

(/nix/store/8mcr3f08yjjh45c153xzqbm3pzny45mg-texlive-combined-full-2024-final-t
exmfdist/tex/latex/url/url.sty
\Urlmuskip=\muskip18
Package: url 2013/09/16  ver 3.4  Verb mode for urls, etc.
)
LaTeX Info: Redefining \url on input line 4763.
\XeTeXLinkMargin=\dimen177

(/nix/store/8mcr3f08yjjh45c153xzqbm3pzny45mg-texlive-combined-full-2024-final-t
exmfdist/tex/generic/bitset/bitset.sty
Package: bitset 2019/12/09 v1.3 Handle bit-vector datatype (HO)

(/nix/store/8mcr3f08yjjh45c153xzqbm3pzny45mg-texlive-combined-full-2024-final-t
exmfdist/tex/generic/bigintcalc/bigintcalc.sty
Package: bigintcalc 2019/12/15 v1.5 Expandable calculations on big integers (HO
)
))
\Fld@menulength=\count295
\Field@Width=\dimen178
\Fld@charsize=\dimen179
Package hyperref Info: Hyper figures OFF on input line 6042.
Package hyperref Info: Link nesting OFF on input line 6047.
Package hyperref Info: Hyper index ON on input line 6050.
Package hyperref Info: backreferencing OFF on input line 6057.
Package hyperref Info: Link coloring OFF on input line 6062.
Package hyperref Info: Link coloring with OCG OFF on input line 6067.
Package hyperref Info: PDF/A mode OFF on input line 6072.

(/nix/store/8mcr3f08yjjh45c153xzqbm3pzny45mg-texlive-combined-full-2024-final-t
exmfdist/tex/latex/base/atbegshi-ltx.sty
Package: atbegshi-ltx 2021/01/10 v1.0c Emulation of the original atbegshi
package with kernel methods
)
\Hy@abspage=\count296
\c@Item=\count297
\c@Hfootnote=\count298
)
Package hyperref Info: Driver (autodetected): hpdftex.

(/nix/store/8mcr3f08yjjh45c153xzqbm3pzny45mg-texlive-combined-full-2024-final-t
exmfdist/tex/latex/hyperref/hpdftex.def
File: hpdftex.def 2024-11-05 v7.01l Hyperref driver for pdfTeX

(/nix/store/8mcr3f08yjjh45c153xzqbm3pzny45mg-texlive-combined-full-2024-final-t
exmfdist/tex/latex/base/atveryend-ltx.sty
Package: atveryend-ltx 2020/08/19 v1.0a Emulation of the original atveryend pac
kage
with kernel methods
)
\Fld@listcount=\count299
\c@bookmark@seq@number=\count300

(/nix/store/8mcr3f08yjjh45c153xzqbm3pzny45mg-texlive-combined-full-2024-final-t
exmfdist/tex/latex/rerunfilecheck/rerunfilecheck.sty
Package: rerunfilecheck 2022-07-10 v1.10 Rerun checks for auxiliary files (HO)

(/nix/store/8mcr3f08yjjh45c153xzqbm3pzny45mg-texlive-combined-full-2024-final-t
exmfdist/tex/generic/uniquecounter/uniquecounter.sty
Package: uniquecounter 2019/12/15 v1.4 Provide unlimited unique counter (HO)
)
Package uniquecounter Info: New unique counter `rerunfilecheck' on input line 2
85.
)
\Hy@SectionHShift=\skip55
)
(/nix/store/8mcr3f08yjjh45c153xzqbm3pzny45mg-texlive-combined-full-2024-final-t
exmfdist/tex/latex/algorithms/algorithm.sty
Package: algorithm 2009/08/24 v0.1 Document Style `algorithm' - floating enviro
nment

(/nix/store/8mcr3f08yjjh45c153xzqbm3pzny45mg-texlive-combined-full-2024-final-t
exmfdist/tex/latex/float/float.sty
Package: float 2001/11/08 v1.3d Float enhancements (AL)
\c@float@type=\count301
\float@exts=\toks26
\float@box=\box56
\@float@everytoks=\toks27
\@floatcapt=\box57
)
(/nix/store/8mcr3f08yjjh45c153xzqbm3pzny45mg-texlive-combined-full-2024-final-t
exmfdist/tex/latex/base/ifthen.sty
Package: ifthen 2024/03/16 v1.1e Standard LaTeX ifthen package (DPC)
)
\@float@every@algorithm=\toks28
\c@algorithm=\count302
)
(/nix/store/8mcr3f08yjjh45c153xzqbm3pzny45mg-texlive-combined-full-2024-final-t
exmfdist/tex/latex/algorithms/algorithmic.sty
Package: algorithmic 2009/08/24 v0.1 Document Style `algorithmic'
\c@ALC@unique=\count303
\c@ALC@line=\count304
\c@ALC@rem=\count305
\c@ALC@depth=\count306
\ALC@tlm=\skip56
\algorithmicindent=\skip57
)
(/nix/store/8mcr3f08yjjh45c153xzqbm3pzny45mg-texlive-combined-full-2024-final-t
exmfdist/tex/latex/l3backend/l3backend-pdftex.def
File: l3backend-pdftex.def 2024-05-08 L3 backend support: PDF output (pdfTeX)
\l__color_backend_stack_int=\count307
\l__pdf_internal_box=\box58
)
No file QuantumGov_Quantum_Computing_Paper.aux.
\openout1 = `QuantumGov_Quantum_Computing_Paper.aux'.

LaTeX Font Info:    Checking defaults for OML/cmm/m/it on input line 20.
LaTeX Font Info:    ... okay on input line 20.
LaTeX Font Info:    Checking defaults for OMS/cmsy/m/n on input line 20.
LaTeX Font Info:    ... okay on input line 20.
LaTeX Font Info:    Checking defaults for OT1/cmr/m/n on input line 20.
LaTeX Font Info:    ... okay on input line 20.
LaTeX Font Info:    Checking defaults for T1/cmr/m/n on input line 20.
LaTeX Font Info:    ... okay on input line 20.
LaTeX Font Info:    Checking defaults for TS1/cmr/m/n on input line 20.
LaTeX Font Info:    ... okay on input line 20.
LaTeX Font Info:    Checking defaults for OMX/cmex/m/n on input line 20.
LaTeX Font Info:    ... okay on input line 20.
LaTeX Font Info:    Checking defaults for U/cmr/m/n on input line 20.
LaTeX Font Info:    ... okay on input line 20.
LaTeX Font Info:    Checking defaults for PD1/pdf/m/n on input line 20.
LaTeX Font Info:    ... okay on input line 20.
LaTeX Font Info:    Checking defaults for PU/pdf/m/n on input line 20.
LaTeX Font Info:    ... okay on input line 20.
-- Lines per column: 56 (exact).

(/nix/store/8mcr3f08yjjh45c153xzqbm3pzny45mg-texlive-combined-full-2024-final-t
exmfdist/tex/context/base/mkii/supp-pdf.mkii
[Loading MPS to PDF converter (version 2006.09.02).]
\scratchcounter=\count308
\scratchdimen=\dimen180
\scratchbox=\box59
\nofMPsegments=\count309
\nofMParguments=\count310
\everyMPshowfont=\toks29
\MPscratchCnt=\count311
\MPscratchDim=\dimen181
\MPnumerator=\count312
\makeMPintoPDFobject=\count313
\everyMPtoPDFconversion=\toks30
)
(/nix/store/8mcr3f08yjjh45c153xzqbm3pzny45mg-texlive-combined-full-2024-final-t
exmfdist/tex/latex/epstopdf-pkg/epstopdf-base.sty
Package: epstopdf-base 2020-01-24 v2.11 Base part for package epstopdf
Package epstopdf-base Info: Redefining graphics rule for `.eps' on input line 4
85.

(/nix/store/8mcr3f08yjjh45c153xzqbm3pzny45mg-texlive-combined-full-2024-final-t
exmfdist/tex/latex/latexconfig/epstopdf-sys.cfg
File: epstopdf-sys.cfg 2010/07/13 v1.3 Configuration of (r)epstopdf for TeX Liv
e
))
Package hyperref Info: Link coloring OFF on input line 20.
\@outlinefile=\write3
\openout3 = `QuantumGov_Quantum_Computing_Paper.out'.

LaTeX Font Info:    Trying to load font information for U+msa on input line 25.


(/nix/store/8mcr3f08yjjh45c153xzqbm3pzny45mg-texlive-combined-full-2024-final-t
exmfdist/tex/latex/amsfonts/umsa.fd
File: umsa.fd 2013/01/14 v3.01 AMS symbols A
)
LaTeX Font Info:    Trying to load font information for U+msb on input line 25.


(/nix/store/8mcr3f08yjjh45c153xzqbm3pzny45mg-texlive-combined-full-2024-final-t
exmfdist/tex/latex/amsfonts/umsb.fd
File: umsb.fd 2013/01/14 v3.01 AMS symbols B
)
LaTeX Font Info:    Trying to load font information for U+rsfs on input line 25
.

(/nix/store/8mcr3f08yjjh45c153xzqbm3pzny45mg-texlive-combined-full-2024-final-t
exmfdist/tex/latex/jknapltx/ursfs.fd
File: ursfs.fd 1998/03/24 rsfs font definition file (jk)
)
Underfull \hbox (badness 1803) in paragraph at lines 24--26
[]\OT1/ptm/b/it/9 Abstract\OT1/ptm/b/n/9 ---We in-tro-duce Quan-tum Gov-er-nanc
e Op-er-a-tors
 []


Underfull \hbox (badness 1424) in paragraph at lines 38--39
[]\OT1/ptm/m/n/10 This pa-per in-tro-duces Quan-tum Gov-er-nance Op-er-a-tors
 []




Underfull \hbox (badness 1881) in paragraph at lines 76--77
[]\OT1/ptm/m/n/10 Cross-domain pol-icy en-tan-gle-ment en-ables co-or-di-nated
 []



[1{/nix/store/cfw8ix8jpby5y85jf1bypk82vrwfnpk1-texlive-combined-full-2024-final
/share/texmf-var/fonts/map/pdftex/updmap/pdftex.map}{/nix/store/8mcr3f08yjjh45c
153xzqbm3pzny45mg-texlive-combined-full-2024-final-texmfdist/fonts/enc/dvips/ba
se/8r.enc}


]
Package hyperref Info: bookmark level for unknown algorithm defaults to 0 on in
put line 112.



LaTeX Warning: Citation `shoham2008multiagent' on page 2 undefined on input lin
e 222.


LaTeX Warning: Citation `brandt2016computational' on page 2 undefined on input 
line 222.


LaTeX Warning: Citation `nisan2007algorithmic' on page 2 undefined on input lin
e 222.



[2]
No file QuantumGov_Quantum_Computing_Paper.bbl.

** Conference Paper **
Before submitting the final camera ready copy, remember to:

 1. Manually equalize the lengths of two columns on the last page
 of your paper;

 2. Ensure that any PostScript and/or PDF output post-processing
 uses only Type 1 fonts and that every step in the generation
 process uses the appropriate paper size.





[3

] (./QuantumGov_Quantum_Computing_Paper.aux)
 ***********
LaTeX2e <2024-11-01> patch level 2
L3 programming layer <2025-01-18>
 ***********


LaTeX Warning: There were undefined references.


Package rerunfilecheck Warning: File `QuantumGov_Quantum_Computing_Paper.out' h
as changed.
(rerunfilecheck)                Rerun to get outlines right
(rerunfilecheck)                or use package `bookmark'.

Package rerunfilecheck Info: Checksums for `QuantumGov_Quantum_Computing_Paper.
out':
(rerunfilecheck)             Before: <no file>
(rerunfilecheck)             After:  1D2F3A3B22A0FD1EA021FDD8F9119A01;4202.
 ) 
Here is how much of TeX's memory you used:
 11021 strings out of 473201
 179944 string characters out of 5689025
 587248 words of memory out of 5000000
 34090 multiletter control sequences out of 15000+600000
 594936 words of font info for 110 fonts, out of 8000000 for 9000
 1141 hyphenation exceptions out of 8191
 75i,8n,79p,1207b,440s stack positions out of 10000i,1000n,20000p,200000b,200000s
</nix/store/8mcr3f08yjjh45c153xzqbm3pzny45mg-texlive-combined-full-2024-final
-texmfdist/fonts/type1/public/amsfonts/cm/cmex10.pfb></nix/store/8mcr3f08yjjh45
c153xzqbm3pzny45mg-texlive-combined-full-2024-final-texmfdist/fonts/type1/publi
c/amsfonts/cm/cmmi10.pfb></nix/store/8mcr3f08yjjh45c153xzqbm3pzny45mg-texlive-c
ombined-full-2024-final-texmfdist/fonts/type1/public/amsfonts/cm/cmmi5.pfb></ni
x/store/8mcr3f08yjjh45c153xzqbm3pzny45mg-texlive-combined-full-2024-final-texmf
dist/fonts/type1/public/amsfonts/cm/cmmi7.pfb></nix/store/8mcr3f08yjjh45c153xzq
bm3pzny45mg-texlive-combined-full-2024-final-texmfdist/fonts/type1/public/amsfo
nts/cm/cmmi9.pfb></nix/store/8mcr3f08yjjh45c153xzqbm3pzny45mg-texlive-combined-
full-2024-final-texmfdist/fonts/type1/public/amsfonts/cm/cmr10.pfb></nix/store/
8mcr3f08yjjh45c153xzqbm3pzny45mg-texlive-combined-full-2024-final-texmfdist/fon
ts/type1/public/amsfonts/cm/cmr7.pfb></nix/store/8mcr3f08yjjh45c153xzqbm3pzny45
mg-texlive-combined-full-2024-final-texmfdist/fonts/type1/public/amsfonts/cm/cm
r9.pfb></nix/store/8mcr3f08yjjh45c153xzqbm3pzny45mg-texlive-combined-full-2024-
final-texmfdist/fonts/type1/public/amsfonts/cm/cmsy10.pfb></nix/store/8mcr3f08y
jjh45c153xzqbm3pzny45mg-texlive-combined-full-2024-final-texmfdist/fonts/type1/
public/amsfonts/cm/cmsy7.pfb></nix/store/8mcr3f08yjjh45c153xzqbm3pzny45mg-texli
ve-combined-full-2024-final-texmfdist/fonts/type1/public/amsfonts/cm/cmsy9.pfb>
</nix/store/8mcr3f08yjjh45c153xzqbm3pzny45mg-texlive-combined-full-2024-final-t
exmfdist/fonts/type1/public/amsfonts/symbols/msbm10.pfb></nix/store/8mcr3f08yjj
h45c153xzqbm3pzny45mg-texlive-combined-full-2024-final-texmfdist/fonts/type1/ur
w/times/utmb8a.pfb></nix/store/8mcr3f08yjjh45c153xzqbm3pzny45mg-texlive-combine
d-full-2024-final-texmfdist/fonts/type1/urw/times/utmbi8a.pfb></nix/store/8mcr3
f08yjjh45c153xzqbm3pzny45mg-texlive-combined-full-2024-final-texmfdist/fonts/ty
pe1/urw/times/utmr8a.pfb></nix/store/8mcr3f08yjjh45c153xzqbm3pzny45mg-texlive-c
ombined-full-2024-final-texmfdist/fonts/type1/urw/times/utmri8a.pfb>
Output written on QuantumGov_Quantum_Computing_Paper.pdf (3 pages, 188054 bytes
).
PDF statistics:
 154 PDF objects out of 1000 (max. 8388607)
 115 compressed objects within 2 object streams
 45 named destinations out of 1000 (max. 500000)
 1 words of extra memory for PDF output out of 10000 (max. 10000000)

