This is pdfTeX, Version 3.141592653-2.6-1.40.26 (TeX Live 2024/nixos.org) (preloaded format=pdflatex)
 restricted \write18 enabled.
entering extended mode
(./detailed_quantum_process_flow.tex
LaTeX2e <2024-11-01> patch level 2
L3 programming layer <2025-01-18>

(/nix/store/8mcr3f08yjjh45c153xzqbm3pzny45mg-texlive-combined-full-2024-final-t
exmfdist/tex/latex/standalone/standalone.cls
Document Class: standalone 2025/02/22 v1.5a Class to compile TeX sub-files stan
dalone

(/nix/store/8mcr3f08yjjh45c153xzqbm3pzny45mg-texlive-combined-full-2024-final-t
exmfdist/tex/latex/tools/shellesc.sty)
(/nix/store/8mcr3f08yjjh45c153xzqbm3pzny45mg-texlive-combined-full-2024-final-t
exmfdist/tex/generic/iftex/ifluatex.sty
(/nix/store/8mcr3f08yjjh45c153xzqbm3pzny45mg-texlive-combined-full-2024-final-t
exmfdist/tex/generic/iftex/iftex.sty))
(/nix/store/8mcr3f08yjjh45c153xzqbm3pzny45mg-texlive-combined-full-2024-final-t
exmfdist/tex/latex/xkeyval/xkeyval.sty
(/nix/store/8mcr3f08yjjh45c153xzqbm3pzny45mg-texlive-combined-full-2024-final-t
exmfdist/tex/generic/xkeyval/xkeyval.tex
(/nix/store/8mcr3f08yjjh45c153xzqbm3pzny45mg-texlive-combined-full-2024-final-t
exmfdist/tex/generic/xkeyval/xkvutils.tex
(/nix/store/8mcr3f08yjjh45c153xzqbm3pzny45mg-texlive-combined-full-2024-final-t
exmfdist/tex/generic/xkeyval/keyval.tex))))
(/nix/store/8mcr3f08yjjh45c153xzqbm3pzny45mg-texlive-combined-full-2024-final-t
exmfdist/tex/latex/standalone/standalone.cfg)
(/nix/store/8mcr3f08yjjh45c153xzqbm3pzny45mg-texlive-combined-full-2024-final-t
exmfdist/tex/latex/base/article.cls
Document Class: article 2024/06/29 v1.4n Standard LaTeX document class

(/nix/store/8mcr3f08yjjh45c153xzqbm3pzny45mg-texlive-combined-full-2024-final-t
exmfdist/tex/latex/base/size10.clo))
(/nix/store/8mcr3f08yjjh45c153xzqbm3pzny45mg-texlive-combined-full-2024-final-t
exmfdist/tex/latex/pgf/frontendlayer/tikz.sty
(/nix/store/8mcr3f08yjjh45c153xzqbm3pzny45mg-texlive-combined-full-2024-final-t
exmfdist/tex/latex/pgf/basiclayer/pgf.sty
(/nix/store/8mcr3f08yjjh45c153xzqbm3pzny45mg-texlive-combined-full-2024-final-t
exmfdist/tex/latex/pgf/utilities/pgfrcs.sty
(/nix/store/8mcr3f08yjjh45c153xzqbm3pzny45mg-texlive-combined-full-2024-final-t
exmfdist/tex/generic/pgf/utilities/pgfutil-common.tex)
(/nix/store/8mcr3f08yjjh45c153xzqbm3pzny45mg-texlive-combined-full-2024-final-t
exmfdist/tex/generic/pgf/utilities/pgfutil-latex.def)
(/nix/store/8mcr3f08yjjh45c153xzqbm3pzny45mg-texlive-combined-full-2024-final-t
exmfdist/tex/generic/pgf/utilities/pgfrcs.code.tex
(/nix/store/8mcr3f08yjjh45c153xzqbm3pzny45mg-texlive-combined-full-2024-final-t
exmfdist/tex/generic/pgf/pgf.revision.tex)))
(/nix/store/8mcr3f08yjjh45c153xzqbm3pzny45mg-texlive-combined-full-2024-final-t
exmfdist/tex/latex/pgf/basiclayer/pgfcore.sty
(/nix/store/8mcr3f08yjjh45c153xzqbm3pzny45mg-texlive-combined-full-2024-final-t
exmfdist/tex/latex/graphics/graphicx.sty
(/nix/store/8mcr3f08yjjh45c153xzqbm3pzny45mg-texlive-combined-full-2024-final-t
exmfdist/tex/latex/graphics/graphics.sty
(/nix/store/8mcr3f08yjjh45c153xzqbm3pzny45mg-texlive-combined-full-2024-final-t
exmfdist/tex/latex/graphics/trig.sty)
(/nix/store/8mcr3f08yjjh45c153xzqbm3pzny45mg-texlive-combined-full-2024-final-t
exmfdist/tex/latex/graphics-cfg/graphics.cfg)
(/nix/store/8mcr3f08yjjh45c153xzqbm3pzny45mg-texlive-combined-full-2024-final-t
exmfdist/tex/latex/graphics-def/pdftex.def)))
(/nix/store/8mcr3f08yjjh45c153xzqbm3pzny45mg-texlive-combined-full-2024-final-t
exmfdist/tex/latex/pgf/systemlayer/pgfsys.sty
(/nix/store/8mcr3f08yjjh45c153xzqbm3pzny45mg-texlive-combined-full-2024-final-t
exmfdist/tex/generic/pgf/systemlayer/pgfsys.code.tex
(/nix/store/8mcr3f08yjjh45c153xzqbm3pzny45mg-texlive-combined-full-2024-final-t
exmfdist/tex/generic/pgf/utilities/pgfkeys.code.tex
(/nix/store/8mcr3f08yjjh45c153xzqbm3pzny45mg-texlive-combined-full-2024-final-t
exmfdist/tex/generic/pgf/utilities/pgfkeyslibraryfiltered.code.tex))
(/nix/store/8mcr3f08yjjh45c153xzqbm3pzny45mg-texlive-combined-full-2024-final-t
exmfdist/tex/generic/pgf/systemlayer/pgf.cfg)
(/nix/store/8mcr3f08yjjh45c153xzqbm3pzny45mg-texlive-combined-full-2024-final-t
exmfdist/tex/generic/pgf/systemlayer/pgfsys-pdftex.def
(/nix/store/8mcr3f08yjjh45c153xzqbm3pzny45mg-texlive-combined-full-2024-final-t
exmfdist/tex/generic/pgf/systemlayer/pgfsys-common-pdf.def)))
(/nix/store/8mcr3f08yjjh45c153xzqbm3pzny45mg-texlive-combined-full-2024-final-t
exmfdist/tex/generic/pgf/systemlayer/pgfsyssoftpath.code.tex)
(/nix/store/8mcr3f08yjjh45c153xzqbm3pzny45mg-texlive-combined-full-2024-final-t
exmfdist/tex/generic/pgf/systemlayer/pgfsysprotocol.code.tex))
(/nix/store/8mcr3f08yjjh45c153xzqbm3pzny45mg-texlive-combined-full-2024-final-t
exmfdist/tex/latex/xcolor/xcolor.sty
(/nix/store/8mcr3f08yjjh45c153xzqbm3pzny45mg-texlive-combined-full-2024-final-t
exmfdist/tex/latex/graphics-cfg/color.cfg)
(/nix/store/8mcr3f08yjjh45c153xzqbm3pzny45mg-texlive-combined-full-2024-final-t
exmfdist/tex/latex/graphics/mathcolor.ltx))
(/nix/store/8mcr3f08yjjh45c153xzqbm3pzny45mg-texlive-combined-full-2024-final-t
exmfdist/tex/generic/pgf/basiclayer/pgfcore.code.tex
(/nix/store/8mcr3f08yjjh45c153xzqbm3pzny45mg-texlive-combined-full-2024-final-t
exmfdist/tex/generic/pgf/math/pgfmath.code.tex
(/nix/store/8mcr3f08yjjh45c153xzqbm3pzny45mg-texlive-combined-full-2024-final-t
exmfdist/tex/generic/pgf/math/pgfmathutil.code.tex)
(/nix/store/8mcr3f08yjjh45c153xzqbm3pzny45mg-texlive-combined-full-2024-final-t
exmfdist/tex/generic/pgf/math/pgfmathparser.code.tex)
(/nix/store/8mcr3f08yjjh45c153xzqbm3pzny45mg-texlive-combined-full-2024-final-t
exmfdist/tex/generic/pgf/math/pgfmathfunctions.code.tex)
(/nix/store/8mcr3f08yjjh45c153xzqbm3pzny45mg-texlive-combined-full-2024-final-t
exmfdist/tex/generic/pgf/math/pgfmathfunctions.basic.code.tex)
(/nix/store/8mcr3f08yjjh45c153xzqbm3pzny45mg-texlive-combined-full-2024-final-t
exmfdist/tex/generic/pgf/math/pgfmathfunctions.trigonometric.code.tex)
(/nix/store/8mcr3f08yjjh45c153xzqbm3pzny45mg-texlive-combined-full-2024-final-t
exmfdist/tex/generic/pgf/math/pgfmathfunctions.random.code.tex)
(/nix/store/8mcr3f08yjjh45c153xzqbm3pzny45mg-texlive-combined-full-2024-final-t
exmfdist/tex/generic/pgf/math/pgfmathfunctions.comparison.code.tex)
(/nix/store/8mcr3f08yjjh45c153xzqbm3pzny45mg-texlive-combined-full-2024-final-t
exmfdist/tex/generic/pgf/math/pgfmathfunctions.base.code.tex)
(/nix/store/8mcr3f08yjjh45c153xzqbm3pzny45mg-texlive-combined-full-2024-final-t
exmfdist/tex/generic/pgf/math/pgfmathfunctions.round.code.tex)
(/nix/store/8mcr3f08yjjh45c153xzqbm3pzny45mg-texlive-combined-full-2024-final-t
exmfdist/tex/generic/pgf/math/pgfmathfunctions.misc.code.tex)
(/nix/store/8mcr3f08yjjh45c153xzqbm3pzny45mg-texlive-combined-full-2024-final-t
exmfdist/tex/generic/pgf/math/pgfmathfunctions.integerarithmetics.code.tex)
(/nix/store/8mcr3f08yjjh45c153xzqbm3pzny45mg-texlive-combined-full-2024-final-t
exmfdist/tex/generic/pgf/math/pgfmathcalc.code.tex)
(/nix/store/8mcr3f08yjjh45c153xzqbm3pzny45mg-texlive-combined-full-2024-final-t
exmfdist/tex/generic/pgf/math/pgfmathfloat.code.tex))
(/nix/store/8mcr3f08yjjh45c153xzqbm3pzny45mg-texlive-combined-full-2024-final-t
exmfdist/tex/generic/pgf/math/pgfint.code.tex)
(/nix/store/8mcr3f08yjjh45c153xzqbm3pzny45mg-texlive-combined-full-2024-final-t
exmfdist/tex/generic/pgf/basiclayer/pgfcorepoints.code.tex)
(/nix/store/8mcr3f08yjjh45c153xzqbm3pzny45mg-texlive-combined-full-2024-final-t
exmfdist/tex/generic/pgf/basiclayer/pgfcorepathconstruct.code.tex)
(/nix/store/8mcr3f08yjjh45c153xzqbm3pzny45mg-texlive-combined-full-2024-final-t
exmfdist/tex/generic/pgf/basiclayer/pgfcorepathusage.code.tex)
(/nix/store/8mcr3f08yjjh45c153xzqbm3pzny45mg-texlive-combined-full-2024-final-t
exmfdist/tex/generic/pgf/basiclayer/pgfcorescopes.code.tex)
(/nix/store/8mcr3f08yjjh45c153xzqbm3pzny45mg-texlive-combined-full-2024-final-t
exmfdist/tex/generic/pgf/basiclayer/pgfcoregraphicstate.code.tex)
(/nix/store/8mcr3f08yjjh45c153xzqbm3pzny45mg-texlive-combined-full-2024-final-t
exmfdist/tex/generic/pgf/basiclayer/pgfcoretransformations.code.tex)
(/nix/store/8mcr3f08yjjh45c153xzqbm3pzny45mg-texlive-combined-full-2024-final-t
exmfdist/tex/generic/pgf/basiclayer/pgfcorequick.code.tex)
(/nix/store/8mcr3f08yjjh45c153xzqbm3pzny45mg-texlive-combined-full-2024-final-t
exmfdist/tex/generic/pgf/basiclayer/pgfcoreobjects.code.tex)
(/nix/store/8mcr3f08yjjh45c153xzqbm3pzny45mg-texlive-combined-full-2024-final-t
exmfdist/tex/generic/pgf/basiclayer/pgfcorepathprocessing.code.tex)
(/nix/store/8mcr3f08yjjh45c153xzqbm3pzny45mg-texlive-combined-full-2024-final-t
exmfdist/tex/generic/pgf/basiclayer/pgfcorearrows.code.tex)
(/nix/store/8mcr3f08yjjh45c153xzqbm3pzny45mg-texlive-combined-full-2024-final-t
exmfdist/tex/generic/pgf/basiclayer/pgfcoreshade.code.tex)
(/nix/store/8mcr3f08yjjh45c153xzqbm3pzny45mg-texlive-combined-full-2024-final-t
exmfdist/tex/generic/pgf/basiclayer/pgfcoreimage.code.tex)
(/nix/store/8mcr3f08yjjh45c153xzqbm3pzny45mg-texlive-combined-full-2024-final-t
exmfdist/tex/generic/pgf/basiclayer/pgfcoreexternal.code.tex)
(/nix/store/8mcr3f08yjjh45c153xzqbm3pzny45mg-texlive-combined-full-2024-final-t
exmfdist/tex/generic/pgf/basiclayer/pgfcorelayers.code.tex)
(/nix/store/8mcr3f08yjjh45c153xzqbm3pzny45mg-texlive-combined-full-2024-final-t
exmfdist/tex/generic/pgf/basiclayer/pgfcoretransparency.code.tex)
(/nix/store/8mcr3f08yjjh45c153xzqbm3pzny45mg-texlive-combined-full-2024-final-t
exmfdist/tex/generic/pgf/basiclayer/pgfcorepatterns.code.tex)
(/nix/store/8mcr3f08yjjh45c153xzqbm3pzny45mg-texlive-combined-full-2024-final-t
exmfdist/tex/generic/pgf/basiclayer/pgfcorerdf.code.tex)))
(/nix/store/8mcr3f08yjjh45c153xzqbm3pzny45mg-texlive-combined-full-2024-final-t
exmfdist/tex/generic/pgf/modules/pgfmoduleshapes.code.tex)
(/nix/store/8mcr3f08yjjh45c153xzqbm3pzny45mg-texlive-combined-full-2024-final-t
exmfdist/tex/generic/pgf/modules/pgfmoduleplot.code.tex)
(/nix/store/8mcr3f08yjjh45c153xzqbm3pzny45mg-texlive-combined-full-2024-final-t
exmfdist/tex/latex/pgf/compatibility/pgfcomp-version-0-65.sty)
(/nix/store/8mcr3f08yjjh45c153xzqbm3pzny45mg-texlive-combined-full-2024-final-t
exmfdist/tex/latex/pgf/compatibility/pgfcomp-version-1-18.sty))
(/nix/store/8mcr3f08yjjh45c153xzqbm3pzny45mg-texlive-combined-full-2024-final-t
exmfdist/tex/latex/pgf/utilities/pgffor.sty
(/nix/store/8mcr3f08yjjh45c153xzqbm3pzny45mg-texlive-combined-full-2024-final-t
exmfdist/tex/latex/pgf/utilities/pgfkeys.sty
(/nix/store/8mcr3f08yjjh45c153xzqbm3pzny45mg-texlive-combined-full-2024-final-t
exmfdist/tex/generic/pgf/utilities/pgfkeys.code.tex))
(/nix/store/8mcr3f08yjjh45c153xzqbm3pzny45mg-texlive-combined-full-2024-final-t
exmfdist/tex/latex/pgf/math/pgfmath.sty
(/nix/store/8mcr3f08yjjh45c153xzqbm3pzny45mg-texlive-combined-full-2024-final-t
exmfdist/tex/generic/pgf/math/pgfmath.code.tex))
(/nix/store/8mcr3f08yjjh45c153xzqbm3pzny45mg-texlive-combined-full-2024-final-t
exmfdist/tex/generic/pgf/utilities/pgffor.code.tex))
(/nix/store/8mcr3f08yjjh45c153xzqbm3pzny45mg-texlive-combined-full-2024-final-t
exmfdist/tex/generic/pgf/frontendlayer/tikz/tikz.code.tex
(/nix/store/8mcr3f08yjjh45c153xzqbm3pzny45mg-texlive-combined-full-2024-final-t
exmfdist/tex/generic/pgf/libraries/pgflibraryplothandlers.code.tex)
(/nix/store/8mcr3f08yjjh45c153xzqbm3pzny45mg-texlive-combined-full-2024-final-t
exmfdist/tex/generic/pgf/modules/pgfmodulematrix.code.tex)
(/nix/store/8mcr3f08yjjh45c153xzqbm3pzny45mg-texlive-combined-full-2024-final-t
exmfdist/tex/generic/pgf/frontendlayer/tikz/libraries/tikzlibrarytopaths.code.t
ex))))
(/nix/store/8mcr3f08yjjh45c153xzqbm3pzny45mg-texlive-combined-full-2024-final-t
exmfdist/tex/latex/amsmath/amsmath.sty
For additional information on amsmath, use the `?' option.

(/nix/store/8mcr3f08yjjh45c153xzqbm3pzny45mg-texlive-combined-full-2024-final-t
exmfdist/tex/latex/amsmath/amstext.sty
(/nix/store/8mcr3f08yjjh45c153xzqbm3pzny45mg-texlive-combined-full-2024-final-t
exmfdist/tex/latex/amsmath/amsgen.sty))
(/nix/store/8mcr3f08yjjh45c153xzqbm3pzny45mg-texlive-combined-full-2024-final-t
exmfdist/tex/latex/amsmath/amsbsy.sty)
(/nix/store/8mcr3f08yjjh45c153xzqbm3pzny45mg-texlive-combined-full-2024-final-t
exmfdist/tex/latex/amsmath/amsopn.sty))
(/nix/store/8mcr3f08yjjh45c153xzqbm3pzny45mg-texlive-combined-full-2024-final-t
exmfdist/tex/generic/pgf/frontendlayer/tikz/libraries/tikzlibraryshapes.code.te
x
(/nix/store/8mcr3f08yjjh45c153xzqbm3pzny45mg-texlive-combined-full-2024-final-t
exmfdist/tex/generic/pgf/frontendlayer/tikz/libraries/tikzlibraryshapes.geometr
ic.code.tex
(/nix/store/8mcr3f08yjjh45c153xzqbm3pzny45mg-texlive-combined-full-2024-final-t
exmfdist/tex/generic/pgf/libraries/shapes/pgflibraryshapes.geometric.code.tex))

(/nix/store/8mcr3f08yjjh45c153xzqbm3pzny45mg-texlive-combined-full-2024-final-t
exmfdist/tex/generic/pgf/frontendlayer/tikz/libraries/tikzlibraryshapes.misc.co
de.tex
(/nix/store/8mcr3f08yjjh45c153xzqbm3pzny45mg-texlive-combined-full-2024-final-t
exmfdist/tex/generic/pgf/libraries/shapes/pgflibraryshapes.misc.code.tex))
(/nix/store/8mcr3f08yjjh45c153xzqbm3pzny45mg-texlive-combined-full-2024-final-t
exmfdist/tex/generic/pgf/frontendlayer/tikz/libraries/tikzlibraryshapes.symbols
.code.tex
(/nix/store/8mcr3f08yjjh45c153xzqbm3pzny45mg-texlive-combined-full-2024-final-t
exmfdist/tex/generic/pgf/libraries/shapes/pgflibraryshapes.symbols.code.tex))
(/nix/store/8mcr3f08yjjh45c153xzqbm3pzny45mg-texlive-combined-full-2024-final-t
exmfdist/tex/generic/pgf/frontendlayer/tikz/libraries/tikzlibraryshapes.arrows.
code.tex
(/nix/store/8mcr3f08yjjh45c153xzqbm3pzny45mg-texlive-combined-full-2024-final-t
exmfdist/tex/generic/pgf/libraries/shapes/pgflibraryshapes.arrows.code.tex))
(/nix/store/8mcr3f08yjjh45c153xzqbm3pzny45mg-texlive-combined-full-2024-final-t
exmfdist/tex/generic/pgf/frontendlayer/tikz/libraries/tikzlibraryshapes.callout
s.code.tex
(/nix/store/8mcr3f08yjjh45c153xzqbm3pzny45mg-texlive-combined-full-2024-final-t
exmfdist/tex/generic/pgf/libraries/shapes/pgflibraryshapes.callouts.code.tex))
(/nix/store/8mcr3f08yjjh45c153xzqbm3pzny45mg-texlive-combined-full-2024-final-t
exmfdist/tex/generic/pgf/frontendlayer/tikz/libraries/tikzlibraryshapes.multipa
rt.code.tex
(/nix/store/8mcr3f08yjjh45c153xzqbm3pzny45mg-texlive-combined-full-2024-final-t
exmfdist/tex/generic/pgf/libraries/shapes/pgflibraryshapes.multipart.code.tex))
)
(/nix/store/8mcr3f08yjjh45c153xzqbm3pzny45mg-texlive-combined-full-2024-final-t
exmfdist/tex/generic/pgf/frontendlayer/tikz/libraries/tikzlibraryarrows.code.te
x
(/nix/store/8mcr3f08yjjh45c153xzqbm3pzny45mg-texlive-combined-full-2024-final-t
exmfdist/tex/generic/pgf/libraries/pgflibraryarrows.code.tex))
(/nix/store/8mcr3f08yjjh45c153xzqbm3pzny45mg-texlive-combined-full-2024-final-t
exmfdist/tex/generic/pgf/frontendlayer/tikz/libraries/tikzlibrarypositioning.co
de.tex)
(/nix/store/8mcr3f08yjjh45c153xzqbm3pzny45mg-texlive-combined-full-2024-final-t
exmfdist/tex/generic/pgf/frontendlayer/tikz/libraries/tikzlibrarycalc.code.tex)

(/nix/store/8mcr3f08yjjh45c153xzqbm3pzny45mg-texlive-combined-full-2024-final-t
exmfdist/tex/generic/pgf/frontendlayer/tikz/libraries/tikzlibrarydecorations.pa
threplacing.code.tex
(/nix/store/8mcr3f08yjjh45c153xzqbm3pzny45mg-texlive-combined-full-2024-final-t
exmfdist/tex/generic/pgf/frontendlayer/tikz/libraries/tikzlibrarydecorations.co
de.tex
(/nix/store/8mcr3f08yjjh45c153xzqbm3pzny45mg-texlive-combined-full-2024-final-t
exmfdist/tex/generic/pgf/modules/pgfmoduledecorations.code.tex))
(/nix/store/8mcr3f08yjjh45c153xzqbm3pzny45mg-texlive-combined-full-2024-final-t
exmfdist/tex/generic/pgf/libraries/decorations/pgflibrarydecorations.pathreplac
ing.code.tex))
(/nix/store/8mcr3f08yjjh45c153xzqbm3pzny45mg-texlive-combined-full-2024-final-t
exmfdist/tex/generic/pgf/frontendlayer/tikz/libraries/tikzlibraryfit.code.tex)
(/nix/store/8mcr3f08yjjh45c153xzqbm3pzny45mg-texlive-combined-full-2024-final-t
exmfdist/tex/generic/pgf/frontendlayer/tikz/libraries/tikzlibraryshadows.code.t
ex
(/nix/store/8mcr3f08yjjh45c153xzqbm3pzny45mg-texlive-combined-full-2024-final-t
exmfdist/tex/generic/pgf/frontendlayer/tikz/libraries/tikzlibraryfadings.code.t
ex
(/nix/store/8mcr3f08yjjh45c153xzqbm3pzny45mg-texlive-combined-full-2024-final-t
exmfdist/tex/generic/pgf/libraries/pgflibraryfadings.code.tex)))
(/nix/store/8mcr3f08yjjh45c153xzqbm3pzny45mg-texlive-combined-full-2024-final-t
exmfdist/tex/generic/pgf/frontendlayer/tikz/libraries/tikzlibrarypatterns.code.
tex
(/nix/store/8mcr3f08yjjh45c153xzqbm3pzny45mg-texlive-combined-full-2024-final-t
exmfdist/tex/generic/pgf/libraries/pgflibrarypatterns.code.tex))
(/nix/store/8mcr3f08yjjh45c153xzqbm3pzny45mg-texlive-combined-full-2024-final-t
exmfdist/tex/latex/l3backend/l3backend-pdftex.def)
No file detailed_quantum_process_flow.aux.

(/nix/store/8mcr3f08yjjh45c153xzqbm3pzny45mg-texlive-combined-full-2024-final-t
exmfdist/tex/context/base/mkii/supp-pdf.mkii
[Loading MPS to PDF converter (version 2006.09.02).]
)
(/nix/store/8mcr3f08yjjh45c153xzqbm3pzny45mg-texlive-combined-full-2024-final-t
exmfdist/tex/latex/epstopdf-pkg/epstopdf-base.sty
(/nix/store/8mcr3f08yjjh45c153xzqbm3pzny45mg-texlive-combined-full-2024-final-t
exmfdist/tex/generic/infwarerr/infwarerr.sty)
(/nix/store/8mcr3f08yjjh45c153xzqbm3pzny45mg-texlive-combined-full-2024-final-t
exmfdist/tex/latex/grfext/grfext.sty
(/nix/store/8mcr3f08yjjh45c153xzqbm3pzny45mg-texlive-combined-full-2024-final-t
exmfdist/tex/generic/kvdefinekeys/kvdefinekeys.sty))
(/nix/store/8mcr3f08yjjh45c153xzqbm3pzny45mg-texlive-combined-full-2024-final-t
exmfdist/tex/latex/kvoptions/kvoptions.sty
(/nix/store/8mcr3f08yjjh45c153xzqbm3pzny45mg-texlive-combined-full-2024-final-t
exmfdist/tex/generic/ltxcmds/ltxcmds.sty)
(/nix/store/8mcr3f08yjjh45c153xzqbm3pzny45mg-texlive-combined-full-2024-final-t
exmfdist/tex/latex/kvsetkeys/kvsetkeys.sty))
(/nix/store/8mcr3f08yjjh45c153xzqbm3pzny45mg-texlive-combined-full-2024-final-t
exmfdist/tex/generic/pdftexcmds/pdftexcmds.sty)
(/nix/store/8mcr3f08yjjh45c153xzqbm3pzny45mg-texlive-combined-full-2024-final-t
exmfdist/tex/latex/latexconfig/epstopdf-sys.cfg))

Package pgf Warning: Returning node center instead of a point on node border. D
id you specify a point identical to the center of node ``ai_phase''? on input l
ine 134.


Package pgf Warning: Returning node center instead of a point on node border. D
id you specify a point identical to the center of node ``preference_mining''? o
n input line 134.


Package pgf Warning: Returning node center instead of a point on node border. D
id you specify a point identical to the center of node ``quantum_phase''? on in
put line 139.


Package pgf Warning: Returning node center instead of a point on node border. D
id you specify a point identical to the center of node ``exploration''? on inpu
t line 139.


Package pgf Warning: Returning node center instead of a point on node border. D
id you specify a point identical to the center of node ``collective_phase''? on
 input line 144.


Package pgf Warning: Returning node center instead of a point on node border. D
id you specify a point identical to the center of node ``bias_mitigation''? on 
input line 144.


[1
Non-PDF special ignored!
<special> papersize=761.75952pt,884.88228pt
{/nix/store/cfw8ix8jpby5y85jf1bypk82vrwfnpk1-texlive-combined-full-2024-final/s
hare/texmf-var/fonts/map/pdftex/updmap/pdftex.map}{/nix/store/8mcr3f08yjjh45c15
3xzqbm3pzny45mg-texlive-combined-full-2024-final-texmfdist/fonts/enc/dvips/cm-s
uper/cm-super-ts1.enc}] (./detailed_quantum_process_flow.aux) )</nix/store/8mcr
3f08yjjh45c153xzqbm3pzny45mg-texlive-combined-full-2024-final-texmfdist/fonts/t
ype1/public/amsfonts/cm/cmbx12.pfb></nix/store/8mcr3f08yjjh45c153xzqbm3pzny45mg
-texlive-combined-full-2024-final-texmfdist/fonts/type1/public/amsfonts/cm/cmbx
5.pfb></nix/store/8mcr3f08yjjh45c153xzqbm3pzny45mg-texlive-combined-full-2024-f
inal-texmfdist/fonts/type1/public/amsfonts/cm/cmbx7.pfb></nix/store/8mcr3f08yjj
h45c153xzqbm3pzny45mg-texlive-combined-full-2024-final-texmfdist/fonts/type1/pu
blic/amsfonts/cmextra/cmex7.pfb></nix/store/8mcr3f08yjjh45c153xzqbm3pzny45mg-te
xlive-combined-full-2024-final-texmfdist/fonts/type1/public/amsfonts/cm/cmmi5.p
fb></nix/store/8mcr3f08yjjh45c153xzqbm3pzny45mg-texlive-combined-full-2024-fina
l-texmfdist/fonts/type1/public/amsfonts/cm/cmmi7.pfb></nix/store/8mcr3f08yjjh45
c153xzqbm3pzny45mg-texlive-combined-full-2024-final-texmfdist/fonts/type1/publi
c/amsfonts/cm/cmr12.pfb></nix/store/8mcr3f08yjjh45c153xzqbm3pzny45mg-texlive-co
mbined-full-2024-final-texmfdist/fonts/type1/public/amsfonts/cm/cmr5.pfb></nix/
store/8mcr3f08yjjh45c153xzqbm3pzny45mg-texlive-combined-full-2024-final-texmfdi
st/fonts/type1/public/amsfonts/cm/cmr7.pfb></nix/store/8mcr3f08yjjh45c153xzqbm3
pzny45mg-texlive-combined-full-2024-final-texmfdist/fonts/type1/public/amsfonts
/cm/cmsy5.pfb></nix/store/8mcr3f08yjjh45c153xzqbm3pzny45mg-texlive-combined-ful
l-2024-final-texmfdist/fonts/type1/public/amsfonts/cm/cmsy7.pfb></nix/store/8mc
r3f08yjjh45c153xzqbm3pzny45mg-texlive-combined-full-2024-final-texmfdist/fonts/
type1/public/cm-super/sfrm0500.pfb>
Output written on detailed_quantum_process_flow.pdf (1 page, 163742 bytes).
Transcript written on detailed_quantum_process_flow.log.
