This is pdfTeX, Version 3.141592653-2.6-1.40.26 (TeX Live 2024/nixos.org) (preloaded format=pdflatex 1980.1.1)  13 OCT 2025 10:41
entering extended mode
 restricted \write18 enabled.
 %&-line parsing enabled.
**quantum_microservices_architecture.tex
(./quantum_microservices_architecture.tex
LaTeX2e <2024-11-01> patch level 2
L3 programming layer <2025-01-18>

(/nix/store/q4gbqp2pph3mw2jp5kwg0zlhwwwh3hx8-texlive-combined-full-2024-final-t
exmfdist/tex/latex/standalone/standalone.cls
Document Class: standalone 2025/02/22 v1.5a Class to compile TeX sub-files stan
dalone

(/nix/store/q4gbqp2pph3mw2jp5kwg0zlhwwwh3hx8-texlive-combined-full-2024-final-t
exmfdist/tex/latex/tools/shellesc.sty
Package: shellesc 2023/07/08 v1.0d unified shell escape interface for LaTeX
Package shellesc Info: Restricted shell escape enabled on input line 77.
)
(/nix/store/q4gbqp2pph3mw2jp5kwg0zlhwwwh3hx8-texlive-combined-full-2024-final-t
exmfdist/tex/generic/iftex/ifluatex.sty
Package: ifluatex 2019/10/25 v1.5 ifluatex legacy package. Use iftex instead.

(/nix/store/q4gbqp2pph3mw2jp5kwg0zlhwwwh3hx8-texlive-combined-full-2024-final-t
exmfdist/tex/generic/iftex/iftex.sty
Package: iftex 2024/12/12 v1.0g TeX engine tests
))
(/nix/store/q4gbqp2pph3mw2jp5kwg0zlhwwwh3hx8-texlive-combined-full-2024-final-t
exmfdist/tex/latex/xkeyval/xkeyval.sty
Package: xkeyval 2022/06/16 v2.9 package option processing (HA)

(/nix/store/q4gbqp2pph3mw2jp5kwg0zlhwwwh3hx8-texlive-combined-full-2024-final-t
exmfdist/tex/generic/xkeyval/xkeyval.tex
(/nix/store/q4gbqp2pph3mw2jp5kwg0zlhwwwh3hx8-texlive-combined-full-2024-final-t
exmfdist/tex/generic/xkeyval/xkvutils.tex
\XKV@toks=\toks17
\XKV@tempa@toks=\toks18

(/nix/store/q4gbqp2pph3mw2jp5kwg0zlhwwwh3hx8-texlive-combined-full-2024-final-t
exmfdist/tex/generic/xkeyval/keyval.tex))
\XKV@depth=\count196
File: xkeyval.tex 2014/12/03 v2.7a key=value parser (HA)
))
\sa@internal=\count197
\c@sapage=\count198

(/nix/store/q4gbqp2pph3mw2jp5kwg0zlhwwwh3hx8-texlive-combined-full-2024-final-t
exmfdist/tex/latex/standalone/standalone.cfg
File: standalone.cfg 2025/02/22 v1.5a Default configuration file for 'standalon
e' class
)
(/nix/store/q4gbqp2pph3mw2jp5kwg0zlhwwwh3hx8-texlive-combined-full-2024-final-t
exmfdist/tex/latex/base/article.cls
Document Class: article 2024/06/29 v1.4n Standard LaTeX document class

(/nix/store/q4gbqp2pph3mw2jp5kwg0zlhwwwh3hx8-texlive-combined-full-2024-final-t
exmfdist/tex/latex/base/size10.clo
File: size10.clo 2024/06/29 v1.4n Standard LaTeX file (size option)
)
\c@part=\count199
\c@section=\count266
\c@subsection=\count267
\c@subsubsection=\count268
\c@paragraph=\count269
\c@subparagraph=\count270
\c@figure=\count271
\c@table=\count272
\abovecaptionskip=\skip49
\belowcaptionskip=\skip50
\bibindent=\dimen141
)
(/nix/store/q4gbqp2pph3mw2jp5kwg0zlhwwwh3hx8-texlive-combined-full-2024-final-t
exmfdist/tex/latex/pgf/frontendlayer/tikz.sty
(/nix/store/q4gbqp2pph3mw2jp5kwg0zlhwwwh3hx8-texlive-combined-full-2024-final-t
exmfdist/tex/latex/pgf/basiclayer/pgf.sty
(/nix/store/q4gbqp2pph3mw2jp5kwg0zlhwwwh3hx8-texlive-combined-full-2024-final-t
exmfdist/tex/latex/pgf/utilities/pgfrcs.sty
(/nix/store/q4gbqp2pph3mw2jp5kwg0zlhwwwh3hx8-texlive-combined-full-2024-final-t
exmfdist/tex/generic/pgf/utilities/pgfutil-common.tex
\pgfutil@everybye=\toks19
\pgfutil@tempdima=\dimen142
\pgfutil@tempdimb=\dimen143
)
(/nix/store/q4gbqp2pph3mw2jp5kwg0zlhwwwh3hx8-texlive-combined-full-2024-final-t
exmfdist/tex/generic/pgf/utilities/pgfutil-latex.def
\pgfutil@abb=\box52
)
(/nix/store/q4gbqp2pph3mw2jp5kwg0zlhwwwh3hx8-texlive-combined-full-2024-final-t
exmfdist/tex/generic/pgf/utilities/pgfrcs.code.tex
(/nix/store/q4gbqp2pph3mw2jp5kwg0zlhwwwh3hx8-texlive-combined-full-2024-final-t
exmfdist/tex/generic/pgf/pgf.revision.tex)
Package: pgfrcs 2023-01-15 v3.1.10 (3.1.10)
))
Package: pgf 2023-01-15 v3.1.10 (3.1.10)

(/nix/store/q4gbqp2pph3mw2jp5kwg0zlhwwwh3hx8-texlive-combined-full-2024-final-t
exmfdist/tex/latex/pgf/basiclayer/pgfcore.sty
(/nix/store/q4gbqp2pph3mw2jp5kwg0zlhwwwh3hx8-texlive-combined-full-2024-final-t
exmfdist/tex/latex/graphics/graphicx.sty
Package: graphicx 2021/09/16 v1.2d Enhanced LaTeX Graphics (DPC,SPQR)

(/nix/store/q4gbqp2pph3mw2jp5kwg0zlhwwwh3hx8-texlive-combined-full-2024-final-t
exmfdist/tex/latex/graphics/graphics.sty
Package: graphics 2024/08/06 v1.4g Standard LaTeX Graphics (DPC,SPQR)

(/nix/store/q4gbqp2pph3mw2jp5kwg0zlhwwwh3hx8-texlive-combined-full-2024-final-t
exmfdist/tex/latex/graphics/trig.sty
Package: trig 2023/12/02 v1.11 sin cos tan (DPC)
)
(/nix/store/q4gbqp2pph3mw2jp5kwg0zlhwwwh3hx8-texlive-combined-full-2024-final-t
exmfdist/tex/latex/graphics-cfg/graphics.cfg
File: graphics.cfg 2016/06/04 v1.11 sample graphics configuration
)
Package graphics Info: Driver file: pdftex.def on input line 106.

(/nix/store/q4gbqp2pph3mw2jp5kwg0zlhwwwh3hx8-texlive-combined-full-2024-final-t
exmfdist/tex/latex/graphics-def/pdftex.def
File: pdftex.def 2024/04/13 v1.2c Graphics/color driver for pdftex
))
\Gin@req@height=\dimen144
\Gin@req@width=\dimen145
)
(/nix/store/q4gbqp2pph3mw2jp5kwg0zlhwwwh3hx8-texlive-combined-full-2024-final-t
exmfdist/tex/latex/pgf/systemlayer/pgfsys.sty
(/nix/store/q4gbqp2pph3mw2jp5kwg0zlhwwwh3hx8-texlive-combined-full-2024-final-t
exmfdist/tex/generic/pgf/systemlayer/pgfsys.code.tex
Package: pgfsys 2023-01-15 v3.1.10 (3.1.10)

(/nix/store/q4gbqp2pph3mw2jp5kwg0zlhwwwh3hx8-texlive-combined-full-2024-final-t
exmfdist/tex/generic/pgf/utilities/pgfkeys.code.tex
\pgfkeys@pathtoks=\toks20
\pgfkeys@temptoks=\toks21

(/nix/store/q4gbqp2pph3mw2jp5kwg0zlhwwwh3hx8-texlive-combined-full-2024-final-t
exmfdist/tex/generic/pgf/utilities/pgfkeyslibraryfiltered.code.tex
\pgfkeys@tmptoks=\toks22
))
\pgf@x=\dimen146
\pgf@y=\dimen147
\pgf@xa=\dimen148
\pgf@ya=\dimen149
\pgf@xb=\dimen150
\pgf@yb=\dimen151
\pgf@xc=\dimen152
\pgf@yc=\dimen153
\pgf@xd=\dimen154
\pgf@yd=\dimen155
\w@pgf@writea=\write3
\r@pgf@reada=\read2
\c@pgf@counta=\count273
\c@pgf@countb=\count274
\c@pgf@countc=\count275
\c@pgf@countd=\count276
\t@pgf@toka=\toks23
\t@pgf@tokb=\toks24
\t@pgf@tokc=\toks25
\pgf@sys@id@count=\count277

(/nix/store/q4gbqp2pph3mw2jp5kwg0zlhwwwh3hx8-texlive-combined-full-2024-final-t
exmfdist/tex/generic/pgf/systemlayer/pgf.cfg
File: pgf.cfg 2023-01-15 v3.1.10 (3.1.10)
)
Driver file for pgf: pgfsys-pdftex.def

(/nix/store/q4gbqp2pph3mw2jp5kwg0zlhwwwh3hx8-texlive-combined-full-2024-final-t
exmfdist/tex/generic/pgf/systemlayer/pgfsys-pdftex.def
File: pgfsys-pdftex.def 2023-01-15 v3.1.10 (3.1.10)

(/nix/store/q4gbqp2pph3mw2jp5kwg0zlhwwwh3hx8-texlive-combined-full-2024-final-t
exmfdist/tex/generic/pgf/systemlayer/pgfsys-common-pdf.def
File: pgfsys-common-pdf.def 2023-01-15 v3.1.10 (3.1.10)
)))
(/nix/store/q4gbqp2pph3mw2jp5kwg0zlhwwwh3hx8-texlive-combined-full-2024-final-t
exmfdist/tex/generic/pgf/systemlayer/pgfsyssoftpath.code.tex
File: pgfsyssoftpath.code.tex 2023-01-15 v3.1.10 (3.1.10)
\pgfsyssoftpath@smallbuffer@items=\count278
\pgfsyssoftpath@bigbuffer@items=\count279
)
(/nix/store/q4gbqp2pph3mw2jp5kwg0zlhwwwh3hx8-texlive-combined-full-2024-final-t
exmfdist/tex/generic/pgf/systemlayer/pgfsysprotocol.code.tex
File: pgfsysprotocol.code.tex 2023-01-15 v3.1.10 (3.1.10)
))
(/nix/store/q4gbqp2pph3mw2jp5kwg0zlhwwwh3hx8-texlive-combined-full-2024-final-t
exmfdist/tex/latex/xcolor/xcolor.sty
Package: xcolor 2024/09/29 v3.02 LaTeX color extensions (UK)

(/nix/store/q4gbqp2pph3mw2jp5kwg0zlhwwwh3hx8-texlive-combined-full-2024-final-t
exmfdist/tex/latex/graphics-cfg/color.cfg
File: color.cfg 2016/01/02 v1.6 sample color configuration
)
Package xcolor Info: Driver file: pdftex.def on input line 274.

(/nix/store/q4gbqp2pph3mw2jp5kwg0zlhwwwh3hx8-texlive-combined-full-2024-final-t
exmfdist/tex/latex/graphics/mathcolor.ltx)
Package xcolor Info: Model `cmy' substituted by `cmy0' on input line 1349.
Package xcolor Info: Model `hsb' substituted by `rgb' on input line 1353.
Package xcolor Info: Model `RGB' extended on input line 1365.
Package xcolor Info: Model `HTML' substituted by `rgb' on input line 1367.
Package xcolor Info: Model `Hsb' substituted by `hsb' on input line 1368.
Package xcolor Info: Model `tHsb' substituted by `hsb' on input line 1369.
Package xcolor Info: Model `HSB' substituted by `hsb' on input line 1370.
Package xcolor Info: Model `Gray' substituted by `gray' on input line 1371.
Package xcolor Info: Model `wave' substituted by `hsb' on input line 1372.
)
(/nix/store/q4gbqp2pph3mw2jp5kwg0zlhwwwh3hx8-texlive-combined-full-2024-final-t
exmfdist/tex/generic/pgf/basiclayer/pgfcore.code.tex
Package: pgfcore 2023-01-15 v3.1.10 (3.1.10)

(/nix/store/q4gbqp2pph3mw2jp5kwg0zlhwwwh3hx8-texlive-combined-full-2024-final-t
exmfdist/tex/generic/pgf/math/pgfmath.code.tex
(/nix/store/q4gbqp2pph3mw2jp5kwg0zlhwwwh3hx8-texlive-combined-full-2024-final-t
exmfdist/tex/generic/pgf/math/pgfmathutil.code.tex)
(/nix/store/q4gbqp2pph3mw2jp5kwg0zlhwwwh3hx8-texlive-combined-full-2024-final-t
exmfdist/tex/generic/pgf/math/pgfmathparser.code.tex
\pgfmath@dimen=\dimen156
\pgfmath@count=\count280
\pgfmath@box=\box53
\pgfmath@toks=\toks26
\pgfmath@stack@operand=\toks27
\pgfmath@stack@operation=\toks28
)
(/nix/store/q4gbqp2pph3mw2jp5kwg0zlhwwwh3hx8-texlive-combined-full-2024-final-t
exmfdist/tex/generic/pgf/math/pgfmathfunctions.code.tex)
(/nix/store/q4gbqp2pph3mw2jp5kwg0zlhwwwh3hx8-texlive-combined-full-2024-final-t
exmfdist/tex/generic/pgf/math/pgfmathfunctions.basic.code.tex)
(/nix/store/q4gbqp2pph3mw2jp5kwg0zlhwwwh3hx8-texlive-combined-full-2024-final-t
exmfdist/tex/generic/pgf/math/pgfmathfunctions.trigonometric.code.tex)
(/nix/store/q4gbqp2pph3mw2jp5kwg0zlhwwwh3hx8-texlive-combined-full-2024-final-t
exmfdist/tex/generic/pgf/math/pgfmathfunctions.random.code.tex)
(/nix/store/q4gbqp2pph3mw2jp5kwg0zlhwwwh3hx8-texlive-combined-full-2024-final-t
exmfdist/tex/generic/pgf/math/pgfmathfunctions.comparison.code.tex)
(/nix/store/q4gbqp2pph3mw2jp5kwg0zlhwwwh3hx8-texlive-combined-full-2024-final-t
exmfdist/tex/generic/pgf/math/pgfmathfunctions.base.code.tex)
(/nix/store/q4gbqp2pph3mw2jp5kwg0zlhwwwh3hx8-texlive-combined-full-2024-final-t
exmfdist/tex/generic/pgf/math/pgfmathfunctions.round.code.tex)
(/nix/store/q4gbqp2pph3mw2jp5kwg0zlhwwwh3hx8-texlive-combined-full-2024-final-t
exmfdist/tex/generic/pgf/math/pgfmathfunctions.misc.code.tex)
(/nix/store/q4gbqp2pph3mw2jp5kwg0zlhwwwh3hx8-texlive-combined-full-2024-final-t
exmfdist/tex/generic/pgf/math/pgfmathfunctions.integerarithmetics.code.tex)
(/nix/store/q4gbqp2pph3mw2jp5kwg0zlhwwwh3hx8-texlive-combined-full-2024-final-t
exmfdist/tex/generic/pgf/math/pgfmathcalc.code.tex)
(/nix/store/q4gbqp2pph3mw2jp5kwg0zlhwwwh3hx8-texlive-combined-full-2024-final-t
exmfdist/tex/generic/pgf/math/pgfmathfloat.code.tex
\c@pgfmathroundto@lastzeros=\count281
))
(/nix/store/q4gbqp2pph3mw2jp5kwg0zlhwwwh3hx8-texlive-combined-full-2024-final-t
exmfdist/tex/generic/pgf/math/pgfint.code.tex)
(/nix/store/q4gbqp2pph3mw2jp5kwg0zlhwwwh3hx8-texlive-combined-full-2024-final-t
exmfdist/tex/generic/pgf/basiclayer/pgfcorepoints.code.tex
File: pgfcorepoints.code.tex 2023-01-15 v3.1.10 (3.1.10)
\pgf@picminx=\dimen157
\pgf@picmaxx=\dimen158
\pgf@picminy=\dimen159
\pgf@picmaxy=\dimen160
\pgf@pathminx=\dimen161
\pgf@pathmaxx=\dimen162
\pgf@pathminy=\dimen163
\pgf@pathmaxy=\dimen164
\pgf@xx=\dimen165
\pgf@xy=\dimen166
\pgf@yx=\dimen167
\pgf@yy=\dimen168
\pgf@zx=\dimen169
\pgf@zy=\dimen170
)
(/nix/store/q4gbqp2pph3mw2jp5kwg0zlhwwwh3hx8-texlive-combined-full-2024-final-t
exmfdist/tex/generic/pgf/basiclayer/pgfcorepathconstruct.code.tex
File: pgfcorepathconstruct.code.tex 2023-01-15 v3.1.10 (3.1.10)
\pgf@path@lastx=\dimen171
\pgf@path@lasty=\dimen172
)
(/nix/store/q4gbqp2pph3mw2jp5kwg0zlhwwwh3hx8-texlive-combined-full-2024-final-t
exmfdist/tex/generic/pgf/basiclayer/pgfcorepathusage.code.tex
File: pgfcorepathusage.code.tex 2023-01-15 v3.1.10 (3.1.10)
\pgf@shorten@end@additional=\dimen173
\pgf@shorten@start@additional=\dimen174
)
(/nix/store/q4gbqp2pph3mw2jp5kwg0zlhwwwh3hx8-texlive-combined-full-2024-final-t
exmfdist/tex/generic/pgf/basiclayer/pgfcorescopes.code.tex
File: pgfcorescopes.code.tex 2023-01-15 v3.1.10 (3.1.10)
\pgfpic=\box54
\pgf@hbox=\box55
\pgf@layerbox@main=\box56
\pgf@picture@serial@count=\count282
)
(/nix/store/q4gbqp2pph3mw2jp5kwg0zlhwwwh3hx8-texlive-combined-full-2024-final-t
exmfdist/tex/generic/pgf/basiclayer/pgfcoregraphicstate.code.tex
File: pgfcoregraphicstate.code.tex 2023-01-15 v3.1.10 (3.1.10)
\pgflinewidth=\dimen175
)
(/nix/store/q4gbqp2pph3mw2jp5kwg0zlhwwwh3hx8-texlive-combined-full-2024-final-t
exmfdist/tex/generic/pgf/basiclayer/pgfcoretransformations.code.tex
File: pgfcoretransformations.code.tex 2023-01-15 v3.1.10 (3.1.10)
\pgf@pt@x=\dimen176
\pgf@pt@y=\dimen177
\pgf@pt@temp=\dimen178
)
(/nix/store/q4gbqp2pph3mw2jp5kwg0zlhwwwh3hx8-texlive-combined-full-2024-final-t
exmfdist/tex/generic/pgf/basiclayer/pgfcorequick.code.tex
File: pgfcorequick.code.tex 2023-01-15 v3.1.10 (3.1.10)
)
(/nix/store/q4gbqp2pph3mw2jp5kwg0zlhwwwh3hx8-texlive-combined-full-2024-final-t
exmfdist/tex/generic/pgf/basiclayer/pgfcoreobjects.code.tex
File: pgfcoreobjects.code.tex 2023-01-15 v3.1.10 (3.1.10)
)
(/nix/store/q4gbqp2pph3mw2jp5kwg0zlhwwwh3hx8-texlive-combined-full-2024-final-t
exmfdist/tex/generic/pgf/basiclayer/pgfcorepathprocessing.code.tex
File: pgfcorepathprocessing.code.tex 2023-01-15 v3.1.10 (3.1.10)
)
(/nix/store/q4gbqp2pph3mw2jp5kwg0zlhwwwh3hx8-texlive-combined-full-2024-final-t
exmfdist/tex/generic/pgf/basiclayer/pgfcorearrows.code.tex
File: pgfcorearrows.code.tex 2023-01-15 v3.1.10 (3.1.10)
\pgfarrowsep=\dimen179
)
(/nix/store/q4gbqp2pph3mw2jp5kwg0zlhwwwh3hx8-texlive-combined-full-2024-final-t
exmfdist/tex/generic/pgf/basiclayer/pgfcoreshade.code.tex
File: pgfcoreshade.code.tex 2023-01-15 v3.1.10 (3.1.10)
\pgf@max=\dimen180
\pgf@sys@shading@range@num=\count283
\pgf@shadingcount=\count284
)
(/nix/store/q4gbqp2pph3mw2jp5kwg0zlhwwwh3hx8-texlive-combined-full-2024-final-t
exmfdist/tex/generic/pgf/basiclayer/pgfcoreimage.code.tex
File: pgfcoreimage.code.tex 2023-01-15 v3.1.10 (3.1.10)
)
(/nix/store/q4gbqp2pph3mw2jp5kwg0zlhwwwh3hx8-texlive-combined-full-2024-final-t
exmfdist/tex/generic/pgf/basiclayer/pgfcoreexternal.code.tex
File: pgfcoreexternal.code.tex 2023-01-15 v3.1.10 (3.1.10)
\pgfexternal@startupbox=\box57
)
(/nix/store/q4gbqp2pph3mw2jp5kwg0zlhwwwh3hx8-texlive-combined-full-2024-final-t
exmfdist/tex/generic/pgf/basiclayer/pgfcorelayers.code.tex
File: pgfcorelayers.code.tex 2023-01-15 v3.1.10 (3.1.10)
)
(/nix/store/q4gbqp2pph3mw2jp5kwg0zlhwwwh3hx8-texlive-combined-full-2024-final-t
exmfdist/tex/generic/pgf/basiclayer/pgfcoretransparency.code.tex
File: pgfcoretransparency.code.tex 2023-01-15 v3.1.10 (3.1.10)
)
(/nix/store/q4gbqp2pph3mw2jp5kwg0zlhwwwh3hx8-texlive-combined-full-2024-final-t
exmfdist/tex/generic/pgf/basiclayer/pgfcorepatterns.code.tex
File: pgfcorepatterns.code.tex 2023-01-15 v3.1.10 (3.1.10)
)
(/nix/store/q4gbqp2pph3mw2jp5kwg0zlhwwwh3hx8-texlive-combined-full-2024-final-t
exmfdist/tex/generic/pgf/basiclayer/pgfcorerdf.code.tex
File: pgfcorerdf.code.tex 2023-01-15 v3.1.10 (3.1.10)
)))
(/nix/store/q4gbqp2pph3mw2jp5kwg0zlhwwwh3hx8-texlive-combined-full-2024-final-t
exmfdist/tex/generic/pgf/modules/pgfmoduleshapes.code.tex
File: pgfmoduleshapes.code.tex 2023-01-15 v3.1.10 (3.1.10)
\pgfnodeparttextbox=\box58
)
(/nix/store/q4gbqp2pph3mw2jp5kwg0zlhwwwh3hx8-texlive-combined-full-2024-final-t
exmfdist/tex/generic/pgf/modules/pgfmoduleplot.code.tex
File: pgfmoduleplot.code.tex 2023-01-15 v3.1.10 (3.1.10)
)
(/nix/store/q4gbqp2pph3mw2jp5kwg0zlhwwwh3hx8-texlive-combined-full-2024-final-t
exmfdist/tex/latex/pgf/compatibility/pgfcomp-version-0-65.sty
Package: pgfcomp-version-0-65 2023-01-15 v3.1.10 (3.1.10)
\pgf@nodesepstart=\dimen181
\pgf@nodesepend=\dimen182
)
(/nix/store/q4gbqp2pph3mw2jp5kwg0zlhwwwh3hx8-texlive-combined-full-2024-final-t
exmfdist/tex/latex/pgf/compatibility/pgfcomp-version-1-18.sty
Package: pgfcomp-version-1-18 2023-01-15 v3.1.10 (3.1.10)
))
(/nix/store/q4gbqp2pph3mw2jp5kwg0zlhwwwh3hx8-texlive-combined-full-2024-final-t
exmfdist/tex/latex/pgf/utilities/pgffor.sty
(/nix/store/q4gbqp2pph3mw2jp5kwg0zlhwwwh3hx8-texlive-combined-full-2024-final-t
exmfdist/tex/latex/pgf/utilities/pgfkeys.sty
(/nix/store/q4gbqp2pph3mw2jp5kwg0zlhwwwh3hx8-texlive-combined-full-2024-final-t
exmfdist/tex/generic/pgf/utilities/pgfkeys.code.tex))
(/nix/store/q4gbqp2pph3mw2jp5kwg0zlhwwwh3hx8-texlive-combined-full-2024-final-t
exmfdist/tex/latex/pgf/math/pgfmath.sty
(/nix/store/q4gbqp2pph3mw2jp5kwg0zlhwwwh3hx8-texlive-combined-full-2024-final-t
exmfdist/tex/generic/pgf/math/pgfmath.code.tex))
(/nix/store/q4gbqp2pph3mw2jp5kwg0zlhwwwh3hx8-texlive-combined-full-2024-final-t
exmfdist/tex/generic/pgf/utilities/pgffor.code.tex
Package: pgffor 2023-01-15 v3.1.10 (3.1.10)
\pgffor@iter=\dimen183
\pgffor@skip=\dimen184
\pgffor@stack=\toks29
\pgffor@toks=\toks30
))
(/nix/store/q4gbqp2pph3mw2jp5kwg0zlhwwwh3hx8-texlive-combined-full-2024-final-t
exmfdist/tex/generic/pgf/frontendlayer/tikz/tikz.code.tex
Package: tikz 2023-01-15 v3.1.10 (3.1.10)

(/nix/store/q4gbqp2pph3mw2jp5kwg0zlhwwwh3hx8-texlive-combined-full-2024-final-t
exmfdist/tex/generic/pgf/libraries/pgflibraryplothandlers.code.tex
File: pgflibraryplothandlers.code.tex 2023-01-15 v3.1.10 (3.1.10)
\pgf@plot@mark@count=\count285
\pgfplotmarksize=\dimen185
)
\tikz@lastx=\dimen186
\tikz@lasty=\dimen187
\tikz@lastxsaved=\dimen188
\tikz@lastysaved=\dimen189
\tikz@lastmovetox=\dimen190
\tikz@lastmovetoy=\dimen191
\tikzleveldistance=\dimen192
\tikzsiblingdistance=\dimen193
\tikz@figbox=\box59
\tikz@figbox@bg=\box60
\tikz@tempbox=\box61
\tikz@tempbox@bg=\box62
\tikztreelevel=\count286
\tikznumberofchildren=\count287
\tikznumberofcurrentchild=\count288
\tikz@fig@count=\count289

(/nix/store/q4gbqp2pph3mw2jp5kwg0zlhwwwh3hx8-texlive-combined-full-2024-final-t
exmfdist/tex/generic/pgf/modules/pgfmodulematrix.code.tex
File: pgfmodulematrix.code.tex 2023-01-15 v3.1.10 (3.1.10)
\pgfmatrixcurrentrow=\count290
\pgfmatrixcurrentcolumn=\count291
\pgf@matrix@numberofcolumns=\count292
)
\tikz@expandcount=\count293

(/nix/store/q4gbqp2pph3mw2jp5kwg0zlhwwwh3hx8-texlive-combined-full-2024-final-t
exmfdist/tex/generic/pgf/frontendlayer/tikz/libraries/tikzlibrarytopaths.code.t
ex
File: tikzlibrarytopaths.code.tex 2023-01-15 v3.1.10 (3.1.10)
)))
\sa@box=\box63
)
(/nix/store/q4gbqp2pph3mw2jp5kwg0zlhwwwh3hx8-texlive-combined-full-2024-final-t
exmfdist/tex/generic/pgf/frontendlayer/tikz/libraries/tikzlibraryshapes.geometr
ic.code.tex
File: tikzlibraryshapes.geometric.code.tex 2023-01-15 v3.1.10 (3.1.10)

(/nix/store/q4gbqp2pph3mw2jp5kwg0zlhwwwh3hx8-texlive-combined-full-2024-final-t
exmfdist/tex/generic/pgf/libraries/shapes/pgflibraryshapes.geometric.code.tex
File: pgflibraryshapes.geometric.code.tex 2023-01-15 v3.1.10 (3.1.10)
))
(/nix/store/q4gbqp2pph3mw2jp5kwg0zlhwwwh3hx8-texlive-combined-full-2024-final-t
exmfdist/tex/generic/pgf/libraries/pgflibraryarrows.meta.code.tex
File: pgflibraryarrows.meta.code.tex 2023-01-15 v3.1.10 (3.1.10)
\pgfarrowinset=\dimen194
\pgfarrowlength=\dimen195
\pgfarrowwidth=\dimen196
\pgfarrowlinewidth=\dimen197
)
(/nix/store/q4gbqp2pph3mw2jp5kwg0zlhwwwh3hx8-texlive-combined-full-2024-final-t
exmfdist/tex/generic/pgf/frontendlayer/tikz/libraries/tikzlibrarypositioning.co
de.tex
File: tikzlibrarypositioning.code.tex 2023-01-15 v3.1.10 (3.1.10)
)
(/nix/store/q4gbqp2pph3mw2jp5kwg0zlhwwwh3hx8-texlive-combined-full-2024-final-t
exmfdist/tex/generic/pgf/frontendlayer/tikz/libraries/tikzlibraryfit.code.tex
File: tikzlibraryfit.code.tex 2023-01-15 v3.1.10 (3.1.10)
)
(/nix/store/q4gbqp2pph3mw2jp5kwg0zlhwwwh3hx8-texlive-combined-full-2024-final-t
exmfdist/tex/generic/pgf/frontendlayer/tikz/libraries/tikzlibrarybackgrounds.co
de.tex
File: tikzlibrarybackgrounds.code.tex 2023-01-15 v3.1.10 (3.1.10)
\pgf@layerbox@background=\box64
\pgf@layerboxsaved@background=\box65
)
(/nix/store/q4gbqp2pph3mw2jp5kwg0zlhwwwh3hx8-texlive-combined-full-2024-final-t
exmfdist/tex/generic/pgf/frontendlayer/tikz/libraries/tikzlibraryshadows.code.t
ex
File: tikzlibraryshadows.code.tex 2023-01-15 v3.1.10 (3.1.10)

(/nix/store/q4gbqp2pph3mw2jp5kwg0zlhwwwh3hx8-texlive-combined-full-2024-final-t
exmfdist/tex/generic/pgf/frontendlayer/tikz/libraries/tikzlibraryfadings.code.t
ex
File: tikzlibraryfadings.code.tex 2023-01-15 v3.1.10 (3.1.10)

(/nix/store/q4gbqp2pph3mw2jp5kwg0zlhwwwh3hx8-texlive-combined-full-2024-final-t
exmfdist/tex/generic/pgf/libraries/pgflibraryfadings.code.tex
File: pgflibraryfadings.code.tex 2023-01-15 v3.1.10 (3.1.10)
)))
(/nix/store/q4gbqp2pph3mw2jp5kwg0zlhwwwh3hx8-texlive-combined-full-2024-final-t
exmfdist/tex/generic/pgf/frontendlayer/tikz/libraries/tikzlibrarydecorations.pa
thmorphing.code.tex
(/nix/store/q4gbqp2pph3mw2jp5kwg0zlhwwwh3hx8-texlive-combined-full-2024-final-t
exmfdist/tex/generic/pgf/frontendlayer/tikz/libraries/tikzlibrarydecorations.co
de.tex
(/nix/store/q4gbqp2pph3mw2jp5kwg0zlhwwwh3hx8-texlive-combined-full-2024-final-t
exmfdist/tex/generic/pgf/modules/pgfmoduledecorations.code.tex
\pgfdecoratedcompleteddistance=\dimen198
\pgfdecoratedremainingdistance=\dimen199
\pgfdecoratedinputsegmentcompleteddistance=\dimen256
\pgfdecoratedinputsegmentremainingdistance=\dimen257
\pgf@decorate@distancetomove=\dimen258
\pgf@decorate@repeatstate=\count294
\pgfdecorationsegmentamplitude=\dimen259
\pgfdecorationsegmentlength=\dimen260
)
\tikz@lib@dec@box=\box66
)
(/nix/store/q4gbqp2pph3mw2jp5kwg0zlhwwwh3hx8-texlive-combined-full-2024-final-t
exmfdist/tex/generic/pgf/libraries/decorations/pgflibrarydecorations.pathmorphi
ng.code.tex))
(/nix/store/q4gbqp2pph3mw2jp5kwg0zlhwwwh3hx8-texlive-combined-full-2024-final-t
exmfdist/tex/latex/l3backend/l3backend-pdftex.def
File: l3backend-pdftex.def 2024-05-08 L3 backend support: PDF output (pdfTeX)
\l__color_backend_stack_int=\count295
\l__pdf_internal_box=\box67
)
(./quantum_microservices_architecture.aux)
\openout1 = `quantum_microservices_architecture.aux'.

LaTeX Font Info:    Checking defaults for OML/cmm/m/it on input line 5.
LaTeX Font Info:    ... okay on input line 5.
LaTeX Font Info:    Checking defaults for OMS/cmsy/m/n on input line 5.
LaTeX Font Info:    ... okay on input line 5.
LaTeX Font Info:    Checking defaults for OT1/cmr/m/n on input line 5.
LaTeX Font Info:    ... okay on input line 5.
LaTeX Font Info:    Checking defaults for T1/cmr/m/n on input line 5.
LaTeX Font Info:    ... okay on input line 5.
LaTeX Font Info:    Checking defaults for TS1/cmr/m/n on input line 5.
LaTeX Font Info:    ... okay on input line 5.
LaTeX Font Info:    Checking defaults for OMX/cmex/m/n on input line 5.
LaTeX Font Info:    ... okay on input line 5.
LaTeX Font Info:    Checking defaults for U/cmr/m/n on input line 5.
LaTeX Font Info:    ... okay on input line 5.

(/nix/store/q4gbqp2pph3mw2jp5kwg0zlhwwwh3hx8-texlive-combined-full-2024-final-t
exmfdist/tex/context/base/mkii/supp-pdf.mkii
[Loading MPS to PDF converter (version 2006.09.02).]
\scratchcounter=\count296
\scratchdimen=\dimen261
\scratchbox=\box68
\nofMPsegments=\count297
\nofMParguments=\count298
\everyMPshowfont=\toks31
\MPscratchCnt=\count299
\MPscratchDim=\dimen262
\MPnumerator=\count300
\makeMPintoPDFobject=\count301
\everyMPtoPDFconversion=\toks32
)
(/nix/store/q4gbqp2pph3mw2jp5kwg0zlhwwwh3hx8-texlive-combined-full-2024-final-t
exmfdist/tex/latex/epstopdf-pkg/epstopdf-base.sty
Package: epstopdf-base 2020-01-24 v2.11 Base part for package epstopdf
Package epstopdf-base Info: Redefining graphics rule for `.eps' on input line 4
85.

(/nix/store/q4gbqp2pph3mw2jp5kwg0zlhwwwh3hx8-texlive-combined-full-2024-final-t
exmfdist/tex/latex/latexconfig/epstopdf-sys.cfg
File: epstopdf-sys.cfg 2010/07/13 v1.3 Configuration of (r)epstopdf for TeX Liv
e
))
LaTeX Font Info:    External font `cmex10' loaded for size
(Font)              <8> on input line 183.
LaTeX Font Info:    External font `cmex10' loaded for size
(Font)              <6> on input line 183.
LaTeX Font Info:    External font `cmex10' loaded for size
(Font)              <5> on input line 183.


[1


Non-PDF special ignored!
<special> papersize=1035.39227pt,903.37633pt
{/nix/store/w5jd5nxqccmd8wx3dfna0b41lsy0fkzg-texlive-combined-full-2024-final/s
hare/texmf-var/fonts/map/pdftex/updmap/pdftex.map}]
(./quantum_microservices_architecture.aux)
 ***********
LaTeX2e <2024-11-01> patch level 2
L3 programming layer <2025-01-18>
 ***********
 ) 
Here is how much of TeX's memory you used:
 14431 strings out of 473201
 326723 string characters out of 5689025
 919053 words of memory out of 5000000
 37440 multiletter control sequences out of 15000+600000
 561872 words of font info for 46 fonts, out of 8000000 for 9000
 1141 hyphenation exceptions out of 8191
 117i,10n,121p,436b,875s stack positions out of 10000i,1000n,20000p,200000b,200000s
</nix/store/q4gbqp2pph3mw2jp5kwg0zlhwwwh3hx8-texlive-combined-full-2024-final
-texmfdist/fonts/type1/public/amsfonts/cm/cmbx12.pfb></nix/store/q4gbqp2pph3mw2
jp5kwg0zlhwwwh3hx8-texlive-combined-full-2024-final-texmfdist/fonts/type1/publi
c/amsfonts/cm/cmbx9.pfb></nix/store/q4gbqp2pph3mw2jp5kwg0zlhwwwh3hx8-texlive-co
mbined-full-2024-final-texmfdist/fonts/type1/public/amsfonts/cm/cmr8.pfb>
Output written on quantum_microservices_architecture.pdf (1 page, 75706 bytes).

PDF statistics:
 50 PDF objects out of 1000 (max. 8388607)
 24 compressed objects within 1 object stream
 0 named destinations out of 1000 (max. 500000)
 109 words of extra memory for PDF output out of 10000 (max. 10000000)

